22/06/27 20:36:44 590 [debug]: 20:36:44
22/06/27 20:38:31 436 [debug]: 20:38:31
22/06/27 20:38:31 438 [debug]: 20:38:36
22/06/27 20:38:43 624 [debug]: 20:38:43
22/06/27 20:38:43 625 [debug]: 20:38:48
22/06/27 20:40:00 189 [debug]: 20:40:00
22/06/27 20:40:00 190 [debug]: 20:40:05
22/06/27 20:40:05 190 [debug]: 5초 후 예약된 작업이 수행되었습니다.
22/06/27 20:40:53 024 [debug]: 20:40:53
22/06/27 20:40:53 026 [debug]: 20:40:58
22/06/27 20:40:53 044 [info]: 20:40:58 에 작업이 예약되었습니다.
22/06/27 20:40:58 028 [debug]: 5초 후 예약된 작업이 수행되었습니다.
22/06/27 20:41:04 537 [debug]: 20:41:04
22/06/27 20:41:04 539 [debug]: 20:41:09
22/06/27 20:41:04 556 [info]: 20:41:09 에 작업이 예약되었습니다.
22/06/27 20:41:09 540 [debug]: 5초 후 예약된 작업이 수행되었습니다.
22/06/27 20:41:34 594 [debug]: 20:41:34
22/06/27 20:41:34 597 [debug]: 20:41:39
22/06/27 20:41:34 597 [info]: 20:41:39 에 작업이 예약되었습니다.
22/06/27 20:48:10 006 [debug]: [rule1] 매분 10초 마다 수행
22/06/27 20:49:10 003 [debug]: [rule1] 매분 10초 마다 수행
22/06/27 20:54:05 012 [debug]: [rule2] 매시간 54분 5초 마다 수행
22/06/27 20:54:10 006 [debug]: [rule1] 매분 10초 마다 수행
22/06/27 20:55:10 006 [debug]: [rule1] 매분 10초 마다 수행
22/06/27 21:02:10 008 [debug]: [rule1] 매분 10초 마다 수행
22/06/27 21:03:10 010 [debug]: [rule1] 매분 10초 마다 수행
22/06/27 21:04:10 005 [debug]: [rule1] 매분 10초 마다 수행
22/06/27 21:05:10 004 [debug]: [rule1] 매분 10초 마다 수행
22/06/27 21:06:10 008 [debug]: [rule1] 매분 10초 마다 수행
22/06/27 21:08:10 013 [debug]: [rule3] 매일 21시 8분 10초 마다 수행
22/06/27 21:08:10 017 [debug]: [rule1] 매분 10초 마다 수행
22/06/27 21:11:38 319 [info]: 예약작업이 설정되었습니다.
22/06/27 21:13:56 118 [info]: 예약작업이 설정되었습니다.
22/06/27 21:14:10 007 [debug]: [rule1] 매분 10초 마다 수행
22/06/27 21:15:10 007 [debug]: [rule1] 매분 10초 마다 수행
22/06/27 21:15:53 057 [info]: 예약작업이 설정되었습니다.
22/06/27 21:16:10 008 [debug]: [rule1] 매분 10초 마다 수행
22/06/27 21:16:38 858 [info]: 예약작업이 설정되었습니다.
22/06/27 21:17:05 007 [debug]: [rule4] 매 주 월~토, 매 분 5초 마다 실행
22/06/27 21:17:10 009 [debug]: [rule1] 매분 10초 마다 수행
22/06/27 21:18:05 009 [debug]: [rule4] 매 주 월~토, 매 분 5초 마다 실행
22/06/27 21:18:10 004 [debug]: [rule1] 매분 10초 마다 수행
22/06/27 21:27:00 005 [debug]: 1분에 한번씩 수행
22/06/27 21:28:19 748 [info]: 예약작업이 설정되었습니다.
22/06/27 21:29:00 008 [debug]: 1분에 한번씩 수행
22/06/27 21:30:00 006 [debug]: 1분에 한번씩 수행
22/06/27 21:30:00 011 [debug]: 2분마다 한번씩 수행
22/06/27 21:31:00 007 [debug]: 1분에 한번씩 수행
22/06/27 21:32:00 004 [debug]: 1분에 한번씩 수행
22/06/27 21:32:00 010 [debug]: 2분마다 한번씩 수행
