22/07/08 10:25:44 694 [debug]: -----------------------------------
22/07/08 10:25:44 697 [debug]: |       Start Express Server      |
22/07/08 10:25:44 697 [debug]: -----------------------------------
22/07/08 10:25:44 698 [debug]: server address => http://192.168.10.103:3001
22/07/08 10:25:44 698 [debug]: - - - - - - - - - - - - - - - - - -
22/07/08 10:26:41 377 [debug]: -----------------------------------
22/07/08 10:26:41 379 [debug]: |       Start Express Server      |
22/07/08 10:26:41 380 [debug]: -----------------------------------
22/07/08 10:26:41 380 [debug]: server address => http://192.168.10.103:3001
22/07/08 10:26:41 381 [debug]: - - - - - - - - - - - - - - - - - -
22/07/08 10:28:22 380 [debug]: -----------------------------------
22/07/08 10:28:22 382 [debug]: |       Start Express Server      |
22/07/08 10:28:22 383 [debug]: -----------------------------------
22/07/08 10:28:22 383 [debug]: server address => http://192.168.10.103:3001
22/07/08 10:28:22 384 [debug]: - - - - - - - - - - - - - - - - - -
22/07/08 10:28:27 587 [debug]: -----------------------------------
22/07/08 10:28:27 589 [debug]: |       Start Express Server      |
22/07/08 10:28:27 590 [debug]: -----------------------------------
22/07/08 10:28:27 590 [debug]: server address => http://192.168.10.103:3001
22/07/08 10:28:27 590 [debug]: - - - - - - - - - - - - - - - - - -
22/07/08 10:30:39 891 [debug]: -----------------------------------
22/07/08 10:30:39 893 [debug]: |       Start Express Server      |
22/07/08 10:30:39 893 [debug]: -----------------------------------
22/07/08 10:30:39 894 [debug]: server address => http://192.168.10.103:3001
22/07/08 10:30:39 894 [debug]: - - - - - - - - - - - - - - - - - -
22/07/08 10:38:10 352 [debug]: -----------------------------------
22/07/08 10:38:10 354 [debug]: |       Start Express Server      |
22/07/08 10:38:10 355 [debug]: -----------------------------------
22/07/08 10:38:10 355 [debug]: server address => http://192.168.10.103:3001
22/07/08 10:38:10 355 [debug]: - - - - - - - - - - - - - - - - - -
22/07/08 10:38:23 955 [debug]: -----------------------------------
22/07/08 10:38:23 958 [debug]: |       Start Express Server      |
22/07/08 10:38:23 958 [debug]: -----------------------------------
22/07/08 10:38:23 959 [debug]: server address => http://192.168.10.103:3001
22/07/08 10:38:23 959 [debug]: - - - - - - - - - - - - - - - - - -
22/07/08 10:38:39 812 [debug]: -----------------------------------
22/07/08 10:38:39 814 [debug]: |       Start Express Server      |
22/07/08 10:38:39 815 [debug]: -----------------------------------
22/07/08 10:38:39 815 [debug]: server address => http://192.168.10.103:3001
22/07/08 10:38:39 816 [debug]: - - - - - - - - - - - - - - - - - -
22/07/08 10:39:00 284 [debug]: -----------------------------------
22/07/08 10:39:00 287 [debug]: |       Start Express Server      |
22/07/08 10:39:00 287 [debug]: -----------------------------------
22/07/08 10:39:00 288 [debug]: server address => http://192.168.10.103:3001
22/07/08 10:39:00 288 [debug]: - - - - - - - - - - - - - - - - - -
22/07/08 10:39:30 350 [debug]: -----------------------------------
22/07/08 10:39:30 352 [debug]: |       Start Express Server      |
22/07/08 10:39:30 353 [debug]: -----------------------------------
22/07/08 10:39:30 353 [debug]: server address => http://192.168.10.103:3001
22/07/08 10:39:30 354 [debug]: - - - - - - - - - - - - - - - - - -
22/07/08 10:39:33 216 [info]: Database Pool is closed
22/07/08 14:16:12 033 [debug]: -----------------------------------
22/07/08 14:16:12 035 [debug]: |       Start Express Server      |
22/07/08 14:16:12 036 [debug]: -----------------------------------
22/07/08 14:16:12 036 [debug]: server address => http://192.168.10.103:3001
22/07/08 14:16:12 036 [debug]: - - - - - - - - - - - - - - - - - -
22/07/08 14:17:05 606 [debug]: -----------------------------------
22/07/08 14:17:05 609 [debug]: |       Start Express Server      |
22/07/08 14:17:05 609 [debug]: -----------------------------------
22/07/08 14:17:05 609 [debug]: server address => http://192.168.10.103:3001
22/07/08 14:17:05 610 [debug]: - - - - - - - - - - - - - - - - - -
22/07/08 14:17:26 692 [info]: Database Pool is closed
