22/06/28 08:29:16 909 [error]: error 메세지 입니다. (1수준)
22/06/28 08:29:16 911 [warn]: warn 메세지 입니다. (2수준)
22/06/28 08:29:16 912 [info]: info 메세지 입니다. (3수준)
22/06/28 08:29:16 912 [verbose]: verbose 메세지 입니다. (4수준)
22/06/28 08:29:16 912 [debug]: debug 메세지 입니다. (5수준)
22/06/28 09:25:45 682 [error]: error 메세지 입니다.
22/06/28 09:25:45 684 [warn]: warn 메세지 입니다.
22/06/28 09:25:45 684 [info]: info 메세지 입니다.
22/06/28 09:25:45 685 [debug]: debug 메세지 입니다.
22/06/28 09:25:45 685 [verbose]: verbose 메세지 입니다.
22/06/28 20:19:17 261 [error]: error 메세지 입니다.
22/06/28 20:19:17 263 [warn]: warn 메세지 입니다.
22/06/28 20:19:17 271 [info]: info 메세지 입니다.
22/06/28 20:19:17 271 [debug]: debug 메세지 입니다.
22/06/28 20:19:17 272 [verbose]: verbose 메세지 입니다.
22/06/28 20:19:51 714 [error]: error 메세지 입니다. (1수준)
22/06/28 20:19:51 716 [warn]: warn 메세지 입니다. (2수준)
22/06/28 20:19:51 716 [info]: info 메세지 입니다. (3수준)
22/06/28 20:19:51 716 [verbose]: verbose 메세지 입니다. (4수준)
22/06/28 20:19:51 717 [debug]: debug 메세지 입니다. (5수준)
