22/07/05 10:07:22 935 [debug]: -----------------------------------
22/07/05 10:07:22 938 [debug]: |       Start Express Server      |
22/07/05 10:07:22 938 [debug]: -----------------------------------
22/07/05 10:07:22 938 [debug]: server address => http://192.168.10.103:3001
22/07/05 10:07:22 939 [debug]: - - - - - - - - - - - - - - - - - -
22/07/05 10:07:48 850 [debug]: 클라이언트가 접속했습니다.
22/07/05 10:07:48 850 [debug]: [Client] ::ffff:127.0.0.1 / macOS Mojave / Chrome / Apple Mac
22/07/05 10:07:48 851 [debug]: [GET] http://127.0.0.1:3001/public/07_upload_multi.html
22/07/05 10:07:48 861 [debug]: 클라이언트의 접속이 종료되었습니다. ::: [runtime] 11ms
22/07/05 10:07:48 861 [debug]: - - - - - - - - - - - - - - - - - - - - - - - - - -
22/07/05 10:07:55 553 [debug]: 클라이언트가 접속했습니다.
22/07/05 10:07:55 554 [debug]: [Client] ::ffff:127.0.0.1 / macOS Mojave / Chrome / Apple Mac
22/07/05 10:07:55 554 [debug]: [GET] http://127.0.0.1:3001/07_upload_multi.html
22/07/05 10:07:55 558 [debug]: 클라이언트의 접속이 종료되었습니다. ::: [runtime] 4ms
22/07/05 10:07:55 558 [debug]: - - - - - - - - - - - - - - - - - - - - - - - - - -
22/07/05 10:09:03 268 [debug]: 클라이언트가 접속했습니다.
22/07/05 10:09:03 269 [debug]: [Client] ::ffff:127.0.0.1 / macOS Mojave / Chrome / Apple Mac
22/07/05 10:09:03 269 [debug]: [POST] http://127.0.0.1:3001/upload/multiple
22/07/05 10:09:03 290 [debug]: 클라이언트의 접속이 종료되었습니다. ::: [runtime] 21ms
22/07/05 10:09:03 290 [debug]: - - - - - - - - - - - - - - - - - - - - - - - - - -
22/07/05 10:09:55 335 [debug]: 클라이언트가 접속했습니다.
22/07/05 10:09:55 336 [debug]: [Client] ::ffff:127.0.0.1 / macOS Mojave / Chrome / Apple Mac
22/07/05 10:09:55 337 [debug]: [POST] http://127.0.0.1:3001/upload/multiple
22/07/05 10:09:55 356 [debug]: 클라이언트의 접속이 종료되었습니다. ::: [runtime] 20ms
22/07/05 10:09:55 356 [debug]: - - - - - - - - - - - - - - - - - - - - - - - - - -
22/07/05 10:09:56 236 [debug]: 클라이언트가 접속했습니다.
22/07/05 10:09:56 236 [debug]: [Client] ::ffff:127.0.0.1 / macOS Mojave / Chrome / Apple Mac
22/07/05 10:09:56 237 [debug]: [GET] http://127.0.0.1:3001/favicon.ico
22/07/05 10:09:56 908 [debug]: 클라이언트의 접속이 종료되었습니다. ::: [runtime] 672ms
22/07/05 10:09:56 908 [debug]: - - - - - - - - - - - - - - - - - - - - - - - - - -
22/07/05 10:09:56 958 [debug]: 클라이언트가 접속했습니다.
22/07/05 10:09:56 959 [debug]: [Client] ::ffff:127.0.0.1 / macOS Mojave / Chrome / Apple Mac
22/07/05 10:09:56 959 [debug]: [GET] http://127.0.0.1:3001/favicon.ico
22/07/05 10:09:56 965 [debug]: 클라이언트의 접속이 종료되었습니다. ::: [runtime] 6ms
22/07/05 10:09:56 965 [debug]: - - - - - - - - - - - - - - - - - - - - - - - - - -
22/07/05 10:24:18 652 [debug]: -----------------------------------
22/07/05 10:24:18 655 [debug]: |       Start Express Server      |
22/07/05 10:24:18 655 [debug]: -----------------------------------
22/07/05 10:24:18 656 [debug]: server address => http://192.168.10.103:3001
22/07/05 10:24:18 656 [debug]: - - - - - - - - - - - - - - - - - -
22/07/05 10:38:39 453 [debug]: -----------------------------------
22/07/05 10:38:39 457 [debug]: |       Start Express Server      |
22/07/05 10:38:39 457 [debug]: -----------------------------------
22/07/05 10:38:39 458 [debug]: server address => http://192.168.10.103:3001
22/07/05 10:38:39 458 [debug]: - - - - - - - - - - - - - - - - - -
22/07/05 10:38:45 737 [debug]: 클라이언트가 접속했습니다.
22/07/05 10:38:45 737 [debug]: [Client] ::ffff:127.0.0.1 / unknown / insomnia / unknown
22/07/05 10:38:45 738 [debug]: [POST] http://localhost:3001/page1
22/07/05 10:38:45 757 [debug]: 클라이언트의 접속이 종료되었습니다. ::: [runtime] 20ms
22/07/05 10:38:45 757 [debug]: - - - - - - - - - - - - - - - - - - - - - - - - - -
22/07/05 10:38:51 706 [debug]: 클라이언트가 접속했습니다.
22/07/05 10:38:51 706 [debug]: [Client] ::ffff:127.0.0.1 / unknown / insomnia / unknown
22/07/05 10:38:51 706 [debug]: [GET] http://localhost:3001/page1
22/07/05 10:38:51 711 [debug]: 클라이언트의 접속이 종료되었습니다. ::: [runtime] 5ms
22/07/05 10:38:51 711 [debug]: - - - - - - - - - - - - - - - - - - - - - - - - - -
22/07/05 10:39:16 165 [debug]: 클라이언트가 접속했습니다.
22/07/05 10:39:16 166 [debug]: [Client] ::ffff:127.0.0.1 / unknown / insomnia / unknown
22/07/05 10:39:16 166 [debug]: [GET] http://localhost:3001/page2
22/07/05 10:39:16 168 [debug]: 클라이언트의 접속이 종료되었습니다. ::: [runtime] 2ms
22/07/05 10:39:16 168 [debug]: - - - - - - - - - - - - - - - - - - - - - - - - - -
22/07/05 10:39:18 714 [debug]: 클라이언트가 접속했습니다.
22/07/05 10:39:18 714 [debug]: [Client] ::ffff:127.0.0.1 / unknown / insomnia / unknown
22/07/05 10:39:18 714 [debug]: [GET] http://localhost:3001/page3
22/07/05 10:39:18 717 [debug]: 클라이언트의 접속이 종료되었습니다. ::: [runtime] 3ms
22/07/05 10:39:18 717 [debug]: - - - - - - - - - - - - - - - - - - - - - - - - - -
22/07/05 10:39:32 003 [debug]: 클라이언트가 접속했습니다.
22/07/05 10:39:32 003 [debug]: [Client] ::ffff:127.0.0.1 / unknown / insomnia / unknown
22/07/05 10:39:32 004 [debug]: [GET] http://localhost:3001/send_get
22/07/05 10:39:32 005 [debug]: [프론트엔드로부터 전달 받은 GET 파라미터]
22/07/05 10:39:32 005 [debug]: 클라이언트의 접속이 종료되었습니다. ::: [runtime] 2ms
22/07/05 10:39:32 006 [debug]: - - - - - - - - - - - - - - - - - - - - - - - - - -
22/07/05 10:39:52 162 [debug]: 클라이언트가 접속했습니다.
22/07/05 10:39:52 163 [debug]: [Client] ::ffff:127.0.0.1 / unknown / insomnia / unknown
22/07/05 10:39:52 163 [debug]: [GET] http://localhost:3001/send_get
22/07/05 10:39:52 165 [debug]: [프론트엔드로부터 전달 받은 GET 파라미터]
22/07/05 10:39:52 166 [debug]: 클라이언트의 접속이 종료되었습니다. ::: [runtime] 3ms
22/07/05 10:39:52 166 [debug]: - - - - - - - - - - - - - - - - - - - - - - - - - -
22/07/05 10:40:48 359 [debug]: 클라이언트가 접속했습니다.
22/07/05 10:40:48 359 [debug]: [Client] ::ffff:127.0.0.1 / unknown / insomnia / unknown
22/07/05 10:40:48 359 [debug]: [GET] http://localhost:3001/send_get?answer=300
22/07/05 10:40:48 360 [debug]: [프론트엔드로부터 전달 받은 GET 파라미터]
22/07/05 10:40:48 360 [debug]: 	 >> answer=300
22/07/05 10:40:48 361 [debug]: 클라이언트의 접속이 종료되었습니다. ::: [runtime] 2ms
22/07/05 10:40:48 361 [debug]: - - - - - - - - - - - - - - - - - - - - - - - - - -
22/07/05 10:41:15 148 [debug]: 클라이언트가 접속했습니다.
22/07/05 10:41:15 149 [debug]: [Client] ::1 / macOS Mojave / Chrome / Apple Mac
22/07/05 10:41:15 149 [debug]: [GET] http://localhost:3001/
22/07/05 10:41:15 152 [debug]: 클라이언트의 접속이 종료되었습니다. ::: [runtime] 3ms
22/07/05 10:41:15 152 [debug]: - - - - - - - - - - - - - - - - - - - - - - - - - -
22/07/05 10:41:22 362 [debug]: 클라이언트가 접속했습니다.
22/07/05 10:41:22 363 [debug]: [Client] ::1 / macOS Mojave / Chrome / Apple Mac
22/07/05 10:41:22 363 [debug]: [GET] http://localhost:3001/send_get
22/07/05 10:41:22 364 [debug]: [프론트엔드로부터 전달 받은 GET 파라미터]
22/07/05 10:41:22 364 [debug]: 클라이언트의 접속이 종료되었습니다. ::: [runtime] 1ms
22/07/05 10:41:22 365 [debug]: - - - - - - - - - - - - - - - - - - - - - - - - - -
22/07/05 10:41:33 128 [debug]: 클라이언트가 접속했습니다.
22/07/05 10:41:33 128 [debug]: [Client] ::1 / macOS Mojave / Chrome / Apple Mac
22/07/05 10:41:33 128 [debug]: [GET] http://localhost:3001/02_get_params_by_link.html
22/07/05 10:41:33 132 [debug]: 클라이언트의 접속이 종료되었습니다. ::: [runtime] 4ms
22/07/05 10:41:33 132 [debug]: - - - - - - - - - - - - - - - - - - - - - - - - - -
22/07/05 10:41:34 862 [debug]: 클라이언트가 접속했습니다.
22/07/05 10:41:34 862 [debug]: [Client] ::1 / macOS Mojave / Chrome / Apple Mac
22/07/05 10:41:34 863 [debug]: [GET] http://localhost:3001/send_get?answer=300&language=javascript
22/07/05 10:41:34 863 [debug]: [프론트엔드로부터 전달 받은 GET 파라미터]
22/07/05 10:41:34 864 [debug]: 	 >> answer=300
22/07/05 10:41:34 864 [debug]: 	 >> language=javascript
22/07/05 10:41:34 864 [debug]: 클라이언트의 접속이 종료되었습니다. ::: [runtime] 2ms
22/07/05 10:41:34 864 [debug]: - - - - - - - - - - - - - - - - - - - - - - - - - -
22/07/05 10:41:39 947 [debug]: 클라이언트가 접속했습니다.
22/07/05 10:41:39 947 [debug]: [Client] ::1 / macOS Mojave / Chrome / Apple Mac
22/07/05 10:41:39 948 [debug]: [GET] http://localhost:3001/send_get?answer=300&language=javascript
22/07/05 10:41:39 949 [debug]: [프론트엔드로부터 전달 받은 GET 파라미터]
22/07/05 10:41:39 949 [debug]: 	 >> answer=300
22/07/05 10:41:39 949 [debug]: 	 >> language=javascript
22/07/05 10:41:39 949 [debug]: 클라이언트의 접속이 종료되었습니다. ::: [runtime] 2ms
22/07/05 10:41:39 950 [debug]: - - - - - - - - - - - - - - - - - - - - - - - - - -
22/07/05 10:43:50 941 [debug]: -----------------------------------
22/07/05 10:43:50 943 [debug]: |       Start Express Server      |
22/07/05 10:43:50 943 [debug]: -----------------------------------
22/07/05 10:43:50 944 [debug]: server address => http://192.168.10.103:3001
22/07/05 10:43:50 944 [debug]: - - - - - - - - - - - - - - - - - -
22/07/05 10:44:04 532 [debug]: 클라이언트가 접속했습니다.
22/07/05 10:44:04 533 [debug]: [Client] ::ffff:127.0.0.1 / unknown / insomnia / unknown
22/07/05 10:44:04 534 [debug]: [POST] http://localhost:3001/send_post
22/07/05 10:44:04 545 [debug]: [프론트엔드로 부터 전달받은 POST 파라미터]
22/07/05 10:44:42 601 [debug]: 클라이언트가 접속했습니다.
22/07/05 10:44:42 601 [debug]: [Client] ::ffff:127.0.0.1 / unknown / insomnia / unknown
22/07/05 10:44:42 602 [debug]: [POST] http://localhost:3001/send_post
22/07/05 10:44:42 606 [debug]: [프론트엔드로 부터 전달받은 POST 파라미터]
22/07/05 10:44:42 606 [debug]: 	 >> username = what
22/07/05 10:44:42 609 [debug]: 	 >> email = asdasd
22/07/05 10:44:42 611 [debug]: 클라이언트의 접속이 종료되었습니다. ::: [runtime] 10ms
22/07/05 10:44:42 611 [debug]: - - - - - - - - - - - - - - - - - - - - - - - - - -
22/07/05 10:45:22 080 [debug]: -----------------------------------
22/07/05 10:45:22 083 [debug]: |       Start Express Server      |
22/07/05 10:45:22 084 [debug]: -----------------------------------
22/07/05 10:45:22 085 [debug]: server address => http://192.168.10.103:3001
22/07/05 10:45:22 085 [debug]: - - - - - - - - - - - - - - - - - -
22/07/05 10:45:22 968 [debug]: 클라이언트가 접속했습니다.
22/07/05 10:45:22 969 [debug]: [Client] ::ffff:127.0.0.1 / unknown / insomnia / unknown
22/07/05 10:45:22 970 [debug]: [POST] http://localhost:3001/send_post
22/07/05 10:45:22 989 [debug]: 클라이언트의 접속이 종료되었습니다. ::: [runtime] 20ms
22/07/05 10:45:22 990 [debug]: - - - - - - - - - - - - - - - - - - - - - - - - - -
22/07/05 10:45:32 948 [debug]: -----------------------------------
22/07/05 10:45:32 950 [debug]: |       Start Express Server      |
22/07/05 10:45:32 950 [debug]: -----------------------------------
22/07/05 10:45:32 951 [debug]: server address => http://192.168.10.103:3001
22/07/05 10:45:32 951 [debug]: - - - - - - - - - - - - - - - - - -
22/07/05 10:45:41 010 [debug]: -----------------------------------
22/07/05 10:45:41 012 [debug]: |       Start Express Server      |
22/07/05 10:45:41 013 [debug]: -----------------------------------
22/07/05 10:45:41 013 [debug]: server address => http://192.168.10.103:3001
22/07/05 10:45:41 014 [debug]: - - - - - - - - - - - - - - - - - -
22/07/05 10:45:43 074 [debug]: 클라이언트가 접속했습니다.
22/07/05 10:45:43 075 [debug]: [Client] ::ffff:127.0.0.1 / unknown / insomnia / unknown
22/07/05 10:45:43 076 [debug]: [POST] http://localhost:3001/send_post
22/07/05 10:45:43 092 [debug]: [프론트엔드로 부터 전달받은 POST 파라미터]
22/07/05 10:45:43 092 [debug]: 	 >> username = what
22/07/05 10:45:43 097 [debug]: 	 >> email = asdasd
22/07/05 10:45:43 100 [debug]: 클라이언트의 접속이 종료되었습니다. ::: [runtime] 25ms
22/07/05 10:45:43 101 [debug]: - - - - - - - - - - - - - - - - - - - - - - - - - -
22/07/05 10:46:15 572 [debug]: -----------------------------------
22/07/05 10:46:15 575 [debug]: |       Start Express Server      |
22/07/05 10:46:15 575 [debug]: -----------------------------------
22/07/05 10:46:15 576 [debug]: server address => http://192.168.10.103:3001
22/07/05 10:46:15 576 [debug]: - - - - - - - - - - - - - - - - - -
22/07/05 10:46:19 031 [debug]: -----------------------------------
22/07/05 10:46:19 034 [debug]: |       Start Express Server      |
22/07/05 10:46:19 034 [debug]: -----------------------------------
22/07/05 10:46:19 034 [debug]: server address => http://192.168.10.103:3001
22/07/05 10:46:19 035 [debug]: - - - - - - - - - - - - - - - - - -
22/07/05 10:46:22 571 [debug]: -----------------------------------
22/07/05 10:46:22 573 [debug]: |       Start Express Server      |
22/07/05 10:46:22 574 [debug]: -----------------------------------
22/07/05 10:46:22 575 [debug]: server address => http://192.168.10.103:3001
22/07/05 10:46:22 576 [debug]: - - - - - - - - - - - - - - - - - -
22/07/05 10:46:25 076 [debug]: -----------------------------------
22/07/05 10:46:25 079 [debug]: |       Start Express Server      |
22/07/05 10:46:25 079 [debug]: -----------------------------------
22/07/05 10:46:25 080 [debug]: server address => http://192.168.10.103:3001
22/07/05 10:46:25 080 [debug]: - - - - - - - - - - - - - - - - - -
22/07/05 10:46:45 176 [debug]: -----------------------------------
22/07/05 10:46:45 179 [debug]: |       Start Express Server      |
22/07/05 10:46:45 180 [debug]: -----------------------------------
22/07/05 10:46:45 181 [debug]: server address => http://192.168.10.103:3001
22/07/05 10:46:45 182 [debug]: - - - - - - - - - - - - - - - - - -
22/07/05 10:46:58 777 [debug]: 클라이언트가 접속했습니다.
22/07/05 10:46:58 777 [debug]: [Client] ::ffff:127.0.0.1 / unknown / insomnia / unknown
22/07/05 10:46:58 778 [debug]: [GET] http://localhost:3001/cookue
22/07/05 10:46:58 797 [debug]: 클라이언트의 접속이 종료되었습니다. ::: [runtime] 20ms
22/07/05 10:46:58 798 [debug]: - - - - - - - - - - - - - - - - - - - - - - - - - -
22/07/05 10:47:04 721 [debug]: 클라이언트가 접속했습니다.
22/07/05 10:47:04 722 [debug]: [Client] ::ffff:127.0.0.1 / unknown / insomnia / unknown
22/07/05 10:47:04 722 [debug]: [GET] http://localhost:3001/cookie
22/07/05 10:47:04 724 [debug]: [cookies] PM_CK_loc = b1b90f277a1523b886e62acd187fb0f3d1f4dea01b44e764741eca7bcfdb2d70
22/07/05 10:47:04 724 [debug]: [signedCookies] connect.sid = false
22/07/05 10:47:04 727 [debug]: 클라이언트의 접속이 종료되었습니다. ::: [runtime] 6ms
22/07/05 10:47:04 727 [debug]: - - - - - - - - - - - - - - - - - - - - - - - - - -
22/07/05 10:47:08 252 [debug]: 클라이언트가 접속했습니다.
22/07/05 10:47:08 252 [debug]: [Client] ::ffff:127.0.0.1 / unknown / insomnia / unknown
22/07/05 10:47:08 252 [debug]: [GET] http://localhost:3001/cookie
22/07/05 10:47:08 253 [debug]: [cookies] PM_CK_loc = b1b90f277a1523b886e62acd187fb0f3d1f4dea01b44e764741eca7bcfdb2d70
22/07/05 10:47:08 254 [debug]: [signedCookies] connect.sid = false
22/07/05 10:47:08 255 [debug]: 클라이언트의 접속이 종료되었습니다. ::: [runtime] 3ms
22/07/05 10:47:08 255 [debug]: - - - - - - - - - - - - - - - - - - - - - - - - - -
22/07/05 10:47:15 974 [debug]: 클라이언트가 접속했습니다.
22/07/05 10:47:15 975 [debug]: [Client] ::ffff:127.0.0.1 / unknown / insomnia / unknown
22/07/05 10:47:15 975 [debug]: [POST] http://localhost:3001/cookie
22/07/05 10:47:15 978 [debug]: 클라이언트의 접속이 종료되었습니다. ::: [runtime] 3ms
22/07/05 10:47:15 978 [debug]: - - - - - - - - - - - - - - - - - - - - - - - - - -
22/07/05 10:47:44 987 [debug]: -----------------------------------
22/07/05 10:47:44 989 [debug]: |       Start Express Server      |
22/07/05 10:47:44 989 [debug]: -----------------------------------
22/07/05 10:47:44 990 [debug]: server address => http://192.168.10.103:3001
22/07/05 10:47:44 990 [debug]: - - - - - - - - - - - - - - - - - -
22/07/05 10:47:54 785 [debug]: -----------------------------------
22/07/05 10:47:54 787 [debug]: |       Start Express Server      |
22/07/05 10:47:54 788 [debug]: -----------------------------------
22/07/05 10:47:54 788 [debug]: server address => http://192.168.10.103:3001
22/07/05 10:47:54 788 [debug]: - - - - - - - - - - - - - - - - - -
22/07/05 10:47:56 315 [debug]: 클라이언트가 접속했습니다.
22/07/05 10:47:56 316 [debug]: [Client] ::ffff:127.0.0.1 / unknown / insomnia / unknown
22/07/05 10:47:56 316 [debug]: [POST] http://localhost:3001/cookie
22/07/05 10:47:56 334 [debug]: 클라이언트의 접속이 종료되었습니다. ::: [runtime] 18ms
22/07/05 10:47:56 335 [debug]: - - - - - - - - - - - - - - - - - - - - - - - - - -
22/07/05 10:48:01 611 [debug]: 클라이언트가 접속했습니다.
22/07/05 10:48:01 611 [debug]: [Client] ::ffff:127.0.0.1 / unknown / insomnia / unknown
22/07/05 10:48:01 612 [debug]: [POST] http://localhost:3001/cookie1
22/07/05 10:48:01 615 [debug]: 클라이언트의 접속이 종료되었습니다. ::: [runtime] 4ms
22/07/05 10:48:01 616 [debug]: - - - - - - - - - - - - - - - - - - - - - - - - - -
22/07/05 10:48:04 022 [debug]: 클라이언트가 접속했습니다.
22/07/05 10:48:04 022 [debug]: [Client] ::ffff:127.0.0.1 / unknown / insomnia / unknown
22/07/05 10:48:04 022 [debug]: [POST] http://localhost:3001/cookie
22/07/05 10:48:04 024 [debug]: 클라이언트의 접속이 종료되었습니다. ::: [runtime] 2ms
22/07/05 10:48:04 025 [debug]: - - - - - - - - - - - - - - - - - - - - - - - - - -
22/07/05 10:48:35 715 [debug]: -----------------------------------
22/07/05 10:48:35 717 [debug]: |       Start Express Server      |
22/07/05 10:48:35 718 [debug]: -----------------------------------
22/07/05 10:48:35 718 [debug]: server address => http://192.168.10.103:3001
22/07/05 10:48:35 718 [debug]: - - - - - - - - - - - - - - - - - -
22/07/05 10:49:26 508 [debug]: -----------------------------------
22/07/05 10:49:26 510 [debug]: |       Start Express Server      |
22/07/05 10:49:26 510 [debug]: -----------------------------------
22/07/05 10:49:26 511 [debug]: server address => http://192.168.10.103:3001
22/07/05 10:49:26 511 [debug]: - - - - - - - - - - - - - - - - - -
22/07/05 10:49:42 936 [debug]: -----------------------------------
22/07/05 10:49:42 938 [debug]: |       Start Express Server      |
22/07/05 10:49:42 939 [debug]: -----------------------------------
22/07/05 10:49:42 939 [debug]: server address => http://192.168.10.103:3001
22/07/05 10:49:42 939 [debug]: - - - - - - - - - - - - - - - - - -
22/07/05 10:50:00 681 [debug]: 클라이언트가 접속했습니다.
22/07/05 10:50:00 682 [debug]: [Client] ::ffff:127.0.0.1 / unknown / insomnia / unknown
22/07/05 10:50:00 682 [debug]: [POST] http://localhost:3001/session
22/07/05 10:50:00 701 [debug]: 클라이언트의 접속이 종료되었습니다. ::: [runtime] 20ms
22/07/05 10:50:00 702 [debug]: - - - - - - - - - - - - - - - - - - - - - - - - - -
22/07/05 10:50:14 747 [debug]: 클라이언트가 접속했습니다.
22/07/05 10:50:14 748 [debug]: [Client] ::ffff:127.0.0.1 / unknown / insomnia / unknown
22/07/05 10:50:14 748 [debug]: [POST] http://localhost:3001/session
22/07/05 10:50:14 753 [debug]: 클라이언트의 접속이 종료되었습니다. ::: [runtime] 5ms
22/07/05 10:50:14 754 [debug]: - - - - - - - - - - - - - - - - - - - - - - - - - -
22/07/05 10:50:24 738 [debug]: 클라이언트가 접속했습니다.
22/07/05 10:50:24 738 [debug]: [Client] ::ffff:127.0.0.1 / unknown / insomnia / unknown
22/07/05 10:50:24 738 [debug]: [GET] http://localhost:3001/session
22/07/05 10:50:24 741 [debug]: [session]cookie = [object Object]
22/07/05 10:50:24 741 [debug]: [session]username = kakak
22/07/05 10:50:24 741 [debug]: [session]nickname = anand
22/07/05 10:50:24 742 [debug]: 클라이언트의 접속이 종료되었습니다. ::: [runtime] 4ms
22/07/05 10:50:24 742 [debug]: - - - - - - - - - - - - - - - - - - - - - - - - - -
22/07/05 10:50:30 384 [debug]: 클라이언트가 접속했습니다.
22/07/05 10:50:30 385 [debug]: [Client] ::ffff:127.0.0.1 / unknown / insomnia / unknown
22/07/05 10:50:30 385 [debug]: [DELETE] http://localhost:3001/session
22/07/05 10:50:30 387 [debug]: 클라이언트의 접속이 종료되었습니다. ::: [runtime] 2ms
22/07/05 10:50:30 387 [debug]: - - - - - - - - - - - - - - - - - - - - - - - - - -
22/07/05 10:50:46 546 [debug]: -----------------------------------
22/07/05 10:50:46 548 [debug]: |       Start Express Server      |
22/07/05 10:50:46 549 [debug]: -----------------------------------
22/07/05 10:50:46 549 [debug]: server address => http://192.168.10.103:3001
22/07/05 10:50:46 549 [debug]: - - - - - - - - - - - - - - - - - -
22/07/05 10:50:51 746 [debug]: -----------------------------------
22/07/05 10:50:51 748 [debug]: |       Start Express Server      |
22/07/05 10:50:51 749 [debug]: -----------------------------------
22/07/05 10:50:51 749 [debug]: server address => http://192.168.10.103:3001
22/07/05 10:50:51 749 [debug]: - - - - - - - - - - - - - - - - - -
22/07/05 10:50:56 925 [debug]: -----------------------------------
22/07/05 10:50:56 927 [debug]: |       Start Express Server      |
22/07/05 10:50:56 928 [debug]: -----------------------------------
22/07/05 10:50:56 928 [debug]: server address => http://192.168.10.103:3001
22/07/05 10:50:56 928 [debug]: - - - - - - - - - - - - - - - - - -
22/07/05 10:51:11 039 [debug]: -----------------------------------
22/07/05 10:51:11 042 [debug]: |       Start Express Server      |
22/07/05 10:51:11 043 [debug]: -----------------------------------
22/07/05 10:51:11 043 [debug]: server address => http://192.168.10.103:3001
22/07/05 10:51:11 044 [debug]: - - - - - - - - - - - - - - - - - -
22/07/05 10:51:56 455 [debug]: -----------------------------------
22/07/05 10:51:56 458 [debug]: |       Start Express Server      |
22/07/05 10:51:56 458 [debug]: -----------------------------------
22/07/05 10:51:56 459 [debug]: server address => http://192.168.10.103:3001
22/07/05 10:51:56 459 [debug]: - - - - - - - - - - - - - - - - - -
22/07/05 10:52:46 975 [debug]: -----------------------------------
22/07/05 10:52:46 977 [debug]: |       Start Express Server      |
22/07/05 10:52:46 977 [debug]: -----------------------------------
22/07/05 10:52:46 978 [debug]: server address => http://192.168.10.103:3001
22/07/05 10:52:46 978 [debug]: - - - - - - - - - - - - - - - - - -
22/07/05 10:52:56 386 [debug]: -----------------------------------
22/07/05 10:52:56 388 [debug]: |       Start Express Server      |
22/07/05 10:52:56 388 [debug]: -----------------------------------
22/07/05 10:52:56 389 [debug]: server address => http://192.168.10.103:3001
22/07/05 10:52:56 389 [debug]: - - - - - - - - - - - - - - - - - -
22/07/05 10:53:02 228 [debug]: -----------------------------------
22/07/05 10:53:02 230 [debug]: |       Start Express Server      |
22/07/05 10:53:02 231 [debug]: -----------------------------------
22/07/05 10:53:02 231 [debug]: server address => http://192.168.10.103:3001
22/07/05 10:53:02 231 [debug]: - - - - - - - - - - - - - - - - - -
22/07/05 10:53:29 058 [debug]: 클라이언트가 접속했습니다.
22/07/05 10:53:29 058 [debug]: [Client] ::1 / macOS Mojave / Chrome / Apple Mac
22/07/05 10:53:29 059 [debug]: [GET] http://localhost:3001/06_mail.html
22/07/05 10:53:29 069 [debug]: 클라이언트의 접속이 종료되었습니다. ::: [runtime] 11ms
22/07/05 10:53:29 070 [debug]: - - - - - - - - - - - - - - - - - - - - - - - - - -
22/07/05 10:53:46 667 [debug]: 클라이언트가 접속했습니다.
22/07/05 10:53:46 668 [debug]: [Client] ::1 / macOS Mojave / Chrome / Apple Mac
22/07/05 10:53:46 668 [debug]: [POST] http://localhost:3001/send_mail
22/07/05 10:53:50 617 [debug]: 클라이언트의 접속이 종료되었습니다. ::: [runtime] 3949ms
22/07/05 10:53:50 618 [debug]: - - - - - - - - - - - - - - - - - - - - - - - - - -
22/07/05 10:54:02 411 [debug]: -----------------------------------
22/07/05 10:54:02 414 [debug]: |       Start Express Server      |
22/07/05 10:54:02 414 [debug]: -----------------------------------
22/07/05 10:54:02 415 [debug]: server address => http://192.168.10.103:3001
22/07/05 10:54:02 415 [debug]: - - - - - - - - - - - - - - - - - -
22/07/05 10:54:20 822 [debug]: -----------------------------------
22/07/05 10:54:20 824 [debug]: |       Start Express Server      |
22/07/05 10:54:20 824 [debug]: -----------------------------------
22/07/05 10:54:20 825 [debug]: server address => http://192.168.10.103:3001
22/07/05 10:54:20 825 [debug]: - - - - - - - - - - - - - - - - - -
22/07/05 10:56:03 821 [debug]: -----------------------------------
22/07/05 10:56:03 825 [debug]: |       Start Express Server      |
22/07/05 10:56:03 825 [debug]: -----------------------------------
22/07/05 10:56:03 825 [debug]: server address => http://192.168.10.103:3001
22/07/05 10:56:03 826 [debug]: - - - - - - - - - - - - - - - - - -
22/07/05 10:56:14 290 [debug]: -----------------------------------
22/07/05 10:56:14 293 [debug]: |       Start Express Server      |
22/07/05 10:56:14 293 [debug]: -----------------------------------
22/07/05 10:56:14 294 [debug]: server address => http://192.168.10.103:3001
22/07/05 10:56:14 294 [debug]: - - - - - - - - - - - - - - - - - -
22/07/05 10:58:16 407 [debug]: 클라이언트가 접속했습니다.
22/07/05 10:58:16 408 [debug]: [Client] ::ffff:127.0.0.1 / unknown / insomnia / unknown
22/07/05 10:58:16 408 [debug]: [POST] http://localhost:3001/upload/multiple
22/07/05 10:58:16 419 [debug]: 클라이언트의 접속이 종료되었습니다. ::: [runtime] 11ms
22/07/05 10:58:16 420 [debug]: - - - - - - - - - - - - - - - - - - - - - - - - - -
22/07/05 10:58:50 360 [debug]: -----------------------------------
22/07/05 10:58:50 363 [debug]: |       Start Express Server      |
22/07/05 10:58:50 363 [debug]: -----------------------------------
22/07/05 10:58:50 364 [debug]: server address => http://192.168.10.103:3001
22/07/05 10:58:50 364 [debug]: - - - - - - - - - - - - - - - - - -
22/07/05 10:58:57 468 [debug]: -----------------------------------
22/07/05 10:58:57 470 [debug]: |       Start Express Server      |
22/07/05 10:58:57 471 [debug]: -----------------------------------
22/07/05 10:58:57 472 [debug]: server address => http://192.168.10.103:3001
22/07/05 10:58:57 472 [debug]: - - - - - - - - - - - - - - - - - -
22/07/05 10:58:59 121 [debug]: 클라이언트가 접속했습니다.
22/07/05 10:58:59 122 [debug]: [Client] ::ffff:127.0.0.1 / unknown / insomnia / unknown
22/07/05 10:58:59 123 [debug]: [POST] http://localhost:3001/upload/multiple
22/07/05 10:58:59 161 [debug]: 클라이언트의 접속이 종료되었습니다. ::: [runtime] 39ms
22/07/05 10:58:59 162 [debug]: - - - - - - - - - - - - - - - - - - - - - - - - - -
22/07/05 10:59:16 798 [debug]: -----------------------------------
22/07/05 10:59:16 800 [debug]: |       Start Express Server      |
22/07/05 10:59:16 801 [debug]: -----------------------------------
22/07/05 10:59:16 801 [debug]: server address => http://192.168.10.103:3001
22/07/05 10:59:16 801 [debug]: - - - - - - - - - - - - - - - - - -
22/07/05 11:00:01 182 [debug]: -----------------------------------
22/07/05 11:00:01 184 [debug]: |       Start Express Server      |
22/07/05 11:00:01 185 [debug]: -----------------------------------
22/07/05 11:00:01 185 [debug]: server address => http://192.168.10.103:3001
22/07/05 11:00:01 185 [debug]: - - - - - - - - - - - - - - - - - -
22/07/05 11:00:19 672 [debug]: -----------------------------------
22/07/05 11:00:19 674 [debug]: |       Start Express Server      |
22/07/05 11:00:19 675 [debug]: -----------------------------------
22/07/05 11:00:19 675 [debug]: server address => http://192.168.10.103:3001
22/07/05 11:00:19 675 [debug]: - - - - - - - - - - - - - - - - - -
22/07/05 11:00:31 046 [debug]: 클라이언트가 접속했습니다.
22/07/05 11:00:31 047 [debug]: [Client] ::ffff:127.0.0.1 / unknown / insomnia / unknown
22/07/05 11:00:31 048 [debug]: [POST] http://localhost:3001/send_url
22/07/05 11:00:31 064 [debug]: 클라이언트의 접속이 종료되었습니다. ::: [runtime] 17ms
22/07/05 11:00:31 065 [debug]: - - - - - - - - - - - - - - - - - - - - - - - - - -
22/07/05 11:00:50 158 [debug]: 클라이언트가 접속했습니다.
22/07/05 11:00:50 158 [debug]: [Client] ::ffff:127.0.0.1 / unknown / insomnia / unknown
22/07/05 11:00:50 158 [debug]: [POST] http://localhost:3001/send_post
22/07/05 11:00:50 160 [debug]: [프론트엔드로 부터 전달받은 POST 파라미터]
22/07/05 11:00:50 161 [debug]: 	 >> username = test
22/07/05 11:00:50 163 [debug]: 	 >> point = 0
22/07/05 11:00:50 164 [debug]: 클라이언트의 접속이 종료되었습니다. ::: [runtime] 6ms
22/07/05 11:00:50 164 [debug]: - - - - - - - - - - - - - - - - - - - - - - - - - -
