22/07/09 13:49:39 386 [debug]: 클라이언트가 접속했습니다.
22/07/09 13:49:39 389 [debug]: [Client] ::ffff:127.0.0.1 / unknown / insomnia / unknown
22/07/09 13:49:39 389 [debug]: [GET] http://localhost:3001/department?page=1&rows=3
22/07/09 13:49:39 397 [debug]: 클라이언트의 접속이 종료되었습니다. ::: [runtime] 9ms
22/07/09 13:49:39 398 [debug]: - - - - - - - - - - - - - - - - - - - - - - - - - -
22/07/09 13:49:39 404 [debug]: 클라이언트가 접속했습니다.
22/07/09 13:49:39 405 [debug]: [Client] ::ffff:127.0.0.1 / unknown / insomnia / unknown
22/07/09 13:49:39 405 [debug]: [GET] http://localhost:3001/department/?page=1&rows=3
22/07/09 13:49:39 435 [debug]: 클라이언트의 접속이 종료되었습니다. ::: [runtime] 30ms
22/07/09 13:49:39 436 [debug]: - - - - - - - - - - - - - - - - - - - - - - - - - -
22/07/09 13:50:02 604 [debug]: -----------------------------------
22/07/09 13:50:02 606 [debug]: |       Start Express Server      |
22/07/09 13:50:02 606 [debug]: -----------------------------------
22/07/09 13:50:02 607 [debug]: - - - - - - - - - - - - - - - - - -
22/07/09 15:48:38 148 [debug]: -----------------------------------
22/07/09 15:48:38 150 [debug]: |       Start Express Server      |
22/07/09 15:48:38 151 [debug]: -----------------------------------
22/07/09 15:48:38 151 [debug]: server address => http://172.30.57.218:3001
22/07/09 15:48:38 151 [debug]: - - - - - - - - - - - - - - - - - -
22/07/09 15:49:16 491 [debug]: 클라이언트가 접속했습니다.
22/07/09 15:49:16 492 [debug]: [Client] ::ffff:127.0.0.1 / unknown / insomnia / unknown
22/07/09 15:49:16 493 [debug]: [PUT] http://localhost:3001/send_put
22/07/09 15:49:16 498 [debug]: [프론트엔드로 부터 전달받은 PUT 파라미터]
22/07/09 15:50:05 106 [debug]: 클라이언트가 접속했습니다.
22/07/09 15:50:05 106 [debug]: [Client] ::ffff:127.0.0.1 / unknown / insomnia / unknown
22/07/09 15:50:05 106 [debug]: [PUT] http://localhost:3001/send_put
22/07/09 15:50:05 119 [debug]: [프론트엔드로 부터 전달받은 PUT 파라미터]
22/07/09 15:50:05 119 [debug]: 	 >> username=ㅋㅋㅋㅋㅋㅋ
22/07/09 15:50:05 123 [debug]: 	 >> grade=1
22/07/09 15:50:05 124 [error]: [Error] Cannot set headers after they are sent to the client
22/07/09 15:50:05 125 [error]: Error [ERR_HTTP_HEADERS_SENT]: Cannot set headers after they are sent to the client
    at new NodeError (node:internal/errors:371:5)
    at ServerResponse.setHeader (node:_http_outgoing:576:11)
    at ServerResponse.header (/Users/chanu/Desktop/chanFiles/VScode/EZEN/studynote/07_NodeJs/node_modules/express/lib/response.js:794:10)
    at ServerResponse.send (/Users/chanu/Desktop/chanFiles/VScode/EZEN/studynote/07_NodeJs/node_modules/express/lib/response.js:174:12)
    at file:///Users/chanu/Desktop/chanFiles/VScode/EZEN/studynote/07_NodeJs/12-route/controllers/PostPutDeleteController.js:30:23
    at Layer.handle [as handle_request] (/Users/chanu/Desktop/chanFiles/VScode/EZEN/studynote/07_NodeJs/node_modules/express/lib/router/layer.js:95:5)
    at next (/Users/chanu/Desktop/chanFiles/VScode/EZEN/studynote/07_NodeJs/node_modules/express/lib/router/route.js:144:13)
    at Route.dispatch (/Users/chanu/Desktop/chanFiles/VScode/EZEN/studynote/07_NodeJs/node_modules/express/lib/router/route.js:114:3)
    at Layer.handle [as handle_request] (/Users/chanu/Desktop/chanFiles/VScode/EZEN/studynote/07_NodeJs/node_modules/express/lib/router/layer.js:95:5)
    at /Users/chanu/Desktop/chanFiles/VScode/EZEN/studynote/07_NodeJs/node_modules/express/lib/router/index.js:284:15
22/07/09 15:50:05 127 [debug]: 클라이언트의 접속이 종료되었습니다. ::: [runtime] 21ms
22/07/09 15:50:05 127 [debug]: - - - - - - - - - - - - - - - - - - - - - - - - - -
22/07/09 15:51:00 567 [debug]: 클라이언트가 접속했습니다.
22/07/09 15:51:00 567 [debug]: [Client] ::ffff:127.0.0.1 / unknown / insomnia / unknown
22/07/09 15:51:00 567 [debug]: [PUT] http://localhost:3001/send_get
22/07/09 15:51:00 570 [error]: [Error] 페이지를 찾을 수 없습니다.
22/07/09 15:51:00 570 [error]: Error: 페이지를 찾을 수 없습니다.
    at file:///Users/chanu/Desktop/chanFiles/VScode/EZEN/studynote/07_NodeJs/12-route/app.js:195:48
    at Layer.handle [as handle_request] (/Users/chanu/Desktop/chanFiles/VScode/EZEN/studynote/07_NodeJs/node_modules/express/lib/router/layer.js:95:5)
    at trim_prefix (/Users/chanu/Desktop/chanFiles/VScode/EZEN/studynote/07_NodeJs/node_modules/express/lib/router/index.js:328:13)
    at /Users/chanu/Desktop/chanFiles/VScode/EZEN/studynote/07_NodeJs/node_modules/express/lib/router/index.js:286:9
    at param (/Users/chanu/Desktop/chanFiles/VScode/EZEN/studynote/07_NodeJs/node_modules/express/lib/router/index.js:365:14)
    at param (/Users/chanu/Desktop/chanFiles/VScode/EZEN/studynote/07_NodeJs/node_modules/express/lib/router/index.js:376:14)
    at Function.process_params (/Users/chanu/Desktop/chanFiles/VScode/EZEN/studynote/07_NodeJs/node_modules/express/lib/router/index.js:421:3)
    at next (/Users/chanu/Desktop/chanFiles/VScode/EZEN/studynote/07_NodeJs/node_modules/express/lib/router/index.js:280:10)
    at Layer.handle [as handle_request] (/Users/chanu/Desktop/chanFiles/VScode/EZEN/studynote/07_NodeJs/node_modules/express/lib/router/layer.js:91:12)
    at trim_prefix (/Users/chanu/Desktop/chanFiles/VScode/EZEN/studynote/07_NodeJs/node_modules/express/lib/router/index.js:328:13)
22/07/09 15:51:00 571 [debug]: 클라이언트의 접속이 종료되었습니다. ::: [runtime] 4ms
22/07/09 15:51:00 571 [debug]: - - - - - - - - - - - - - - - - - - - - - - - - - -
22/07/09 15:51:09 588 [debug]: 클라이언트가 접속했습니다.
22/07/09 15:51:09 588 [debug]: [Client] ::ffff:127.0.0.1 / unknown / insomnia / unknown
22/07/09 15:51:09 588 [debug]: [GET] http://localhost:3001/send_get
22/07/09 15:51:09 591 [debug]: [프론트엔드로부터 전달 받은 GET 파라미터]
22/07/09 15:51:09 592 [debug]: 클라이언트의 접속이 종료되었습니다. ::: [runtime] 4ms
22/07/09 15:51:09 592 [debug]: - - - - - - - - - - - - - - - - - - - - - - - - - -
22/07/09 15:51:22 241 [debug]: 클라이언트가 접속했습니다.
22/07/09 15:51:22 241 [debug]: [Client] ::ffff:127.0.0.1 / unknown / insomnia / unknown
22/07/09 15:51:22 241 [debug]: [GET] http://localhost:3001/send_get
22/07/09 15:51:22 243 [debug]: [프론트엔드로부터 전달 받은 GET 파라미터]
22/07/09 15:51:22 243 [debug]: 클라이언트의 접속이 종료되었습니다. ::: [runtime] 2ms
22/07/09 15:51:22 243 [debug]: - - - - - - - - - - - - - - - - - - - - - - - - - -
22/07/09 15:51:29 704 [debug]: 클라이언트가 접속했습니다.
22/07/09 15:51:29 704 [debug]: [Client] ::ffff:127.0.0.1 / unknown / insomnia / unknown
22/07/09 15:51:29 704 [debug]: [GET] http://localhost:3001/send_get?answer=1
22/07/09 15:51:29 706 [debug]: [프론트엔드로부터 전달 받은 GET 파라미터]
22/07/09 15:51:29 706 [debug]: 	 >> answer=1
22/07/09 15:51:29 706 [debug]: 클라이언트의 접속이 종료되었습니다. ::: [runtime] 2ms
22/07/09 15:51:29 707 [debug]: - - - - - - - - - - - - - - - - - - - - - - - - - -
22/07/09 15:51:33 039 [debug]: 클라이언트가 접속했습니다.
22/07/09 15:51:33 039 [debug]: [Client] ::ffff:127.0.0.1 / unknown / insomnia / unknown
22/07/09 15:51:33 039 [debug]: [GET] http://localhost:3001/send_get?answer=300
22/07/09 15:51:33 041 [debug]: [프론트엔드로부터 전달 받은 GET 파라미터]
22/07/09 15:51:33 041 [debug]: 	 >> answer=300
22/07/09 15:51:33 042 [debug]: 클라이언트의 접속이 종료되었습니다. ::: [runtime] 3ms
22/07/09 15:51:33 042 [debug]: - - - - - - - - - - - - - - - - - - - - - - - - - -
22/07/09 15:52:20 509 [debug]: -----------------------------------
22/07/09 15:52:20 511 [debug]: |       Start Express Server      |
22/07/09 15:52:20 512 [debug]: -----------------------------------
22/07/09 15:52:20 513 [debug]: server address => http://172.30.57.218:3001
22/07/09 15:52:20 513 [debug]: - - - - - - - - - - - - - - - - - -
22/07/09 15:52:23 810 [debug]: 클라이언트가 접속했습니다.
22/07/09 15:52:23 811 [debug]: [Client] ::ffff:127.0.0.1 / unknown / insomnia / unknown
22/07/09 15:52:23 812 [debug]: [GET] http://localhost:3001/send_get?answer=300
22/07/09 15:52:23 829 [debug]: [프론트엔드로부터 전달 받은 GET 파라미터]
22/07/09 15:52:23 832 [debug]: 	 >> answer=300
22/07/09 15:52:23 836 [debug]: 클라이언트의 접속이 종료되었습니다. ::: [runtime] 25ms
22/07/09 15:52:23 836 [debug]: - - - - - - - - - - - - - - - - - - - - - - - - - -
22/07/09 15:52:34 925 [debug]: -----------------------------------
22/07/09 15:52:34 927 [debug]: |       Start Express Server      |
22/07/09 15:52:34 927 [debug]: -----------------------------------
22/07/09 15:52:34 927 [debug]: server address => http://172.30.57.218:3001
22/07/09 15:52:34 928 [debug]: - - - - - - - - - - - - - - - - - -
22/07/09 15:53:06 126 [debug]: -----------------------------------
22/07/09 15:53:06 128 [debug]: |       Start Express Server      |
22/07/09 15:53:06 129 [debug]: -----------------------------------
22/07/09 15:53:06 129 [debug]: server address => http://172.30.57.218:3001
22/07/09 15:53:06 129 [debug]: - - - - - - - - - - - - - - - - - -
22/07/09 15:53:17 043 [debug]: 클라이언트가 접속했습니다.
22/07/09 15:53:17 044 [debug]: [Client] ::ffff:127.0.0.1 / unknown / insomnia / unknown
22/07/09 15:53:17 045 [debug]: [PUT] http://localhost:3001/send_put?answer=300
22/07/09 15:53:17 058 [debug]: [프론트엔드로 부터 전달받은 PUT 파라미터]
22/07/09 15:53:17 061 [debug]: 	 >> answer=ㅋㅋㅋㅋㅋㅋ
22/07/09 15:53:17 065 [debug]: 클라이언트의 접속이 종료되었습니다. ::: [runtime] 21ms
22/07/09 15:53:17 065 [debug]: - - - - - - - - - - - - - - - - - - - - - - - - - -
22/07/09 15:53:48 531 [debug]: 클라이언트가 접속했습니다.
22/07/09 15:53:48 532 [debug]: [Client] ::ffff:127.0.0.1 / unknown / insomnia / unknown
22/07/09 15:53:48 532 [debug]: [PUT] http://localhost:3001/send_put?answer=300
22/07/09 15:53:48 534 [debug]: [프론트엔드로 부터 전달받은 PUT 파라미터]
22/07/09 15:53:48 534 [debug]: 	 >> username=ㅋㅋㅋㅋㅋㅋ
22/07/09 15:53:48 535 [debug]: 클라이언트의 접속이 종료되었습니다. ::: [runtime] 3ms
22/07/09 15:53:48 535 [debug]: - - - - - - - - - - - - - - - - - - - - - - - - - -
22/07/09 16:05:27 224 [debug]: 클라이언트가 접속했습니다.
22/07/09 16:05:27 224 [debug]: [Client] ::ffff:127.0.0.1 / unknown / insomnia / unknown
22/07/09 16:05:27 224 [debug]: [PUT] http://localhost:3001/send_put?answer=300
22/07/09 16:05:27 225 [debug]: [프론트엔드로 부터 전달받은 PUT 파라미터]
22/07/09 16:05:27 226 [debug]: 	 >> username=ㅋㅋㅋㅋㅋㅋ
22/07/09 16:05:27 226 [debug]: 	 >> garde=1
22/07/09 16:05:27 227 [error]: [Error] Cannot set headers after they are sent to the client
22/07/09 16:05:27 228 [error]: Error [ERR_HTTP_HEADERS_SENT]: Cannot set headers after they are sent to the client
    at new NodeError (node:internal/errors:371:5)
    at ServerResponse.setHeader (node:_http_outgoing:576:11)
    at ServerResponse.header (/Users/chanu/Desktop/chanFiles/VScode/EZEN/studynote/07_NodeJs/node_modules/express/lib/response.js:794:10)
    at ServerResponse.send (/Users/chanu/Desktop/chanFiles/VScode/EZEN/studynote/07_NodeJs/node_modules/express/lib/response.js:174:12)
    at file:///Users/chanu/Desktop/chanFiles/VScode/EZEN/studynote/07_NodeJs/12-route/controllers/PostPutDeleteController.js:31:23
    at Layer.handle [as handle_request] (/Users/chanu/Desktop/chanFiles/VScode/EZEN/studynote/07_NodeJs/node_modules/express/lib/router/layer.js:95:5)
    at next (/Users/chanu/Desktop/chanFiles/VScode/EZEN/studynote/07_NodeJs/node_modules/express/lib/router/route.js:144:13)
    at Route.dispatch (/Users/chanu/Desktop/chanFiles/VScode/EZEN/studynote/07_NodeJs/node_modules/express/lib/router/route.js:114:3)
    at Layer.handle [as handle_request] (/Users/chanu/Desktop/chanFiles/VScode/EZEN/studynote/07_NodeJs/node_modules/express/lib/router/layer.js:95:5)
    at /Users/chanu/Desktop/chanFiles/VScode/EZEN/studynote/07_NodeJs/node_modules/express/lib/router/index.js:284:15
22/07/09 16:05:27 229 [debug]: 클라이언트의 접속이 종료되었습니다. ::: [runtime] 5ms
22/07/09 16:05:27 229 [debug]: - - - - - - - - - - - - - - - - - - - - - - - - - -
22/07/09 16:06:27 518 [debug]: 클라이언트가 접속했습니다.
22/07/09 16:06:27 519 [debug]: [Client] ::ffff:127.0.0.1 / unknown / insomnia / unknown
22/07/09 16:06:27 519 [debug]: [PUT] http://localhost:3001/send_put?answer=300
22/07/09 16:06:27 520 [debug]: [프론트엔드로 부터 전달받은 PUT 파라미터]
22/07/09 16:06:27 520 [debug]: 	 >> username=ㅋㅋㅋㅋㅋㅋ
22/07/09 16:06:27 521 [debug]: 	 >> grade=1
22/07/09 16:06:27 521 [error]: [Error] Cannot set headers after they are sent to the client
22/07/09 16:06:27 521 [error]: Error [ERR_HTTP_HEADERS_SENT]: Cannot set headers after they are sent to the client
    at new NodeError (node:internal/errors:371:5)
    at ServerResponse.setHeader (node:_http_outgoing:576:11)
    at ServerResponse.header (/Users/chanu/Desktop/chanFiles/VScode/EZEN/studynote/07_NodeJs/node_modules/express/lib/response.js:794:10)
    at ServerResponse.send (/Users/chanu/Desktop/chanFiles/VScode/EZEN/studynote/07_NodeJs/node_modules/express/lib/response.js:174:12)
    at file:///Users/chanu/Desktop/chanFiles/VScode/EZEN/studynote/07_NodeJs/12-route/controllers/PostPutDeleteController.js:31:23
    at Layer.handle [as handle_request] (/Users/chanu/Desktop/chanFiles/VScode/EZEN/studynote/07_NodeJs/node_modules/express/lib/router/layer.js:95:5)
    at next (/Users/chanu/Desktop/chanFiles/VScode/EZEN/studynote/07_NodeJs/node_modules/express/lib/router/route.js:144:13)
    at Route.dispatch (/Users/chanu/Desktop/chanFiles/VScode/EZEN/studynote/07_NodeJs/node_modules/express/lib/router/route.js:114:3)
    at Layer.handle [as handle_request] (/Users/chanu/Desktop/chanFiles/VScode/EZEN/studynote/07_NodeJs/node_modules/express/lib/router/layer.js:95:5)
    at /Users/chanu/Desktop/chanFiles/VScode/EZEN/studynote/07_NodeJs/node_modules/express/lib/router/index.js:284:15
22/07/09 16:06:27 522 [debug]: 클라이언트의 접속이 종료되었습니다. ::: [runtime] 4ms
22/07/09 16:06:27 522 [debug]: - - - - - - - - - - - - - - - - - - - - - - - - - -
22/07/09 16:06:33 252 [debug]: 클라이언트가 접속했습니다.
22/07/09 16:06:33 253 [debug]: [Client] ::ffff:127.0.0.1 / unknown / insomnia / unknown
22/07/09 16:06:33 253 [debug]: [PUT] http://localhost:3001/send_put?answer=300
22/07/09 16:06:33 254 [debug]: [프론트엔드로 부터 전달받은 PUT 파라미터]
22/07/09 16:06:33 254 [debug]: 	 >> username=ㅋㅋㅋㅋㅋㅋ
22/07/09 16:06:33 255 [debug]: 	 >> grade=100
22/07/09 16:06:33 256 [error]: [Error] Cannot set headers after they are sent to the client
22/07/09 16:06:33 257 [error]: Error [ERR_HTTP_HEADERS_SENT]: Cannot set headers after they are sent to the client
    at new NodeError (node:internal/errors:371:5)
    at ServerResponse.setHeader (node:_http_outgoing:576:11)
    at ServerResponse.header (/Users/chanu/Desktop/chanFiles/VScode/EZEN/studynote/07_NodeJs/node_modules/express/lib/response.js:794:10)
    at ServerResponse.send (/Users/chanu/Desktop/chanFiles/VScode/EZEN/studynote/07_NodeJs/node_modules/express/lib/response.js:174:12)
    at file:///Users/chanu/Desktop/chanFiles/VScode/EZEN/studynote/07_NodeJs/12-route/controllers/PostPutDeleteController.js:31:23
    at Layer.handle [as handle_request] (/Users/chanu/Desktop/chanFiles/VScode/EZEN/studynote/07_NodeJs/node_modules/express/lib/router/layer.js:95:5)
    at next (/Users/chanu/Desktop/chanFiles/VScode/EZEN/studynote/07_NodeJs/node_modules/express/lib/router/route.js:144:13)
    at Route.dispatch (/Users/chanu/Desktop/chanFiles/VScode/EZEN/studynote/07_NodeJs/node_modules/express/lib/router/route.js:114:3)
    at Layer.handle [as handle_request] (/Users/chanu/Desktop/chanFiles/VScode/EZEN/studynote/07_NodeJs/node_modules/express/lib/router/layer.js:95:5)
    at /Users/chanu/Desktop/chanFiles/VScode/EZEN/studynote/07_NodeJs/node_modules/express/lib/router/index.js:284:15
22/07/09 16:06:33 257 [debug]: 클라이언트의 접속이 종료되었습니다. ::: [runtime] 5ms
22/07/09 16:06:33 257 [debug]: - - - - - - - - - - - - - - - - - - - - - - - - - -
22/07/09 16:07:53 219 [debug]: -----------------------------------
22/07/09 16:07:53 222 [debug]: |       Start Express Server      |
22/07/09 16:07:53 222 [debug]: -----------------------------------
22/07/09 16:07:53 223 [debug]: server address => http://172.30.57.218:3001
22/07/09 16:07:53 223 [debug]: - - - - - - - - - - - - - - - - - -
22/07/09 16:07:57 929 [debug]: 클라이언트가 접속했습니다.
22/07/09 16:07:57 930 [debug]: [Client] ::ffff:127.0.0.1 / unknown / insomnia / unknown
22/07/09 16:07:57 931 [debug]: [PUT] http://localhost:3001/send_put?answer=300
22/07/09 16:07:57 946 [debug]: [프론트엔드로 부터 전달받은 PUT 파라미터]
22/07/09 16:07:57 949 [debug]: 	 >> username=ㅋㅋㅋㅋㅋㅋ
22/07/09 16:07:57 953 [debug]: 	 >> grade=100
22/07/09 16:07:57 954 [error]: [Error] Cannot set headers after they are sent to the client
22/07/09 16:07:57 954 [error]: Error [ERR_HTTP_HEADERS_SENT]: Cannot set headers after they are sent to the client
    at new NodeError (node:internal/errors:371:5)
    at ServerResponse.setHeader (node:_http_outgoing:576:11)
    at ServerResponse.header (/Users/chanu/Desktop/chanFiles/VScode/EZEN/studynote/07_NodeJs/node_modules/express/lib/response.js:794:10)
    at ServerResponse.send (/Users/chanu/Desktop/chanFiles/VScode/EZEN/studynote/07_NodeJs/node_modules/express/lib/response.js:174:12)
    at file:///Users/chanu/Desktop/chanFiles/VScode/EZEN/studynote/07_NodeJs/12-route/controllers/PostPutDeleteController.js:31:23
    at Layer.handle [as handle_request] (/Users/chanu/Desktop/chanFiles/VScode/EZEN/studynote/07_NodeJs/node_modules/express/lib/router/layer.js:95:5)
    at next (/Users/chanu/Desktop/chanFiles/VScode/EZEN/studynote/07_NodeJs/node_modules/express/lib/router/route.js:144:13)
    at Route.dispatch (/Users/chanu/Desktop/chanFiles/VScode/EZEN/studynote/07_NodeJs/node_modules/express/lib/router/route.js:114:3)
    at Layer.handle [as handle_request] (/Users/chanu/Desktop/chanFiles/VScode/EZEN/studynote/07_NodeJs/node_modules/express/lib/router/layer.js:95:5)
    at /Users/chanu/Desktop/chanFiles/VScode/EZEN/studynote/07_NodeJs/node_modules/express/lib/router/index.js:284:15
22/07/09 16:07:57 956 [debug]: 클라이언트의 접속이 종료되었습니다. ::: [runtime] 26ms
22/07/09 16:07:57 956 [debug]: - - - - - - - - - - - - - - - - - - - - - - - - - -
22/07/09 16:17:34 825 [debug]: -----------------------------------
22/07/09 16:17:34 827 [debug]: |       Start Express Server      |
22/07/09 16:17:34 827 [debug]: -----------------------------------
22/07/09 16:17:34 827 [debug]: server address => http://172.30.57.218:3001
22/07/09 16:17:34 828 [debug]: - - - - - - - - - - - - - - - - - -
22/07/09 16:17:40 286 [debug]: 클라이언트가 접속했습니다.
22/07/09 16:17:40 287 [debug]: [Client] ::ffff:127.0.0.1 / unknown / insomnia / unknown
22/07/09 16:17:40 287 [debug]: [GET] http://localhost:3001//api_test/custom_error?answer=300
22/07/09 16:17:40 302 [error]: [Error] 페이지를 찾을 수 없습니다.
22/07/09 16:17:40 302 [error]: Error: 페이지를 찾을 수 없습니다.
    at file:///Users/chanu/Desktop/chanFiles/VScode/EZEN/studynote/07_NodeJs/12-route/app.js:195:48
    at Layer.handle [as handle_request] (/Users/chanu/Desktop/chanFiles/VScode/EZEN/studynote/07_NodeJs/node_modules/express/lib/router/layer.js:95:5)
    at trim_prefix (/Users/chanu/Desktop/chanFiles/VScode/EZEN/studynote/07_NodeJs/node_modules/express/lib/router/index.js:328:13)
    at /Users/chanu/Desktop/chanFiles/VScode/EZEN/studynote/07_NodeJs/node_modules/express/lib/router/index.js:286:9
    at param (/Users/chanu/Desktop/chanFiles/VScode/EZEN/studynote/07_NodeJs/node_modules/express/lib/router/index.js:365:14)
    at param (/Users/chanu/Desktop/chanFiles/VScode/EZEN/studynote/07_NodeJs/node_modules/express/lib/router/index.js:376:14)
    at Function.process_params (/Users/chanu/Desktop/chanFiles/VScode/EZEN/studynote/07_NodeJs/node_modules/express/lib/router/index.js:421:3)
    at next (/Users/chanu/Desktop/chanFiles/VScode/EZEN/studynote/07_NodeJs/node_modules/express/lib/router/index.js:280:10)
    at Layer.handle [as handle_request] (/Users/chanu/Desktop/chanFiles/VScode/EZEN/studynote/07_NodeJs/node_modules/express/lib/router/layer.js:91:12)
    at trim_prefix (/Users/chanu/Desktop/chanFiles/VScode/EZEN/studynote/07_NodeJs/node_modules/express/lib/router/index.js:328:13)
22/07/09 16:17:40 306 [debug]: 클라이언트의 접속이 종료되었습니다. ::: [runtime] 19ms
22/07/09 16:17:40 307 [debug]: - - - - - - - - - - - - - - - - - - - - - - - - - -
22/07/09 16:19:00 769 [debug]: 클라이언트가 접속했습니다.
22/07/09 16:19:00 770 [debug]: [Client] ::ffff:127.0.0.1 / unknown / insomnia / unknown
22/07/09 16:19:00 770 [debug]: [GET] http://localhost:3001/api_test/custom_error
22/07/09 16:19:00 773 [error]: [Error] 개발자가 직접 생성한 에러가 발생했습니다.
22/07/09 16:19:00 773 [error]: Error: 개발자가 직접 생성한 에러가 발생했습니다.
    at file:///Users/chanu/Desktop/chanFiles/VScode/EZEN/studynote/07_NodeJs/12-route/controllers/ApiTest.js:13:15
    at Layer.handle [as handle_request] (/Users/chanu/Desktop/chanFiles/VScode/EZEN/studynote/07_NodeJs/node_modules/express/lib/router/layer.js:95:5)
    at next (/Users/chanu/Desktop/chanFiles/VScode/EZEN/studynote/07_NodeJs/node_modules/express/lib/router/route.js:144:13)
    at Route.dispatch (/Users/chanu/Desktop/chanFiles/VScode/EZEN/studynote/07_NodeJs/node_modules/express/lib/router/route.js:114:3)
    at Layer.handle [as handle_request] (/Users/chanu/Desktop/chanFiles/VScode/EZEN/studynote/07_NodeJs/node_modules/express/lib/router/layer.js:95:5)
    at /Users/chanu/Desktop/chanFiles/VScode/EZEN/studynote/07_NodeJs/node_modules/express/lib/router/index.js:284:15
    at Function.process_params (/Users/chanu/Desktop/chanFiles/VScode/EZEN/studynote/07_NodeJs/node_modules/express/lib/router/index.js:346:12)
    at next (/Users/chanu/Desktop/chanFiles/VScode/EZEN/studynote/07_NodeJs/node_modules/express/lib/router/index.js:280:10)
    at Function.handle (/Users/chanu/Desktop/chanFiles/VScode/EZEN/studynote/07_NodeJs/node_modules/express/lib/router/index.js:175:3)
    at router (/Users/chanu/Desktop/chanFiles/VScode/EZEN/studynote/07_NodeJs/node_modules/express/lib/router/index.js:47:12)
22/07/09 16:19:00 774 [debug]: 클라이언트의 접속이 종료되었습니다. ::: [runtime] 4ms
22/07/09 16:19:00 774 [debug]: - - - - - - - - - - - - - - - - - - - - - - - - - -
22/07/09 16:23:25 738 [debug]: -----------------------------------
22/07/09 16:23:25 740 [debug]: |       Start Express Server      |
22/07/09 16:23:25 741 [debug]: -----------------------------------
22/07/09 16:23:25 742 [debug]: server address => http://172.30.57.218:3001
22/07/09 16:23:25 742 [debug]: - - - - - - - - - - - - - - - - - -
22/07/09 16:23:47 403 [debug]: -----------------------------------
22/07/09 16:23:47 405 [debug]: |       Start Express Server      |
22/07/09 16:23:47 406 [debug]: -----------------------------------
22/07/09 16:23:47 406 [debug]: server address => http://172.30.57.218:3001
22/07/09 16:23:47 406 [debug]: - - - - - - - - - - - - - - - - - -
22/07/09 16:23:51 157 [debug]: 클라이언트가 접속했습니다.
22/07/09 16:23:51 158 [debug]: [Client] ::ffff:127.0.0.1 / unknown / insomnia / unknown
22/07/09 16:23:51 158 [debug]: [GET] http://localhost:3001/api_test/custom_error
22/07/09 16:23:51 174 [error]: [Error] 개발자가 직접 생성한 에러가 발생했습니다.
22/07/09 16:23:51 175 [error]: Error: 개발자가 직접 생성한 에러가 발생했습니다.
    at file:///Users/chanu/Desktop/chanFiles/VScode/EZEN/studynote/07_NodeJs/12-route/controllers/ApiTest.js:13:15
    at Layer.handle [as handle_request] (/Users/chanu/Desktop/chanFiles/VScode/EZEN/studynote/07_NodeJs/node_modules/express/lib/router/layer.js:95:5)
    at next (/Users/chanu/Desktop/chanFiles/VScode/EZEN/studynote/07_NodeJs/node_modules/express/lib/router/route.js:144:13)
    at Route.dispatch (/Users/chanu/Desktop/chanFiles/VScode/EZEN/studynote/07_NodeJs/node_modules/express/lib/router/route.js:114:3)
    at Layer.handle [as handle_request] (/Users/chanu/Desktop/chanFiles/VScode/EZEN/studynote/07_NodeJs/node_modules/express/lib/router/layer.js:95:5)
    at /Users/chanu/Desktop/chanFiles/VScode/EZEN/studynote/07_NodeJs/node_modules/express/lib/router/index.js:284:15
    at Function.process_params (/Users/chanu/Desktop/chanFiles/VScode/EZEN/studynote/07_NodeJs/node_modules/express/lib/router/index.js:346:12)
    at next (/Users/chanu/Desktop/chanFiles/VScode/EZEN/studynote/07_NodeJs/node_modules/express/lib/router/index.js:280:10)
    at Function.handle (/Users/chanu/Desktop/chanFiles/VScode/EZEN/studynote/07_NodeJs/node_modules/express/lib/router/index.js:175:3)
    at router (/Users/chanu/Desktop/chanFiles/VScode/EZEN/studynote/07_NodeJs/node_modules/express/lib/router/index.js:47:12)
22/07/09 16:23:51 180 [debug]: 클라이언트의 접속이 종료되었습니다. ::: [runtime] 22ms
22/07/09 16:23:51 181 [debug]: - - - - - - - - - - - - - - - - - - - - - - - - - -
22/07/09 16:23:52 794 [debug]: 클라이언트가 접속했습니다.
22/07/09 16:23:52 794 [debug]: [Client] ::ffff:127.0.0.1 / unknown / insomnia / unknown
22/07/09 16:23:52 794 [debug]: [GET] http://localhost:3001/api_test/custom_error
22/07/09 16:23:52 797 [error]: [Error] 개발자가 직접 생성한 에러가 발생했습니다.
22/07/09 16:23:52 797 [error]: Error: 개발자가 직접 생성한 에러가 발생했습니다.
    at file:///Users/chanu/Desktop/chanFiles/VScode/EZEN/studynote/07_NodeJs/12-route/controllers/ApiTest.js:13:15
    at Layer.handle [as handle_request] (/Users/chanu/Desktop/chanFiles/VScode/EZEN/studynote/07_NodeJs/node_modules/express/lib/router/layer.js:95:5)
    at next (/Users/chanu/Desktop/chanFiles/VScode/EZEN/studynote/07_NodeJs/node_modules/express/lib/router/route.js:144:13)
    at Route.dispatch (/Users/chanu/Desktop/chanFiles/VScode/EZEN/studynote/07_NodeJs/node_modules/express/lib/router/route.js:114:3)
    at Layer.handle [as handle_request] (/Users/chanu/Desktop/chanFiles/VScode/EZEN/studynote/07_NodeJs/node_modules/express/lib/router/layer.js:95:5)
    at /Users/chanu/Desktop/chanFiles/VScode/EZEN/studynote/07_NodeJs/node_modules/express/lib/router/index.js:284:15
    at Function.process_params (/Users/chanu/Desktop/chanFiles/VScode/EZEN/studynote/07_NodeJs/node_modules/express/lib/router/index.js:346:12)
    at next (/Users/chanu/Desktop/chanFiles/VScode/EZEN/studynote/07_NodeJs/node_modules/express/lib/router/index.js:280:10)
    at Function.handle (/Users/chanu/Desktop/chanFiles/VScode/EZEN/studynote/07_NodeJs/node_modules/express/lib/router/index.js:175:3)
    at router (/Users/chanu/Desktop/chanFiles/VScode/EZEN/studynote/07_NodeJs/node_modules/express/lib/router/index.js:47:12)
22/07/09 16:23:52 798 [debug]: 클라이언트의 접속이 종료되었습니다. ::: [runtime] 4ms
22/07/09 16:23:52 798 [debug]: - - - - - - - - - - - - - - - - - - - - - - - - - -
22/07/09 16:24:46 882 [debug]: -----------------------------------
22/07/09 16:24:46 885 [debug]: |       Start Express Server      |
22/07/09 16:24:46 885 [debug]: -----------------------------------
22/07/09 16:24:46 886 [debug]: server address => http://172.30.57.218:3001
22/07/09 16:24:46 887 [debug]: - - - - - - - - - - - - - - - - - -
22/07/09 16:24:58 991 [debug]: -----------------------------------
22/07/09 16:24:58 993 [debug]: |       Start Express Server      |
22/07/09 16:24:58 994 [debug]: -----------------------------------
22/07/09 16:24:58 994 [debug]: server address => http://172.30.57.218:3001
22/07/09 16:24:58 995 [debug]: - - - - - - - - - - - - - - - - - -
22/07/09 16:25:02 761 [debug]: 클라이언트가 접속했습니다.
22/07/09 16:25:02 761 [debug]: [Client] ::ffff:127.0.0.1 / unknown / insomnia / unknown
22/07/09 16:25:02 762 [debug]: [GET] http://localhost:3001/api_test/custom_error
22/07/09 16:25:02 777 [error]: [Error] 페이지를 찾을 수 없습니다.
22/07/09 16:25:02 777 [error]: Error: 페이지를 찾을 수 없습니다.
    at file:///Users/chanu/Desktop/chanFiles/VScode/EZEN/studynote/07_NodeJs/12-route/app.js:196:48
    at Layer.handle [as handle_request] (/Users/chanu/Desktop/chanFiles/VScode/EZEN/studynote/07_NodeJs/node_modules/express/lib/router/layer.js:95:5)
    at trim_prefix (/Users/chanu/Desktop/chanFiles/VScode/EZEN/studynote/07_NodeJs/node_modules/express/lib/router/index.js:328:13)
    at /Users/chanu/Desktop/chanFiles/VScode/EZEN/studynote/07_NodeJs/node_modules/express/lib/router/index.js:286:9
    at param (/Users/chanu/Desktop/chanFiles/VScode/EZEN/studynote/07_NodeJs/node_modules/express/lib/router/index.js:365:14)
    at param (/Users/chanu/Desktop/chanFiles/VScode/EZEN/studynote/07_NodeJs/node_modules/express/lib/router/index.js:376:14)
    at Function.process_params (/Users/chanu/Desktop/chanFiles/VScode/EZEN/studynote/07_NodeJs/node_modules/express/lib/router/index.js:421:3)
    at next (/Users/chanu/Desktop/chanFiles/VScode/EZEN/studynote/07_NodeJs/node_modules/express/lib/router/index.js:280:10)
    at Layer.handle [as handle_request] (/Users/chanu/Desktop/chanFiles/VScode/EZEN/studynote/07_NodeJs/node_modules/express/lib/router/layer.js:91:12)
    at trim_prefix (/Users/chanu/Desktop/chanFiles/VScode/EZEN/studynote/07_NodeJs/node_modules/express/lib/router/index.js:328:13)
22/07/09 16:25:02 782 [debug]: 클라이언트의 접속이 종료되었습니다. ::: [runtime] 21ms
22/07/09 16:25:02 782 [debug]: - - - - - - - - - - - - - - - - - - - - - - - - - -
22/07/09 16:25:07 326 [debug]: -----------------------------------
22/07/09 16:25:07 329 [debug]: |       Start Express Server      |
22/07/09 16:25:07 329 [debug]: -----------------------------------
22/07/09 16:25:07 329 [debug]: server address => http://172.30.57.218:3001
22/07/09 16:25:07 330 [debug]: - - - - - - - - - - - - - - - - - -
22/07/09 16:25:24 011 [debug]: 클라이언트가 접속했습니다.
22/07/09 16:25:24 012 [debug]: [Client] ::ffff:127.0.0.1 / unknown / insomnia / unknown
22/07/09 16:25:24 012 [debug]: [GET] http://localhost:3001/api_test/custom_error
22/07/09 16:25:24 027 [error]: [Error] 개발자가 직접 생성한 에러가 발생했습니다.
22/07/09 16:25:24 028 [error]: Error: 개발자가 직접 생성한 에러가 발생했습니다.
    at file:///Users/chanu/Desktop/chanFiles/VScode/EZEN/studynote/07_NodeJs/12-route/controllers/ApiTest.js:13:15
    at Layer.handle [as handle_request] (/Users/chanu/Desktop/chanFiles/VScode/EZEN/studynote/07_NodeJs/node_modules/express/lib/router/layer.js:95:5)
    at next (/Users/chanu/Desktop/chanFiles/VScode/EZEN/studynote/07_NodeJs/node_modules/express/lib/router/route.js:144:13)
    at Route.dispatch (/Users/chanu/Desktop/chanFiles/VScode/EZEN/studynote/07_NodeJs/node_modules/express/lib/router/route.js:114:3)
    at Layer.handle [as handle_request] (/Users/chanu/Desktop/chanFiles/VScode/EZEN/studynote/07_NodeJs/node_modules/express/lib/router/layer.js:95:5)
    at /Users/chanu/Desktop/chanFiles/VScode/EZEN/studynote/07_NodeJs/node_modules/express/lib/router/index.js:284:15
    at Function.process_params (/Users/chanu/Desktop/chanFiles/VScode/EZEN/studynote/07_NodeJs/node_modules/express/lib/router/index.js:346:12)
    at next (/Users/chanu/Desktop/chanFiles/VScode/EZEN/studynote/07_NodeJs/node_modules/express/lib/router/index.js:280:10)
    at Function.handle (/Users/chanu/Desktop/chanFiles/VScode/EZEN/studynote/07_NodeJs/node_modules/express/lib/router/index.js:175:3)
    at router (/Users/chanu/Desktop/chanFiles/VScode/EZEN/studynote/07_NodeJs/node_modules/express/lib/router/index.js:47:12)
22/07/09 16:25:24 033 [debug]: 클라이언트의 접속이 종료되었습니다. ::: [runtime] 21ms
22/07/09 16:25:24 033 [debug]: - - - - - - - - - - - - - - - - - - - - - - - - - -
22/07/09 16:25:37 920 [debug]: -----------------------------------
22/07/09 16:25:37 922 [debug]: |       Start Express Server      |
22/07/09 16:25:37 923 [debug]: -----------------------------------
22/07/09 16:25:37 924 [debug]: server address => http://172.30.57.218:3001
22/07/09 16:25:37 924 [debug]: - - - - - - - - - - - - - - - - - -
22/07/09 16:34:47 200 [debug]: 클라이언트가 접속했습니다.
22/07/09 16:34:47 200 [debug]: [Client] ::ffff:127.0.0.1 / unknown / insomnia / unknown
22/07/09 16:34:47 201 [debug]: [GET] http://localhost:3001/api_test/api_test/make_result
22/07/09 16:34:47 218 [error]: [Error] 페이지를 찾을 수 없습니다.
22/07/09 16:34:47 219 [error]: Error: 페이지를 찾을 수 없습니다.
    at file:///Users/chanu/Desktop/chanFiles/VScode/EZEN/studynote/07_NodeJs/12-route/app.js:196:48
    at Layer.handle [as handle_request] (/Users/chanu/Desktop/chanFiles/VScode/EZEN/studynote/07_NodeJs/node_modules/express/lib/router/layer.js:95:5)
    at trim_prefix (/Users/chanu/Desktop/chanFiles/VScode/EZEN/studynote/07_NodeJs/node_modules/express/lib/router/index.js:328:13)
    at /Users/chanu/Desktop/chanFiles/VScode/EZEN/studynote/07_NodeJs/node_modules/express/lib/router/index.js:286:9
    at param (/Users/chanu/Desktop/chanFiles/VScode/EZEN/studynote/07_NodeJs/node_modules/express/lib/router/index.js:365:14)
    at param (/Users/chanu/Desktop/chanFiles/VScode/EZEN/studynote/07_NodeJs/node_modules/express/lib/router/index.js:376:14)
    at Function.process_params (/Users/chanu/Desktop/chanFiles/VScode/EZEN/studynote/07_NodeJs/node_modules/express/lib/router/index.js:421:3)
    at next (/Users/chanu/Desktop/chanFiles/VScode/EZEN/studynote/07_NodeJs/node_modules/express/lib/router/index.js:280:10)
    at Layer.handle [as handle_request] (/Users/chanu/Desktop/chanFiles/VScode/EZEN/studynote/07_NodeJs/node_modules/express/lib/router/layer.js:91:12)
    at trim_prefix (/Users/chanu/Desktop/chanFiles/VScode/EZEN/studynote/07_NodeJs/node_modules/express/lib/router/index.js:328:13)
22/07/09 16:34:47 224 [debug]: 클라이언트의 접속이 종료되었습니다. ::: [runtime] 24ms
22/07/09 16:34:47 224 [debug]: - - - - - - - - - - - - - - - - - - - - - - - - - -
22/07/09 16:35:09 553 [debug]: 클라이언트가 접속했습니다.
22/07/09 16:35:09 553 [debug]: [Client] ::ffff:127.0.0.1 / unknown / insomnia / unknown
22/07/09 16:35:09 553 [debug]: [GET] http://localhost:3001/api_test/make_result
22/07/09 16:35:09 557 [debug]: [HTTP %s Params] %s=%s
22/07/09 16:35:09 557 [debug]: [HTTP %s Params] %s=%s
22/07/09 16:35:09 558 [error]: [Error] num1의 값이 없습니다.
22/07/09 16:35:09 558 [error]: Error: num1의 값이 없습니다.
    at RegexHelper.value (file:///Users/chanu/Desktop/chanFiles/VScode/EZEN/studynote/07_NodeJs/helper/RegexHelper.js:22:13)
    at file:///Users/chanu/Desktop/chanFiles/VScode/EZEN/studynote/07_NodeJs/12-route/controllers/ApiTest.js:28:19
    at Layer.handle [as handle_request] (/Users/chanu/Desktop/chanFiles/VScode/EZEN/studynote/07_NodeJs/node_modules/express/lib/router/layer.js:95:5)
    at next (/Users/chanu/Desktop/chanFiles/VScode/EZEN/studynote/07_NodeJs/node_modules/express/lib/router/route.js:144:13)
    at Route.dispatch (/Users/chanu/Desktop/chanFiles/VScode/EZEN/studynote/07_NodeJs/node_modules/express/lib/router/route.js:114:3)
    at Layer.handle [as handle_request] (/Users/chanu/Desktop/chanFiles/VScode/EZEN/studynote/07_NodeJs/node_modules/express/lib/router/layer.js:95:5)
    at /Users/chanu/Desktop/chanFiles/VScode/EZEN/studynote/07_NodeJs/node_modules/express/lib/router/index.js:284:15
    at Function.process_params (/Users/chanu/Desktop/chanFiles/VScode/EZEN/studynote/07_NodeJs/node_modules/express/lib/router/index.js:346:12)
    at next (/Users/chanu/Desktop/chanFiles/VScode/EZEN/studynote/07_NodeJs/node_modules/express/lib/router/index.js:280:10)
    at Function.handle (/Users/chanu/Desktop/chanFiles/VScode/EZEN/studynote/07_NodeJs/node_modules/express/lib/router/index.js:175:3)
22/07/09 16:35:09 560 [debug]: 클라이언트의 접속이 종료되었습니다. ::: [runtime] 7ms
22/07/09 16:35:09 561 [debug]: - - - - - - - - - - - - - - - - - - - - - - - - - -
22/07/09 16:35:16 634 [debug]: 클라이언트가 접속했습니다.
22/07/09 16:35:16 634 [debug]: [Client] ::ffff:127.0.0.1 / unknown / insomnia / unknown
22/07/09 16:35:16 634 [debug]: [GET] http://localhost:3001/api_test/make_result
22/07/09 16:35:16 636 [debug]: [HTTP %s Params] %s=%s
22/07/09 16:35:16 636 [debug]: [HTTP %s Params] %s=%s
22/07/09 16:35:16 637 [error]: [Error] num1의 값이 없습니다.
22/07/09 16:35:16 637 [error]: Error: num1의 값이 없습니다.
    at RegexHelper.value (file:///Users/chanu/Desktop/chanFiles/VScode/EZEN/studynote/07_NodeJs/helper/RegexHelper.js:22:13)
    at file:///Users/chanu/Desktop/chanFiles/VScode/EZEN/studynote/07_NodeJs/12-route/controllers/ApiTest.js:28:19
    at Layer.handle [as handle_request] (/Users/chanu/Desktop/chanFiles/VScode/EZEN/studynote/07_NodeJs/node_modules/express/lib/router/layer.js:95:5)
    at next (/Users/chanu/Desktop/chanFiles/VScode/EZEN/studynote/07_NodeJs/node_modules/express/lib/router/route.js:144:13)
    at Route.dispatch (/Users/chanu/Desktop/chanFiles/VScode/EZEN/studynote/07_NodeJs/node_modules/express/lib/router/route.js:114:3)
    at Layer.handle [as handle_request] (/Users/chanu/Desktop/chanFiles/VScode/EZEN/studynote/07_NodeJs/node_modules/express/lib/router/layer.js:95:5)
    at /Users/chanu/Desktop/chanFiles/VScode/EZEN/studynote/07_NodeJs/node_modules/express/lib/router/index.js:284:15
    at Function.process_params (/Users/chanu/Desktop/chanFiles/VScode/EZEN/studynote/07_NodeJs/node_modules/express/lib/router/index.js:346:12)
    at next (/Users/chanu/Desktop/chanFiles/VScode/EZEN/studynote/07_NodeJs/node_modules/express/lib/router/index.js:280:10)
    at Function.handle (/Users/chanu/Desktop/chanFiles/VScode/EZEN/studynote/07_NodeJs/node_modules/express/lib/router/index.js:175:3)
22/07/09 16:35:16 638 [debug]: 클라이언트의 접속이 종료되었습니다. ::: [runtime] 4ms
22/07/09 16:35:16 638 [debug]: - - - - - - - - - - - - - - - - - - - - - - - - - -
22/07/09 16:36:01 312 [debug]: 클라이언트가 접속했습니다.
22/07/09 16:36:01 312 [debug]: [Client] ::ffff:127.0.0.1 / unknown / insomnia / unknown
22/07/09 16:36:01 312 [debug]: [GET] http://localhost:3001/api_test/make_result?num1=100
22/07/09 16:36:01 314 [debug]: [HTTP %s Params] %s=%s
22/07/09 16:36:01 314 [debug]: [HTTP %s Params] %s=%s
22/07/09 16:36:01 314 [error]: [Error] num2의 값이 없습니다.
22/07/09 16:36:01 314 [error]: Error: num2의 값이 없습니다.
    at RegexHelper.value (file:///Users/chanu/Desktop/chanFiles/VScode/EZEN/studynote/07_NodeJs/helper/RegexHelper.js:22:13)
    at file:///Users/chanu/Desktop/chanFiles/VScode/EZEN/studynote/07_NodeJs/12-route/controllers/ApiTest.js:30:19
    at Layer.handle [as handle_request] (/Users/chanu/Desktop/chanFiles/VScode/EZEN/studynote/07_NodeJs/node_modules/express/lib/router/layer.js:95:5)
    at next (/Users/chanu/Desktop/chanFiles/VScode/EZEN/studynote/07_NodeJs/node_modules/express/lib/router/route.js:144:13)
    at Route.dispatch (/Users/chanu/Desktop/chanFiles/VScode/EZEN/studynote/07_NodeJs/node_modules/express/lib/router/route.js:114:3)
    at Layer.handle [as handle_request] (/Users/chanu/Desktop/chanFiles/VScode/EZEN/studynote/07_NodeJs/node_modules/express/lib/router/layer.js:95:5)
    at /Users/chanu/Desktop/chanFiles/VScode/EZEN/studynote/07_NodeJs/node_modules/express/lib/router/index.js:284:15
    at Function.process_params (/Users/chanu/Desktop/chanFiles/VScode/EZEN/studynote/07_NodeJs/node_modules/express/lib/router/index.js:346:12)
    at next (/Users/chanu/Desktop/chanFiles/VScode/EZEN/studynote/07_NodeJs/node_modules/express/lib/router/index.js:280:10)
    at Function.handle (/Users/chanu/Desktop/chanFiles/VScode/EZEN/studynote/07_NodeJs/node_modules/express/lib/router/index.js:175:3)
22/07/09 16:36:01 315 [debug]: 클라이언트의 접속이 종료되었습니다. ::: [runtime] 3ms
22/07/09 16:36:01 316 [debug]: - - - - - - - - - - - - - - - - - - - - - - - - - -
22/07/09 16:36:06 143 [debug]: 클라이언트가 접속했습니다.
22/07/09 16:36:06 144 [debug]: [Client] ::ffff:127.0.0.1 / unknown / insomnia / unknown
22/07/09 16:36:06 144 [debug]: [GET] http://localhost:3001/api_test/make_result?num1=100&num2=200
22/07/09 16:36:06 145 [debug]: [HTTP %s Params] %s=%s
22/07/09 16:36:06 145 [debug]: [HTTP %s Params] %s=%s
22/07/09 16:36:06 146 [debug]: 클라이언트의 접속이 종료되었습니다. ::: [runtime] 2ms
22/07/09 16:36:06 146 [debug]: - - - - - - - - - - - - - - - - - - - - - - - - - -
22/07/09 16:38:59 439 [debug]: 클라이언트가 접속했습니다.
22/07/09 16:38:59 439 [debug]: [Client] ::ffff:127.0.0.1 / unknown / insomnia / unknown
22/07/09 16:38:59 440 [debug]: [GET] http://localhost:3001/api_test/make_result?num1=100&num2=999
22/07/09 16:38:59 442 [debug]: [HTTP %s Params] %s=%s
22/07/09 16:38:59 442 [debug]: [HTTP %s Params] %s=%s
22/07/09 16:38:59 443 [debug]: 클라이언트의 접속이 종료되었습니다. ::: [runtime] 4ms
22/07/09 16:38:59 443 [debug]: - - - - - - - - - - - - - - - - - - - - - - - - - -
22/07/09 16:39:42 642 [debug]: 클라이언트가 접속했습니다.
22/07/09 16:39:42 642 [debug]: [Client] ::ffff:127.0.0.1 / unknown / insomnia / unknown
22/07/09 16:39:42 643 [debug]: [GET] http://localhost:3001/api_test/make_result?num1=100&num2=999
22/07/09 16:39:42 644 [debug]: [HTTP %s Params] %s=%s
22/07/09 16:39:42 644 [debug]: [HTTP %s Params] %s=%s
22/07/09 16:39:42 645 [debug]: 클라이언트의 접속이 종료되었습니다. ::: [runtime] 3ms
22/07/09 16:39:42 645 [debug]: - - - - - - - - - - - - - - - - - - - - - - - - - -
22/07/09 16:42:21 096 [debug]: 클라이언트가 접속했습니다.
22/07/09 16:42:21 096 [debug]: [Client] ::ffff:127.0.0.1 / unknown / insomnia / unknown
22/07/09 16:42:21 096 [debug]: [GET] http://localhost:3001/api_test/make_result?num1=100&num2=111
22/07/09 16:42:21 097 [debug]: [HTTP %s Params] %s=%s
22/07/09 16:42:21 097 [debug]: [HTTP %s Params] %s=%s
22/07/09 16:42:21 098 [debug]: 클라이언트의 접속이 종료되었습니다. ::: [runtime] 2ms
22/07/09 16:42:21 098 [debug]: - - - - - - - - - - - - - - - - - - - - - - - - - -
22/07/09 16:42:58 266 [debug]: 클라이언트가 접속했습니다.
22/07/09 16:42:58 266 [debug]: [Client] ::ffff:127.0.0.1 / unknown / insomnia / unknown
22/07/09 16:42:58 266 [debug]: [GET] http://localhost:3001/api_test/make_result?num1=100&num2=111
22/07/09 16:42:58 268 [debug]: [HTTP %s Params] %s=%s
22/07/09 16:42:58 268 [debug]: [HTTP %s Params] %s=%s
22/07/09 16:42:58 269 [debug]: 클라이언트의 접속이 종료되었습니다. ::: [runtime] 3ms
22/07/09 16:42:58 269 [debug]: - - - - - - - - - - - - - - - - - - - - - - - - - -
22/07/09 16:44:56 535 [debug]: -----------------------------------
22/07/09 16:44:56 537 [debug]: |       Start Express Server      |
22/07/09 16:44:56 537 [debug]: -----------------------------------
22/07/09 16:44:56 538 [debug]: server address => http://172.30.57.218:3001
22/07/09 16:44:56 538 [debug]: - - - - - - - - - - - - - - - - - -
22/07/09 16:44:58 481 [debug]: 클라이언트가 접속했습니다.
22/07/09 16:44:58 481 [debug]: [Client] ::ffff:127.0.0.1 / unknown / insomnia / unknown
22/07/09 16:44:58 482 [debug]: [GET] http://localhost:3001/api_test/make_result?num1=100&num2=111
22/07/09 16:44:58 498 [debug]: [HTTP %s Params] %s=%s
22/07/09 16:44:58 498 [debug]: [HTTP %s Params] %s=%s
22/07/09 16:44:58 506 [debug]: 클라이언트의 접속이 종료되었습니다. ::: [runtime] 25ms
22/07/09 16:44:58 506 [debug]: - - - - - - - - - - - - - - - - - - - - - - - - - -
22/07/09 16:45:45 333 [debug]: 클라이언트가 접속했습니다.
22/07/09 16:45:45 334 [debug]: [Client] ::ffff:127.0.0.1 / unknown / insomnia / unknown
22/07/09 16:45:45 334 [debug]: [GET] http://localhost:3001/api_test/make_result?num1=100&num2=111
22/07/09 16:45:45 337 [debug]: [HTTP %s Params] %s=%s
22/07/09 16:45:45 337 [debug]: [HTTP %s Params] %s=%s
22/07/09 16:45:45 338 [debug]: 클라이언트의 접속이 종료되었습니다. ::: [runtime] 4ms
22/07/09 16:45:45 339 [debug]: - - - - - - - - - - - - - - - - - - - - - - - - - -
22/07/09 16:46:06 927 [debug]: 클라이언트가 접속했습니다.
22/07/09 16:46:06 927 [debug]: [Client] ::ffff:127.0.0.1 / unknown / insomnia / unknown
22/07/09 16:46:06 928 [debug]: [GET] http://localhost:3001/api_test/make_result?num1=100&num2=111
22/07/09 16:46:06 929 [debug]: [HTTP %s Params] %s=%s
22/07/09 16:46:06 930 [debug]: [HTTP %s Params] %s=%s
22/07/09 16:46:06 930 [debug]: 클라이언트의 접속이 종료되었습니다. ::: [runtime] 3ms
22/07/09 16:46:06 931 [debug]: - - - - - - - - - - - - - - - - - - - - - - - - - -
22/07/09 16:46:10 431 [debug]: 클라이언트가 접속했습니다.
22/07/09 16:46:10 431 [debug]: [Client] ::ffff:127.0.0.1 / unknown / insomnia / unknown
22/07/09 16:46:10 432 [debug]: [GET] http://localhost:3001/api_test/make_result?num1=100&num2=222
22/07/09 16:46:10 433 [debug]: [HTTP %s Params] %s=%s
22/07/09 16:46:10 433 [debug]: [HTTP %s Params] %s=%s
22/07/09 16:46:10 434 [debug]: 클라이언트의 접속이 종료되었습니다. ::: [runtime] 3ms
22/07/09 16:46:10 434 [debug]: - - - - - - - - - - - - - - - - - - - - - - - - - -
22/07/09 16:46:55 905 [debug]: 클라이언트가 접속했습니다.
22/07/09 16:46:55 905 [debug]: [Client] ::ffff:127.0.0.1 / unknown / insomnia / unknown
22/07/09 16:46:55 905 [debug]: [GET] http://localhost:3001/api_test/make_result?num1=100&num2=222
22/07/09 16:46:55 907 [debug]: [HTTP %s Params] %s=%s
22/07/09 16:46:55 907 [debug]: [HTTP %s Params] %s=%s
22/07/09 16:46:55 908 [debug]: 클라이언트의 접속이 종료되었습니다. ::: [runtime] 3ms
22/07/09 16:46:55 908 [debug]: - - - - - - - - - - - - - - - - - - - - - - - - - -
22/07/09 16:47:55 196 [debug]: 클라이언트가 접속했습니다.
22/07/09 16:47:55 196 [debug]: [Client] ::ffff:127.0.0.1 / unknown / insomnia / unknown
22/07/09 16:47:55 196 [debug]: [GET] http://localhost:3001/api_test/make_result?num1=100&num2=333
22/07/09 16:47:55 198 [debug]: [HTTP %s Params] %s=%s
22/07/09 16:47:55 199 [debug]: [HTTP %s Params] %s=%s
22/07/09 16:47:55 200 [debug]: 클라이언트의 접속이 종료되었습니다. ::: [runtime] 4ms
22/07/09 16:47:55 200 [debug]: - - - - - - - - - - - - - - - - - - - - - - - - - -
22/07/09 16:48:50 678 [debug]: 클라이언트가 접속했습니다.
22/07/09 16:48:50 678 [debug]: [Client] ::ffff:127.0.0.1 / unknown / insomnia / unknown
22/07/09 16:48:50 678 [debug]: [GET] http://localhost:3001/api_test/make_result?num1=100&num2=444
22/07/09 16:48:50 680 [debug]: [HTTP %s Params] %s=%s
22/07/09 16:48:50 680 [debug]: [HTTP %s Params] %s=%s
22/07/09 16:48:50 681 [debug]: 클라이언트의 접속이 종료되었습니다. ::: [runtime] 3ms
22/07/09 16:48:50 681 [debug]: - - - - - - - - - - - - - - - - - - - - - - - - - -
22/07/09 16:49:54 376 [debug]: 클라이언트가 접속했습니다.
22/07/09 16:49:54 376 [debug]: [Client] ::ffff:127.0.0.1 / unknown / insomnia / unknown
22/07/09 16:49:54 376 [debug]: [GET] http://localhost:3001/api_test/make_result?num1=100&num2=555
22/07/09 16:49:54 378 [debug]: [HTTP %s Params] %s=%s
22/07/09 16:49:54 378 [debug]: [HTTP %s Params] %s=%s
22/07/09 16:49:54 378 [debug]: 클라이언트의 접속이 종료되었습니다. ::: [runtime] 2ms
22/07/09 16:49:54 379 [debug]: - - - - - - - - - - - - - - - - - - - - - - - - - -
22/07/09 16:51:18 161 [debug]: -----------------------------------
22/07/09 16:51:18 163 [debug]: |       Start Express Server      |
22/07/09 16:51:18 164 [debug]: -----------------------------------
22/07/09 16:51:18 164 [debug]: server address => http://172.30.57.218:3001
22/07/09 16:51:18 164 [debug]: - - - - - - - - - - - - - - - - - -
22/07/09 16:51:21 548 [debug]: 클라이언트가 접속했습니다.
22/07/09 16:51:21 549 [debug]: [Client] ::ffff:127.0.0.1 / unknown / insomnia / unknown
22/07/09 16:51:21 550 [debug]: [GET] http://localhost:3001/api_test/make_result?num1=100&num2=555
22/07/09 16:51:21 564 [debug]: [HTTP %s Params] %s=%s
22/07/09 16:51:21 564 [debug]: [HTTP %s Params] %s=%s
22/07/09 16:51:21 572 [debug]: 클라이언트의 접속이 종료되었습니다. ::: [runtime] 23ms
22/07/09 16:51:21 572 [debug]: - - - - - - - - - - - - - - - - - - - - - - - - - -
22/07/09 16:51:35 100 [debug]: -----------------------------------
22/07/09 16:51:35 102 [debug]: |       Start Express Server      |
22/07/09 16:51:35 103 [debug]: -----------------------------------
22/07/09 16:51:35 103 [debug]: server address => http://172.30.57.218:3001
22/07/09 16:51:35 104 [debug]: - - - - - - - - - - - - - - - - - -
22/07/09 16:51:38 313 [debug]: -----------------------------------
22/07/09 16:51:38 316 [debug]: |       Start Express Server      |
22/07/09 16:51:38 316 [debug]: -----------------------------------
22/07/09 16:51:38 316 [debug]: server address => http://172.30.57.218:3001
22/07/09 16:51:38 317 [debug]: - - - - - - - - - - - - - - - - - -
