22/07/04 11:56:01 659 [debug]: -----------------------------------
22/07/04 11:56:01 661 [debug]: |       Start Express Server      |
22/07/04 11:56:01 662 [debug]: -----------------------------------
22/07/04 11:56:01 662 [debug]: server address => http://192.168.10.103:3001
22/07/04 11:56:01 662 [debug]: - - - - - - - - - - - - - - - - - -
22/07/04 12:00:52 608 [debug]: -----------------------------------
22/07/04 12:00:52 611 [debug]: |       Start Express Server      |
22/07/04 12:00:52 611 [debug]: -----------------------------------
22/07/04 12:00:52 612 [debug]: server address => http://192.168.10.103:3001
22/07/04 12:00:52 612 [debug]: - - - - - - - - - - - - - - - - - -
22/07/04 12:01:38 206 [debug]: 클라이언트가 접속했습니다.
22/07/04 12:01:38 206 [debug]: [Client] ::ffff:127.0.0.1 / unknown / insomnia / unknown
22/07/04 12:01:38 207 [debug]: [POST] http://localhost:3001/upload/single
22/07/04 12:01:38 228 [debug]: 클라이언트의 접속이 종료되었습니다. ::: [runtime] 22ms
22/07/04 12:01:38 229 [debug]: - - - - - - - - - - - - - - - - - - - - - - - - - -
22/07/04 12:06:34 647 [debug]: -----------------------------------
22/07/04 12:06:34 649 [debug]: |       Start Express Server      |
22/07/04 12:06:34 649 [debug]: -----------------------------------
22/07/04 12:06:34 650 [debug]: server address => http://192.168.10.103:3001
22/07/04 12:06:34 650 [debug]: - - - - - - - - - - - - - - - - - -
22/07/04 12:06:42 712 [debug]: 클라이언트가 접속했습니다.
22/07/04 12:06:42 713 [debug]: [Client] ::ffff:127.0.0.1 / unknown / insomnia / unknown
22/07/04 12:06:42 714 [debug]: [POST] http://localhost:3001/upload/single
22/07/04 12:06:42 734 [debug]: 클라이언트의 접속이 종료되었습니다. ::: [runtime] 21ms
22/07/04 12:06:42 735 [debug]: - - - - - - - - - - - - - - - - - - - - - - - - - -
22/07/04 12:07:28 502 [debug]: -----------------------------------
22/07/04 12:07:28 504 [debug]: |       Start Express Server      |
22/07/04 12:07:28 504 [debug]: -----------------------------------
22/07/04 12:07:28 505 [debug]: server address => http://192.168.10.103:3001
22/07/04 12:07:28 505 [debug]: - - - - - - - - - - - - - - - - - -
22/07/04 12:08:02 344 [debug]: -----------------------------------
22/07/04 12:08:02 346 [debug]: |       Start Express Server      |
22/07/04 12:08:02 347 [debug]: -----------------------------------
22/07/04 12:08:02 347 [debug]: server address => http://192.168.10.103:3001
22/07/04 12:08:02 347 [debug]: - - - - - - - - - - - - - - - - - -
22/07/04 12:09:58 056 [debug]: -----------------------------------
22/07/04 12:09:58 058 [debug]: |       Start Express Server      |
22/07/04 12:09:58 059 [debug]: -----------------------------------
22/07/04 12:09:58 059 [debug]: server address => http://192.168.10.103:3001
22/07/04 12:09:58 059 [debug]: - - - - - - - - - - - - - - - - - -
22/07/04 12:10:09 102 [debug]: -----------------------------------
22/07/04 12:10:09 104 [debug]: |       Start Express Server      |
22/07/04 12:10:09 104 [debug]: -----------------------------------
22/07/04 12:10:09 105 [debug]: server address => http://192.168.10.103:3001
22/07/04 12:10:09 105 [debug]: - - - - - - - - - - - - - - - - - -
22/07/04 12:10:12 547 [debug]: 클라이언트가 접속했습니다.
22/07/04 12:10:12 548 [debug]: [Client] ::ffff:127.0.0.1 / unknown / insomnia / unknown
22/07/04 12:10:12 549 [debug]: [POST] http://localhost:3001/upload/single
22/07/04 12:10:12 568 [debug]: 클라이언트의 접속이 종료되었습니다. ::: [runtime] 20ms
22/07/04 12:10:12 568 [debug]: - - - - - - - - - - - - - - - - - - - - - - - - - -
22/07/04 12:11:11 269 [debug]: -----------------------------------
22/07/04 12:11:11 271 [debug]: |       Start Express Server      |
22/07/04 12:11:11 272 [debug]: -----------------------------------
22/07/04 12:11:11 272 [debug]: server address => http://192.168.10.103:3001
22/07/04 12:11:11 272 [debug]: - - - - - - - - - - - - - - - - - -
22/07/04 12:12:49 588 [debug]: -----------------------------------
22/07/04 12:12:49 590 [debug]: |       Start Express Server      |
22/07/04 12:12:49 590 [debug]: -----------------------------------
22/07/04 12:12:49 591 [debug]: server address => http://192.168.10.103:3001
22/07/04 12:12:49 591 [debug]: - - - - - - - - - - - - - - - - - -
22/07/04 12:12:51 275 [debug]: 클라이언트가 접속했습니다.
22/07/04 12:12:51 276 [debug]: [Client] ::ffff:127.0.0.1 / unknown / insomnia / unknown
22/07/04 12:12:51 276 [debug]: [POST] http://localhost:3001/upload/single
22/07/04 12:12:51 296 [debug]: 클라이언트의 접속이 종료되었습니다. ::: [runtime] 21ms
22/07/04 12:12:51 296 [debug]: - - - - - - - - - - - - - - - - - - - - - - - - - -
22/07/04 12:14:27 809 [debug]: 클라이언트가 접속했습니다.
22/07/04 12:14:27 810 [debug]: [Client] ::ffff:127.0.0.1 / unknown / insomnia / unknown
22/07/04 12:14:27 810 [debug]: [POST] http://localhost:3001/upload/single
22/07/04 12:14:27 815 [debug]: 클라이언트의 접속이 종료되었습니다. ::: [runtime] 5ms
22/07/04 12:14:27 815 [debug]: - - - - - - - - - - - - - - - - - - - - - - - - - -
22/07/04 12:16:13 883 [debug]: -----------------------------------
22/07/04 12:16:13 885 [debug]: |       Start Express Server      |
22/07/04 12:16:13 886 [debug]: -----------------------------------
22/07/04 12:16:13 886 [debug]: server address => http://192.168.10.103:3001
22/07/04 12:16:13 886 [debug]: - - - - - - - - - - - - - - - - - -
22/07/04 12:16:25 256 [debug]: -----------------------------------
22/07/04 12:16:25 259 [debug]: |       Start Express Server      |
22/07/04 12:16:25 259 [debug]: -----------------------------------
22/07/04 12:16:25 259 [debug]: server address => http://192.168.10.103:3001
22/07/04 12:16:25 260 [debug]: - - - - - - - - - - - - - - - - - -
22/07/04 12:16:26 908 [debug]: -----------------------------------
22/07/04 12:16:26 910 [debug]: |       Start Express Server      |
22/07/04 12:16:26 910 [debug]: -----------------------------------
22/07/04 12:16:26 911 [debug]: server address => http://192.168.10.103:3001
22/07/04 12:16:26 911 [debug]: - - - - - - - - - - - - - - - - - -
22/07/04 12:16:28 500 [debug]: 클라이언트가 접속했습니다.
22/07/04 12:16:28 500 [debug]: [Client] ::ffff:127.0.0.1 / unknown / insomnia / unknown
22/07/04 12:16:28 501 [debug]: [POST] http://localhost:3001/upload/single
22/07/04 12:16:28 522 [debug]: 클라이언트의 접속이 종료되었습니다. ::: [runtime] 22ms
22/07/04 12:16:28 523 [debug]: - - - - - - - - - - - - - - - - - - - - - - - - - -
22/07/04 12:18:09 724 [debug]: -----------------------------------
22/07/04 12:18:09 727 [debug]: |       Start Express Server      |
22/07/04 12:18:09 727 [debug]: -----------------------------------
22/07/04 12:18:09 727 [debug]: server address => http://192.168.10.103:3001
22/07/04 12:18:09 727 [debug]: - - - - - - - - - - - - - - - - - -
22/07/04 12:25:05 487 [debug]: -----------------------------------
22/07/04 12:25:05 490 [debug]: |       Start Express Server      |
22/07/04 12:25:05 490 [debug]: -----------------------------------
22/07/04 12:25:05 491 [debug]: server address => http://192.168.10.103:3001
22/07/04 12:25:05 491 [debug]: - - - - - - - - - - - - - - - - - -
22/07/04 12:25:19 391 [debug]: -----------------------------------
22/07/04 12:25:19 394 [debug]: |       Start Express Server      |
22/07/04 12:25:19 394 [debug]: -----------------------------------
22/07/04 12:25:19 395 [debug]: server address => http://192.168.10.103:3001
22/07/04 12:25:19 395 [debug]: - - - - - - - - - - - - - - - - - -
22/07/04 12:25:38 518 [debug]: -----------------------------------
22/07/04 12:25:38 521 [debug]: |       Start Express Server      |
22/07/04 12:25:38 521 [debug]: -----------------------------------
22/07/04 12:25:38 521 [debug]: server address => http://192.168.10.103:3001
22/07/04 12:25:38 522 [debug]: - - - - - - - - - - - - - - - - - -
22/07/04 12:25:46 078 [debug]: 클라이언트가 접속했습니다.
22/07/04 12:27:21 055 [debug]: -----------------------------------
22/07/04 12:27:21 058 [debug]: |       Start Express Server      |
22/07/04 12:27:21 058 [debug]: -----------------------------------
22/07/04 12:27:21 059 [debug]: server address => http://192.168.10.103:3001
22/07/04 12:27:21 060 [debug]: - - - - - - - - - - - - - - - - - -
22/07/04 12:27:23 147 [debug]: 클라이언트가 접속했습니다.
22/07/04 12:28:54 848 [debug]: -----------------------------------
22/07/04 12:28:54 850 [debug]: |       Start Express Server      |
22/07/04 12:28:54 850 [debug]: -----------------------------------
22/07/04 12:28:54 851 [debug]: server address => http://192.168.10.103:3001
22/07/04 12:28:54 851 [debug]: - - - - - - - - - - - - - - - - - -
22/07/04 12:28:58 143 [debug]: 클라이언트가 접속했습니다.
22/07/04 12:31:22 689 [debug]: -----------------------------------
22/07/04 12:31:22 691 [debug]: |       Start Express Server      |
22/07/04 12:31:22 691 [debug]: -----------------------------------
22/07/04 12:31:22 692 [debug]: server address => http://192.168.10.103:3001
22/07/04 12:31:22 692 [debug]: - - - - - - - - - - - - - - - - - -
22/07/04 12:31:24 883 [debug]: 클라이언트가 접속했습니다.
22/07/04 12:31:32 992 [debug]: -----------------------------------
22/07/04 12:31:32 994 [debug]: |       Start Express Server      |
22/07/04 12:31:32 995 [debug]: -----------------------------------
22/07/04 12:31:32 995 [debug]: server address => http://192.168.10.103:3001
22/07/04 12:31:32 995 [debug]: - - - - - - - - - - - - - - - - - -
22/07/04 12:31:38 615 [debug]: 클라이언트가 접속했습니다.
22/07/04 12:31:38 616 [debug]: [Client] ::ffff:127.0.0.1 / unknown / insomnia / unknown
22/07/04 12:31:38 617 [debug]: [POST] http://localhost:3001/upload/single
22/07/04 12:31:38 637 [debug]: 클라이언트의 접속이 종료되었습니다. ::: [runtime] 21ms
22/07/04 12:31:38 638 [debug]: - - - - - - - - - - - - - - - - - - - - - - - - - -
22/07/04 12:36:13 488 [debug]: -----------------------------------
22/07/04 12:36:13 491 [debug]: |       Start Express Server      |
22/07/04 12:36:13 491 [debug]: -----------------------------------
22/07/04 12:36:13 492 [debug]: server address => http://192.168.10.103:3001
22/07/04 12:36:13 492 [debug]: - - - - - - - - - - - - - - - - - -
22/07/04 12:39:13 181 [debug]: 클라이언트가 접속했습니다.
22/07/04 12:39:13 182 [debug]: [Client] ::1 / macOS Mojave / Chrome / Apple Mac
22/07/04 12:39:13 183 [debug]: [GET] http://localhost:3001/
22/07/04 12:39:13 192 [debug]: 클라이언트의 접속이 종료되었습니다. ::: [runtime] 10ms
22/07/04 12:39:13 193 [debug]: - - - - - - - - - - - - - - - - - - - - - - - - - -
22/07/04 12:41:24 852 [debug]: 클라이언트가 접속했습니다.
22/07/04 12:41:24 852 [debug]: [Client] ::1 / macOS Mojave / Chrome / Apple Mac
22/07/04 12:41:24 852 [debug]: [GET] http://localhost:3001/favicon.ico
22/07/04 12:41:24 861 [debug]: 클라이언트의 접속이 종료되었습니다. ::: [runtime] 9ms
22/07/04 12:41:24 862 [debug]: - - - - - - - - - - - - - - - - - - - - - - - - - -
22/07/04 12:41:30 154 [debug]: 클라이언트가 접속했습니다.
22/07/04 12:41:30 154 [debug]: [Client] ::1 / macOS Mojave / Chrome / Apple Mac
22/07/04 12:41:30 154 [debug]: [GET] http://localhost:3001/upload
22/07/04 12:41:30 157 [debug]: 클라이언트의 접속이 종료되었습니다. ::: [runtime] 3ms
22/07/04 12:41:30 157 [debug]: - - - - - - - - - - - - - - - - - - - - - - - - - -
22/07/04 12:41:43 079 [debug]: 클라이언트가 접속했습니다.
22/07/04 12:41:43 080 [debug]: [Client] ::1 / macOS Mojave / Chrome / Apple Mac
22/07/04 12:41:43 080 [debug]: [GET] http://localhost:3001/upload/1656905498630
22/07/04 12:41:43 082 [debug]: 클라이언트의 접속이 종료되었습니다. ::: [runtime] 2ms
22/07/04 12:41:43 082 [debug]: - - - - - - - - - - - - - - - - - - - - - - - - - -
22/07/04 12:41:46 570 [debug]: 클라이언트가 접속했습니다.
22/07/04 12:41:46 570 [debug]: [Client] ::1 / macOS Mojave / Chrome / Apple Mac
22/07/04 12:41:46 571 [debug]: [GET] http://localhost:3001/upload/1656905498630.png
22/07/04 12:41:46 572 [debug]: 클라이언트의 접속이 종료되었습니다. ::: [runtime] 2ms
22/07/04 12:41:46 572 [debug]: - - - - - - - - - - - - - - - - - - - - - - - - - -
22/07/04 12:42:24 175 [debug]: 클라이언트가 접속했습니다.
22/07/04 12:42:24 175 [debug]: [Client] ::1 / macOS Mojave / Chrome / Apple Mac
22/07/04 12:42:24 176 [debug]: [GET] http://localhost:3001/_files/upload/1656905498630.png
22/07/04 12:42:24 177 [debug]: 클라이언트의 접속이 종료되었습니다. ::: [runtime] 2ms
22/07/04 12:42:24 177 [debug]: - - - - - - - - - - - - - - - - - - - - - - - - - -
22/07/04 12:42:54 525 [debug]: 클라이언트가 접속했습니다.
22/07/04 12:42:54 526 [debug]: [Client] ::1 / macOS Mojave / Chrome / Apple Mac
22/07/04 12:42:54 526 [debug]: [GET] http://localhost:3001/upload_dir/1656905498630.png
22/07/04 12:42:54 529 [debug]: 클라이언트의 접속이 종료되었습니다. ::: [runtime] 4ms
22/07/04 12:42:54 529 [debug]: - - - - - - - - - - - - - - - - - - - - - - - - - -
22/07/04 12:44:00 480 [debug]: 클라이언트가 접속했습니다.
22/07/04 12:44:00 480 [debug]: [Client] ::ffff:127.0.0.1 / unknown / insomnia / unknown
22/07/04 12:44:00 480 [debug]: [POST] http://localhost:3001/upload/single
22/07/04 12:44:00 495 [debug]: 클라이언트의 접속이 종료되었습니다. ::: [runtime] 15ms
22/07/04 12:44:00 495 [debug]: - - - - - - - - - - - - - - - - - - - - - - - - - -
22/07/04 12:44:13 946 [debug]: -----------------------------------
22/07/04 12:44:13 948 [debug]: |       Start Express Server      |
22/07/04 12:44:13 949 [debug]: -----------------------------------
22/07/04 12:44:13 949 [debug]: server address => http://192.168.10.103:3001
22/07/04 12:44:13 950 [debug]: - - - - - - - - - - - - - - - - - -
22/07/04 12:44:16 056 [debug]: 클라이언트가 접속했습니다.
22/07/04 12:44:16 056 [debug]: [Client] ::ffff:127.0.0.1 / unknown / insomnia / unknown
22/07/04 12:44:16 057 [debug]: [POST] http://localhost:3001/upload/single
22/07/04 12:44:16 079 [debug]: 클라이언트의 접속이 종료되었습니다. ::: [runtime] 23ms
22/07/04 12:44:16 080 [debug]: - - - - - - - - - - - - - - - - - - - - - - - - - -
22/07/04 12:44:53 193 [debug]: 클라이언트가 접속했습니다.
22/07/04 12:44:53 193 [debug]: [Client] ::ffff:127.0.0.1 / unknown / insomnia / unknown
22/07/04 12:44:53 193 [debug]: [POST] http://localhost:3001/upload/single
22/07/04 12:44:53 199 [debug]: 클라이언트의 접속이 종료되었습니다. ::: [runtime] 6ms
22/07/04 12:44:53 199 [debug]: - - - - - - - - - - - - - - - - - - - - - - - - - -
22/07/04 12:45:03 115 [debug]: -----------------------------------
22/07/04 12:45:03 118 [debug]: |       Start Express Server      |
22/07/04 12:45:03 118 [debug]: -----------------------------------
22/07/04 12:45:03 119 [debug]: server address => http://192.168.10.103:3001
22/07/04 12:45:03 119 [debug]: - - - - - - - - - - - - - - - - - -
22/07/04 12:45:05 356 [debug]: 클라이언트가 접속했습니다.
22/07/04 12:45:05 357 [debug]: [Client] ::ffff:127.0.0.1 / unknown / insomnia / unknown
22/07/04 12:45:05 358 [debug]: [POST] http://localhost:3001/upload/single
22/07/04 12:45:05 378 [debug]: 클라이언트의 접속이 종료되었습니다. ::: [runtime] 21ms
22/07/04 12:45:05 378 [debug]: - - - - - - - - - - - - - - - - - - - - - - - - - -
22/07/04 12:45:53 119 [debug]: -----------------------------------
22/07/04 12:45:53 122 [debug]: |       Start Express Server      |
22/07/04 12:45:53 122 [debug]: -----------------------------------
22/07/04 12:45:53 122 [debug]: server address => http://192.168.10.103:3001
22/07/04 12:45:53 123 [debug]: - - - - - - - - - - - - - - - - - -
22/07/04 12:47:26 069 [debug]: -----------------------------------
22/07/04 12:47:26 071 [debug]: |       Start Express Server      |
22/07/04 12:47:26 072 [debug]: -----------------------------------
22/07/04 12:47:26 072 [debug]: server address => http://192.168.10.103:3001
22/07/04 12:47:26 072 [debug]: - - - - - - - - - - - - - - - - - -
22/07/04 12:47:31 570 [debug]: -----------------------------------
22/07/04 12:47:31 573 [debug]: |       Start Express Server      |
22/07/04 12:47:31 573 [debug]: -----------------------------------
22/07/04 12:47:31 573 [debug]: server address => http://192.168.10.103:3001
22/07/04 12:47:31 574 [debug]: - - - - - - - - - - - - - - - - - -
22/07/04 12:47:59 429 [debug]: -----------------------------------
22/07/04 12:47:59 431 [debug]: |       Start Express Server      |
22/07/04 12:47:59 431 [debug]: -----------------------------------
22/07/04 12:47:59 432 [debug]: server address => http://192.168.10.103:3001
22/07/04 12:47:59 432 [debug]: - - - - - - - - - - - - - - - - - -
22/07/04 12:50:33 972 [debug]: -----------------------------------
22/07/04 12:50:33 974 [debug]: |       Start Express Server      |
22/07/04 12:50:33 974 [debug]: -----------------------------------
22/07/04 12:50:33 975 [debug]: server address => http://192.168.10.103:3001
22/07/04 12:50:33 975 [debug]: - - - - - - - - - - - - - - - - - -
22/07/04 12:53:59 006 [debug]: -----------------------------------
22/07/04 12:53:59 009 [debug]: |       Start Express Server      |
22/07/04 12:53:59 009 [debug]: -----------------------------------
22/07/04 12:53:59 010 [debug]: server address => http://192.168.10.103:3001
22/07/04 12:53:59 010 [debug]: - - - - - - - - - - - - - - - - - -
22/07/04 12:54:13 456 [debug]: -----------------------------------
22/07/04 12:54:13 458 [debug]: |       Start Express Server      |
22/07/04 12:54:13 459 [debug]: -----------------------------------
22/07/04 12:54:13 459 [debug]: server address => http://192.168.10.103:3001
22/07/04 12:54:13 460 [debug]: - - - - - - - - - - - - - - - - - -
22/07/04 12:55:26 443 [debug]: -----------------------------------
22/07/04 12:55:26 445 [debug]: |       Start Express Server      |
22/07/04 12:55:26 445 [debug]: -----------------------------------
22/07/04 12:55:26 446 [debug]: server address => http://192.168.10.103:3001
22/07/04 12:55:26 446 [debug]: - - - - - - - - - - - - - - - - - -
22/07/04 12:57:44 537 [debug]: -----------------------------------
22/07/04 12:57:44 539 [debug]: |       Start Express Server      |
22/07/04 12:57:44 540 [debug]: -----------------------------------
22/07/04 12:57:44 540 [debug]: server address => http://192.168.10.103:3001
22/07/04 12:57:44 540 [debug]: - - - - - - - - - - - - - - - - - -
22/07/04 12:59:19 856 [debug]: -----------------------------------
22/07/04 12:59:19 859 [debug]: |       Start Express Server      |
22/07/04 12:59:19 859 [debug]: -----------------------------------
22/07/04 12:59:19 860 [debug]: server address => http://192.168.10.103:3001
22/07/04 12:59:19 861 [debug]: - - - - - - - - - - - - - - - - - -
22/07/04 12:59:24 330 [debug]: -----------------------------------
22/07/04 12:59:24 333 [debug]: |       Start Express Server      |
22/07/04 12:59:24 333 [debug]: -----------------------------------
22/07/04 12:59:24 334 [debug]: server address => http://192.168.10.103:3001
22/07/04 12:59:24 334 [debug]: - - - - - - - - - - - - - - - - - -
22/07/04 13:01:25 021 [debug]: -----------------------------------
22/07/04 13:01:25 023 [debug]: |       Start Express Server      |
22/07/04 13:01:25 023 [debug]: -----------------------------------
22/07/04 13:01:25 024 [debug]: server address => http://192.168.10.103:3001
22/07/04 13:01:25 024 [debug]: - - - - - - - - - - - - - - - - - -
22/07/04 13:01:27 065 [debug]: 클라이언트가 접속했습니다.
22/07/04 13:01:27 066 [debug]: [Client] ::ffff:127.0.0.1 / unknown / insomnia / unknown
22/07/04 13:01:27 067 [debug]: [POST] http://localhost:3001/upload/single
22/07/04 13:01:27 088 [debug]: 클라이언트의 접속이 종료되었습니다. ::: [runtime] 22ms
22/07/04 13:01:27 088 [debug]: - - - - - - - - - - - - - - - - - - - - - - - - - -
