22/07/01 09:50:57 824 [debug]: -----------------------------------
22/07/01 09:50:57 827 [debug]: |       Start Express Server      |
22/07/01 09:50:57 827 [debug]: -----------------------------------
22/07/01 09:50:57 828 [debug]: server address => http://192.168.10.103:3001
22/07/01 09:50:57 828 [debug]: - - - - - - - - - - - - - - - - - -
22/07/01 10:42:42 958 [debug]: -----------------------------------
22/07/01 10:42:42 962 [debug]: |       Start Express Server      |
22/07/01 10:42:42 962 [debug]: -----------------------------------
22/07/01 10:42:42 963 [debug]: server address => http://192.168.10.103:3001
22/07/01 10:42:42 963 [debug]: - - - - - - - - - - - - - - - - - -
22/07/01 11:29:45 584 [debug]: -----------------------------------
22/07/01 11:29:45 587 [debug]: |       Start Express Server      |
22/07/01 11:29:45 588 [debug]: -----------------------------------
22/07/01 11:29:45 588 [debug]: server address => http://192.168.10.103:3001
22/07/01 11:29:45 588 [debug]: - - - - - - - - - - - - - - - - - -
22/07/01 11:29:49 864 [debug]: 클라이언트가 접속했습니다.
22/07/01 11:29:49 866 [debug]: [Client] ::ffff:192.168.10.103 / macOS Mojave / Chrome / Apple Mac
22/07/01 11:29:49 866 [debug]: [GET] http://192.168.10.103:3001/
22/07/01 11:29:49 881 [debug]: 클라이언트의 접속이 종료되었습니다. ::: [runtime] 16ms
22/07/01 11:29:49 883 [debug]: - - - - - - - - - - - - - - - - - - - - - - - - - -
22/07/01 11:30:06 822 [debug]: 클라이언트가 접속했습니다.
22/07/01 11:30:06 823 [debug]: [Client] ::ffff:192.168.10.103 / macOS Mojave / Chrome / Apple Mac
22/07/01 11:30:06 823 [debug]: [GET] http://192.168.10.103:3001/06_mail.html
22/07/01 11:30:06 827 [debug]: 클라이언트의 접속이 종료되었습니다. ::: [runtime] 4ms
22/07/01 11:30:06 827 [debug]: - - - - - - - - - - - - - - - - - - - - - - - - - -
22/07/01 11:31:00 018 [debug]: 클라이언트가 접속했습니다.
22/07/01 11:31:00 018 [debug]: [Client] ::ffff:192.168.10.103 / macOS Mojave / Chrome / Apple Mac
22/07/01 11:31:00 018 [debug]: [POST] http://192.168.10.103:3001/send_mail
22/07/01 11:31:01 229 [debug]: 클라이언트의 접속이 종료되었습니다. ::: [runtime] 1211ms
22/07/01 11:31:01 230 [debug]: - - - - - - - - - - - - - - - - - - - - - - - - - -
22/07/01 11:33:15 980 [debug]: 클라이언트가 접속했습니다.
22/07/01 11:33:15 981 [debug]: [Client] ::ffff:192.168.10.103 / macOS Mojave / Chrome / Apple Mac
22/07/01 11:33:15 981 [debug]: [POST] http://192.168.10.103:3001/send_mail
22/07/01 11:33:18 474 [debug]: 클라이언트의 접속이 종료되었습니다. ::: [runtime] 2493ms
22/07/01 11:33:18 474 [debug]: - - - - - - - - - - - - - - - - - - - - - - - - - -
22/07/01 11:34:32 331 [debug]: 클라이언트가 접속했습니다.
22/07/01 11:34:32 333 [debug]: [Client] ::ffff:192.168.10.103 / macOS Mojave / Chrome / Apple Mac
22/07/01 11:34:32 333 [debug]: [POST] http://192.168.10.103:3001/send_mail
22/07/01 11:34:34 626 [debug]: 클라이언트의 접속이 종료되었습니다. ::: [runtime] 2294ms
22/07/01 11:34:34 627 [debug]: - - - - - - - - - - - - - - - - - - - - - - - - - -
22/07/01 11:35:00 730 [debug]: 클라이언트가 접속했습니다.
22/07/01 11:35:00 730 [debug]: [Client] ::ffff:192.168.10.103 / macOS Mojave / Chrome / Apple Mac
22/07/01 11:35:00 730 [debug]: [POST] http://192.168.10.103:3001/send_mail
22/07/01 11:35:03 298 [debug]: 클라이언트의 접속이 종료되었습니다. ::: [runtime] 2568ms
22/07/01 11:35:03 299 [debug]: - - - - - - - - - - - - - - - - - - - - - - - - - -
22/07/01 11:50:29 933 [debug]: 클라이언트가 접속했습니다.
22/07/01 11:50:29 933 [debug]: [Client] ::ffff:192.168.10.103 / macOS Mojave / Chrome / Apple Mac
22/07/01 11:50:29 934 [debug]: [POST] http://192.168.10.103:3001/send_mail
22/07/01 11:50:32 892 [debug]: 클라이언트의 접속이 종료되었습니다. ::: [runtime] 2959ms
22/07/01 11:50:32 893 [debug]: - - - - - - - - - - - - - - - - - - - - - - - - - -
22/07/01 13:08:38 886 [debug]: -----------------------------------
22/07/01 13:08:38 888 [debug]: |       Start Express Server      |
22/07/01 13:08:38 889 [debug]: -----------------------------------
22/07/01 13:08:38 889 [debug]: server address => http://192.168.10.103:3001
22/07/01 13:08:38 890 [debug]: - - - - - - - - - - - - - - - - - -
22/07/01 14:10:06 065 [debug]: -----------------------------------
22/07/01 14:10:06 067 [debug]: |       Start Express Server      |
22/07/01 14:10:06 067 [debug]: -----------------------------------
22/07/01 14:10:06 068 [debug]: server address => http://192.168.10.103:3001
22/07/01 14:10:06 068 [debug]: - - - - - - - - - - - - - - - - - -
22/07/01 14:10:46 597 [debug]: -----------------------------------
22/07/01 14:10:46 599 [debug]: |       Start Express Server      |
22/07/01 14:10:46 599 [debug]: -----------------------------------
22/07/01 14:10:46 600 [debug]: server address => http://192.168.10.103:3001
22/07/01 14:10:46 600 [debug]: - - - - - - - - - - - - - - - - - -
22/07/01 14:23:29 569 [debug]: -----------------------------------
22/07/01 14:23:29 571 [debug]: |       Start Express Server      |
22/07/01 14:23:29 571 [debug]: -----------------------------------
22/07/01 14:23:29 572 [debug]: server address => http://192.168.10.103:3001
22/07/01 14:23:29 572 [debug]: - - - - - - - - - - - - - - - - - -
22/07/01 14:23:37 126 [debug]: 클라이언트가 접속했습니다.
22/07/01 14:23:37 127 [debug]: [Client] ::1 / macOS Mojave / Chrome / Apple Mac
22/07/01 14:23:37 128 [debug]: [POST] http://localhost:3001/send_mail
22/07/01 14:23:39 658 [debug]: 클라이언트의 접속이 종료되었습니다. ::: [runtime] 2531ms
22/07/01 14:23:39 659 [debug]: - - - - - - - - - - - - - - - - - - - - - - - - - -
22/07/01 14:38:17 490 [debug]: -----------------------------------
22/07/01 14:38:17 493 [debug]: |       Start Express Server      |
22/07/01 14:38:17 493 [debug]: -----------------------------------
22/07/01 14:38:17 494 [debug]: server address => http://192.168.10.103:3001
22/07/01 14:38:17 494 [debug]: - - - - - - - - - - - - - - - - - -
22/07/01 14:38:27 821 [debug]: 클라이언트가 접속했습니다.
22/07/01 14:38:27 822 [debug]: [Client] ::1 / macOS Mojave / Chrome / Apple Mac
22/07/01 14:38:27 823 [debug]: [POST] http://localhost:3001/send_mail
22/07/01 14:38:30 442 [debug]: 클라이언트의 접속이 종료되었습니다. ::: [runtime] 2620ms
22/07/01 14:38:30 442 [debug]: - - - - - - - - - - - - - - - - - - - - - - - - - -
22/07/01 14:39:24 742 [debug]: 클라이언트가 접속했습니다.
22/07/01 14:39:24 743 [debug]: [Client] ::1 / macOS Mojave / Chrome / Apple Mac
22/07/01 14:39:24 743 [debug]: [POST] http://localhost:3001/send_mail
22/07/01 14:39:26 965 [debug]: 클라이언트의 접속이 종료되었습니다. ::: [runtime] 2222ms
22/07/01 14:39:26 965 [debug]: - - - - - - - - - - - - - - - - - - - - - - - - - -
22/07/01 14:43:17 522 [debug]: 클라이언트가 접속했습니다.
22/07/01 14:43:17 523 [debug]: [Client] ::1 / macOS Mojave / Chrome / Apple Mac
22/07/01 14:43:17 523 [debug]: [POST] http://localhost:3001/send_mail
22/07/01 14:43:19 607 [debug]: 클라이언트의 접속이 종료되었습니다. ::: [runtime] 2085ms
22/07/01 14:43:19 607 [debug]: - - - - - - - - - - - - - - - - - - - - - - - - - -
22/07/01 14:54:02 927 [debug]: -----------------------------------
22/07/01 14:54:02 930 [debug]: |       Start Express Server      |
22/07/01 14:54:02 930 [debug]: -----------------------------------
22/07/01 14:54:02 930 [debug]: server address => http://192.168.10.103:3001
22/07/01 14:54:02 931 [debug]: - - - - - - - - - - - - - - - - - -
22/07/01 14:54:51 840 [debug]: -----------------------------------
22/07/01 14:54:51 843 [debug]: |       Start Express Server      |
22/07/01 14:54:51 843 [debug]: -----------------------------------
22/07/01 14:54:51 843 [debug]: server address => http://192.168.10.103:3001
22/07/01 14:54:51 844 [debug]: - - - - - - - - - - - - - - - - - -
22/07/01 14:54:54 199 [debug]: 클라이언트가 접속했습니다.
22/07/01 14:54:54 200 [debug]: [Client] ::1 / macOS Mojave / Chrome / Apple Mac
22/07/01 14:54:54 201 [debug]: [POST] http://localhost:3001/send_mail
22/07/01 14:54:54 942 [debug]: 클라이언트의 접속이 종료되었습니다. ::: [runtime] 742ms
22/07/01 14:54:54 943 [debug]: - - - - - - - - - - - - - - - - - - - - - - - - - -
22/07/01 14:55:08 109 [debug]: -----------------------------------
22/07/01 14:55:08 111 [debug]: |       Start Express Server      |
22/07/01 14:55:08 112 [debug]: -----------------------------------
22/07/01 14:55:08 112 [debug]: server address => http://192.168.10.103:3001
22/07/01 14:55:08 112 [debug]: - - - - - - - - - - - - - - - - - -
22/07/01 14:55:10 248 [debug]: 클라이언트가 접속했습니다.
22/07/01 14:55:10 248 [debug]: [Client] ::1 / macOS Mojave / Chrome / Apple Mac
22/07/01 14:55:10 249 [debug]: [POST] http://localhost:3001/send_mail
22/07/01 14:55:10 991 [debug]: 클라이언트의 접속이 종료되었습니다. ::: [runtime] 743ms
22/07/01 14:55:10 992 [debug]: - - - - - - - - - - - - - - - - - - - - - - - - - -
22/07/01 14:55:17 086 [debug]: 클라이언트가 접속했습니다.
22/07/01 14:55:17 086 [debug]: [Client] ::1 / macOS Mojave / Chrome / Apple Mac
22/07/01 14:55:17 087 [debug]: [GET] http://localhost:3001/06_mail.html
22/07/01 14:55:17 090 [debug]: 클라이언트의 접속이 종료되었습니다. ::: [runtime] 4ms
22/07/01 14:55:17 091 [debug]: - - - - - - - - - - - - - - - - - - - - - - - - - -
22/07/01 14:55:25 026 [debug]: 클라이언트가 접속했습니다.
22/07/01 14:55:25 026 [debug]: [Client] ::1 / macOS Mojave / Chrome / Apple Mac
22/07/01 14:55:25 026 [debug]: [POST] http://localhost:3001/send_mail
22/07/01 14:55:25 724 [debug]: 클라이언트의 접속이 종료되었습니다. ::: [runtime] 698ms
22/07/01 14:55:25 724 [debug]: - - - - - - - - - - - - - - - - - - - - - - - - - -
22/07/01 14:55:43 904 [debug]: -----------------------------------
22/07/01 14:55:43 907 [debug]: |       Start Express Server      |
22/07/01 14:55:43 908 [debug]: -----------------------------------
22/07/01 14:55:43 909 [debug]: server address => http://192.168.10.103:3001
22/07/01 14:55:43 909 [debug]: - - - - - - - - - - - - - - - - - -
22/07/01 14:55:45 486 [debug]: 클라이언트가 접속했습니다.
22/07/01 14:55:45 487 [debug]: [Client] ::1 / macOS Mojave / Chrome / Apple Mac
22/07/01 14:55:45 487 [debug]: [POST] http://localhost:3001/send_mail
22/07/01 14:55:46 279 [debug]: 클라이언트의 접속이 종료되었습니다. ::: [runtime] 793ms
22/07/01 14:55:46 279 [debug]: - - - - - - - - - - - - - - - - - - - - - - - - - -
22/07/01 14:56:59 392 [debug]: -----------------------------------
22/07/01 14:56:59 394 [debug]: |       Start Express Server      |
22/07/01 14:56:59 394 [debug]: -----------------------------------
22/07/01 14:56:59 395 [debug]: server address => http://192.168.10.103:3001
22/07/01 14:56:59 395 [debug]: - - - - - - - - - - - - - - - - - -
22/07/01 14:57:01 005 [debug]: 클라이언트가 접속했습니다.
22/07/01 14:57:01 006 [debug]: [Client] ::1 / macOS Mojave / Chrome / Apple Mac
22/07/01 14:57:01 007 [debug]: [POST] http://localhost:3001/send_mail
22/07/01 14:57:01 725 [debug]: 클라이언트의 접속이 종료되었습니다. ::: [runtime] 719ms
22/07/01 14:57:01 725 [debug]: - - - - - - - - - - - - - - - - - - - - - - - - - -
22/07/01 14:57:13 233 [debug]: 클라이언트가 접속했습니다.
22/07/01 14:57:13 233 [debug]: [Client] ::1 / macOS Mojave / Chrome / Apple Mac
22/07/01 14:57:13 234 [debug]: [POST] http://localhost:3001/send_mail
22/07/01 14:57:14 102 [debug]: 클라이언트의 접속이 종료되었습니다. ::: [runtime] 869ms
22/07/01 14:57:14 102 [debug]: - - - - - - - - - - - - - - - - - - - - - - - - - -
22/07/01 14:57:22 524 [debug]: -----------------------------------
22/07/01 14:57:22 526 [debug]: |       Start Express Server      |
22/07/01 14:57:22 527 [debug]: -----------------------------------
22/07/01 14:57:22 527 [debug]: server address => http://192.168.10.103:3001
22/07/01 14:57:22 528 [debug]: - - - - - - - - - - - - - - - - - -
22/07/01 14:57:41 340 [debug]: 클라이언트가 접속했습니다.
22/07/01 14:57:41 341 [debug]: [Client] ::1 / macOS Mojave / Chrome / Apple Mac
22/07/01 14:57:41 342 [debug]: [POST] http://localhost:3001/send_mail
22/07/01 14:57:42 126 [debug]: 클라이언트의 접속이 종료되었습니다. ::: [runtime] 785ms
22/07/01 14:57:42 126 [debug]: - - - - - - - - - - - - - - - - - - - - - - - - - -
22/07/01 14:58:52 345 [debug]: -----------------------------------
22/07/01 14:58:52 347 [debug]: |       Start Express Server      |
22/07/01 14:58:52 347 [debug]: -----------------------------------
22/07/01 14:58:52 348 [debug]: server address => http://192.168.10.103:3001
22/07/01 14:58:52 348 [debug]: - - - - - - - - - - - - - - - - - -
22/07/01 14:58:57 617 [debug]: -----------------------------------
22/07/01 14:58:57 620 [debug]: |       Start Express Server      |
22/07/01 14:58:57 622 [debug]: -----------------------------------
22/07/01 14:58:57 623 [debug]: server address => http://192.168.10.103:3001
22/07/01 14:58:57 624 [debug]: - - - - - - - - - - - - - - - - - -
22/07/01 14:59:02 109 [debug]: 클라이언트가 접속했습니다.
22/07/01 14:59:02 110 [debug]: [Client] ::1 / macOS Mojave / Chrome / Apple Mac
22/07/01 14:59:02 111 [debug]: [GET] http://localhost:3001/06_mail.html
22/07/01 14:59:02 120 [debug]: 클라이언트의 접속이 종료되었습니다. ::: [runtime] 11ms
22/07/01 14:59:02 121 [debug]: - - - - - - - - - - - - - - - - - - - - - - - - - -
22/07/01 14:59:10 634 [debug]: 클라이언트가 접속했습니다.
22/07/01 14:59:10 634 [debug]: [Client] ::1 / macOS Mojave / Chrome / Apple Mac
22/07/01 14:59:10 635 [debug]: [POST] http://localhost:3001/send_mail
22/07/01 14:59:11 415 [debug]: 클라이언트의 접속이 종료되었습니다. ::: [runtime] 781ms
22/07/01 14:59:11 416 [debug]: - - - - - - - - - - - - - - - - - - - - - - - - - -
22/07/01 14:59:29 416 [debug]: 클라이언트가 접속했습니다.
22/07/01 14:59:29 416 [debug]: [Client] ::1 / macOS Mojave / Chrome / Apple Mac
22/07/01 14:59:29 416 [debug]: [POST] http://localhost:3001/send_mail
22/07/01 14:59:30 150 [debug]: 클라이언트의 접속이 종료되었습니다. ::: [runtime] 734ms
22/07/01 14:59:30 150 [debug]: - - - - - - - - - - - - - - - - - - - - - - - - - -
22/07/01 14:59:44 743 [debug]: 클라이언트가 접속했습니다.
22/07/01 14:59:44 743 [debug]: [Client] ::1 / macOS Mojave / Chrome / Apple Mac
22/07/01 14:59:44 743 [debug]: [POST] http://localhost:3001/send_mail
22/07/01 14:59:45 441 [debug]: 클라이언트의 접속이 종료되었습니다. ::: [runtime] 698ms
22/07/01 14:59:45 442 [debug]: - - - - - - - - - - - - - - - - - - - - - - - - - -
22/07/01 15:00:01 315 [debug]: -----------------------------------
22/07/01 15:00:01 317 [debug]: |       Start Express Server      |
22/07/01 15:00:01 317 [debug]: -----------------------------------
22/07/01 15:00:01 318 [debug]: server address => http://192.168.10.103:3001
22/07/01 15:00:01 318 [debug]: - - - - - - - - - - - - - - - - - -
22/07/01 15:00:15 359 [debug]: 클라이언트가 접속했습니다.
22/07/01 15:00:15 360 [debug]: [Client] ::1 / macOS Mojave / Chrome / Apple Mac
22/07/01 15:00:15 361 [debug]: [POST] http://localhost:3001/send_mail
22/07/01 15:00:17 796 [debug]: 클라이언트의 접속이 종료되었습니다. ::: [runtime] 2436ms
22/07/01 15:00:17 797 [debug]: - - - - - - - - - - - - - - - - - - - - - - - - - -
22/07/01 15:09:11 455 [debug]: -----------------------------------
22/07/01 15:09:11 457 [debug]: |       Start Express Server      |
22/07/01 15:09:11 457 [debug]: -----------------------------------
22/07/01 15:09:11 458 [debug]: server address => http://192.168.10.103:3001
22/07/01 15:09:11 458 [debug]: - - - - - - - - - - - - - - - - - -
22/07/01 15:09:18 530 [debug]: 클라이언트가 접속했습니다.
22/07/01 15:09:18 530 [debug]: [Client] ::1 / macOS Mojave / Chrome / Apple Mac
22/07/01 15:09:18 531 [debug]: [GET] http://localhost:3001/06_mail.html
22/07/01 15:09:18 538 [debug]: 클라이언트의 접속이 종료되었습니다. ::: [runtime] 8ms
22/07/01 15:09:18 538 [debug]: - - - - - - - - - - - - - - - - - - - - - - - - - -
22/07/01 15:09:51 959 [debug]: -----------------------------------
22/07/01 15:09:51 961 [debug]: |       Start Express Server      |
22/07/01 15:09:51 961 [debug]: -----------------------------------
22/07/01 15:09:51 962 [debug]: server address => http://192.168.10.103:3001
22/07/01 15:09:51 962 [debug]: - - - - - - - - - - - - - - - - - -
22/07/01 15:10:20 462 [debug]: -----------------------------------
22/07/01 15:10:20 464 [debug]: |       Start Express Server      |
22/07/01 15:10:20 464 [debug]: -----------------------------------
22/07/01 15:10:20 465 [debug]: server address => http://192.168.10.103:3001
22/07/01 15:10:20 465 [debug]: - - - - - - - - - - - - - - - - - -
22/07/01 15:10:22 697 [debug]: 클라이언트가 접속했습니다.
22/07/01 15:10:22 698 [debug]: [Client] ::1 / macOS Mojave / Chrome / Apple Mac
22/07/01 15:10:22 699 [debug]: [POST] http://localhost:3001/send_mail
22/07/01 15:10:25 236 [debug]: 클라이언트의 접속이 종료되었습니다. ::: [runtime] 2537ms
22/07/01 15:10:25 236 [debug]: - - - - - - - - - - - - - - - - - - - - - - - - - -
22/07/01 15:10:28 115 [debug]: 클라이언트가 접속했습니다.
22/07/01 15:10:28 115 [debug]: [Client] ::1 / macOS Mojave / Chrome / Apple Mac
22/07/01 15:10:28 115 [debug]: [GET] http://localhost:3001/06_mail.html
22/07/01 15:10:28 118 [debug]: 클라이언트의 접속이 종료되었습니다. ::: [runtime] 3ms
22/07/01 15:10:28 118 [debug]: - - - - - - - - - - - - - - - - - - - - - - - - - -
22/07/01 15:10:45 527 [debug]: 클라이언트가 접속했습니다.
22/07/01 15:10:45 528 [debug]: [Client] ::1 / macOS Mojave / Chrome / Apple Mac
22/07/01 15:10:45 528 [debug]: [POST] http://localhost:3001/send_mail
22/07/01 15:10:47 862 [debug]: 클라이언트의 접속이 종료되었습니다. ::: [runtime] 2334ms
22/07/01 15:10:47 862 [debug]: - - - - - - - - - - - - - - - - - - - - - - - - - -
22/07/01 15:11:23 173 [debug]: -----------------------------------
22/07/01 15:11:23 175 [debug]: |       Start Express Server      |
22/07/01 15:11:23 177 [debug]: -----------------------------------
22/07/01 15:11:23 177 [debug]: server address => http://192.168.10.103:3001
22/07/01 15:11:23 178 [debug]: - - - - - - - - - - - - - - - - - -
22/07/01 15:11:28 751 [debug]: -----------------------------------
22/07/01 15:11:28 753 [debug]: |       Start Express Server      |
22/07/01 15:11:28 754 [debug]: -----------------------------------
22/07/01 15:11:28 754 [debug]: server address => http://192.168.10.103:3001
22/07/01 15:11:28 754 [debug]: - - - - - - - - - - - - - - - - - -
22/07/01 15:12:10 936 [debug]: -----------------------------------
22/07/01 15:12:10 939 [debug]: |       Start Express Server      |
22/07/01 15:12:10 940 [debug]: -----------------------------------
22/07/01 15:12:10 940 [debug]: server address => http://192.168.10.103:3001
22/07/01 15:12:10 941 [debug]: - - - - - - - - - - - - - - - - - -
