22/06/30 17:18:24 401 [debug]: -----------------------------------
22/06/30 17:18:24 404 [debug]: |       Start Express Server      |
22/06/30 17:18:24 405 [debug]: -----------------------------------
22/06/30 17:18:24 405 [debug]: server address => http://192.168.10.103:3001
22/06/30 17:18:24 406 [debug]: - - - - - - - - - - - - - - - - - -
22/06/30 17:21:29 510 [debug]: 클라이언트가 접속했습니다.
22/06/30 17:21:29 511 [debug]: [Client] ::ffff:127.0.0.1 / macOS Mojave / Chrome / Apple Mac
22/06/30 17:21:29 512 [debug]: [GET] http://127.0.0.1:3001/send_get
22/06/30 17:21:29 516 [debug]: [프론트엔드로부터 전달 받은 GET 파라미터]
22/06/30 17:21:29 520 [debug]: 클라이언트의 접속이 종료되었습니다. ::: [runtime] 9ms
22/06/30 17:21:29 520 [debug]: - - - - - - - - - - - - - - - - - - - - - - - - - -
22/06/30 17:21:29 613 [debug]: 클라이언트가 접속했습니다.
22/06/30 17:21:29 613 [debug]: [Client] ::ffff:127.0.0.1 / macOS Mojave / Chrome / Apple Mac
22/06/30 17:21:29 613 [debug]: [GET] http://127.0.0.1:3001/favicon.ico
22/06/30 17:21:29 617 [debug]: 클라이언트의 접속이 종료되었습니다. ::: [runtime] 4ms
22/06/30 17:21:29 617 [debug]: - - - - - - - - - - - - - - - - - - - - - - - - - -
22/06/30 17:21:52 896 [debug]: 클라이언트가 접속했습니다.
22/06/30 17:21:52 897 [debug]: [Client] ::ffff:127.0.0.1 / macOS Mojave / Chrome / Apple Mac
22/06/30 17:21:52 897 [debug]: [GET] http://127.0.0.1:3001/send_get?answer=200&username=lazybazzi&password=123123&email=lazybazzi@nate.com
22/06/30 17:21:52 898 [debug]: [프론트엔드로부터 전달 받은 GET 파라미터]
22/06/30 17:21:52 898 [debug]: 	 >> answer=200
22/06/30 17:21:52 898 [debug]: 	 >> username=lazybazzi
22/06/30 17:21:52 898 [debug]: 	 >> password=123123
22/06/30 17:21:52 899 [debug]: 	 >> email=lazybazzi@nate.com
22/06/30 17:21:52 899 [debug]: 클라이언트의 접속이 종료되었습니다. ::: [runtime] 2ms
22/06/30 17:21:52 900 [debug]: - - - - - - - - - - - - - - - - - - - - - - - - - -
22/06/30 17:24:02 707 [debug]: 클라이언트가 접속했습니다.
22/06/30 17:24:02 707 [debug]: [Client] ::1 / macOS Mojave / Chrome / Apple Mac
22/06/30 17:24:02 707 [debug]: [GET] http://localhost:3001/
22/06/30 17:24:02 711 [debug]: 클라이언트의 접속이 종료되었습니다. ::: [runtime] 4ms
22/06/30 17:24:02 711 [debug]: - - - - - - - - - - - - - - - - - - - - - - - - - -
22/06/30 17:24:02 915 [debug]: 클라이언트가 접속했습니다.
22/06/30 17:24:02 915 [debug]: [Client] ::1 / macOS Mojave / Chrome / Apple Mac
22/06/30 17:24:02 915 [debug]: [GET] http://localhost:3001/favicon.ico
22/06/30 17:24:02 917 [debug]: 클라이언트의 접속이 종료되었습니다. ::: [runtime] 2ms
22/06/30 17:24:02 917 [debug]: - - - - - - - - - - - - - - - - - - - - - - - - - -
22/06/30 17:24:21 844 [debug]: 클라이언트가 접속했습니다.
22/06/30 17:24:21 844 [debug]: [Client] ::1 / macOS Mojave / Chrome / Apple Mac
22/06/30 17:24:21 844 [debug]: [GET] http://localhost:3001/02_get_params_by_form.html
22/06/30 17:24:21 846 [debug]: 클라이언트의 접속이 종료되었습니다. ::: [runtime] 2ms
22/06/30 17:24:21 846 [debug]: - - - - - - - - - - - - - - - - - - - - - - - - - -
22/06/30 17:24:30 269 [debug]: 클라이언트가 접속했습니다.
22/06/30 17:24:30 270 [debug]: [Client] ::1 / macOS Mojave / Chrome / Apple Mac
22/06/30 17:24:30 270 [debug]: [GET] http://localhost:3001/send_get?answer=200&username=lazybazzi&password=123&email=lazybazzi@nate.com
22/06/30 17:24:30 271 [debug]: [프론트엔드로부터 전달 받은 GET 파라미터]
22/06/30 17:24:30 271 [debug]: 	 >> answer=200
22/06/30 17:24:30 271 [debug]: 	 >> username=lazybazzi
22/06/30 17:24:30 271 [debug]: 	 >> password=123
22/06/30 17:24:30 271 [debug]: 	 >> email=lazybazzi@nate.com
22/06/30 17:24:30 272 [debug]: 클라이언트의 접속이 종료되었습니다. ::: [runtime] 2ms
22/06/30 17:24:30 272 [debug]: - - - - - - - - - - - - - - - - - - - - - - - - - -
22/06/30 17:24:45 570 [debug]: 클라이언트가 접속했습니다.
22/06/30 17:24:45 570 [debug]: [Client] ::1 / macOS Mojave / Chrome / Apple Mac
22/06/30 17:24:45 570 [debug]: [GET] http://localhost:3001/02_get_params_by_js.html
22/06/30 17:24:45 572 [debug]: 클라이언트의 접속이 종료되었습니다. ::: [runtime] 2ms
22/06/30 17:24:45 572 [debug]: - - - - - - - - - - - - - - - - - - - - - - - - - -
22/06/30 17:24:59 132 [debug]: 클라이언트가 접속했습니다.
22/06/30 17:24:59 132 [debug]: [Client] ::1 / macOS Mojave / Chrome / Apple Mac
22/06/30 17:24:59 132 [debug]: [GET] http://localhost:3001/02_get_params_by_link.html
22/06/30 17:24:59 134 [debug]: 클라이언트의 접속이 종료되었습니다. ::: [runtime] 2ms
22/06/30 17:24:59 134 [debug]: - - - - - - - - - - - - - - - - - - - - - - - - - -
22/06/30 17:25:01 879 [debug]: 클라이언트가 접속했습니다.
22/06/30 17:25:01 880 [debug]: [Client] ::1 / macOS Mojave / Chrome / Apple Mac
22/06/30 17:25:01 880 [debug]: [GET] http://localhost:3001/send_get?answer=200&myname=nodejs
22/06/30 17:25:01 881 [debug]: [프론트엔드로부터 전달 받은 GET 파라미터]
22/06/30 17:25:01 881 [debug]: 	 >> answer=200
22/06/30 17:25:01 881 [debug]: 	 >> myname=nodejs
22/06/30 17:25:01 881 [debug]: 클라이언트의 접속이 종료되었습니다. ::: [runtime] 1ms
22/06/30 17:25:01 882 [debug]: - - - - - - - - - - - - - - - - - - - - - - - - - -
22/06/30 17:25:04 141 [debug]: 클라이언트가 접속했습니다.
22/06/30 17:25:04 141 [debug]: [Client] ::1 / macOS Mojave / Chrome / Apple Mac
22/06/30 17:25:04 142 [debug]: [GET] http://localhost:3001/send_get?answer=300&language=javascript
22/06/30 17:25:04 143 [debug]: [프론트엔드로부터 전달 받은 GET 파라미터]
22/06/30 17:25:04 143 [debug]: 	 >> answer=300
22/06/30 17:25:04 143 [debug]: 	 >> language=javascript
22/06/30 17:25:04 144 [debug]: 클라이언트의 접속이 종료되었습니다. ::: [runtime] 3ms
22/06/30 17:25:04 144 [debug]: - - - - - - - - - - - - - - - - - - - - - - - - - -
22/06/30 17:25:08 231 [debug]: 클라이언트가 접속했습니다.
22/06/30 17:25:08 231 [debug]: [Client] ::1 / macOS Mojave / Chrome / Apple Mac
22/06/30 17:25:08 232 [debug]: [GET] http://localhost:3001/send_get?answer=300&language=javascript
22/06/30 17:25:08 232 [debug]: [프론트엔드로부터 전달 받은 GET 파라미터]
22/06/30 17:25:08 232 [debug]: 	 >> answer=300
22/06/30 17:25:08 233 [debug]: 	 >> language=javascript
22/06/30 17:25:08 233 [debug]: 클라이언트의 접속이 종료되었습니다. ::: [runtime] 2ms
22/06/30 17:25:08 234 [debug]: - - - - - - - - - - - - - - - - - - - - - - - - - -
22/06/30 17:26:03 157 [debug]: -----------------------------------
22/06/30 17:26:03 159 [debug]: |       Start Express Server      |
22/06/30 17:26:03 160 [debug]: -----------------------------------
22/06/30 17:26:03 160 [debug]: server address => http://192.168.10.103:3001
22/06/30 17:26:03 160 [debug]: - - - - - - - - - - - - - - - - - -
22/06/30 17:26:28 223 [debug]: -----------------------------------
22/06/30 17:26:28 225 [debug]: |       Start Express Server      |
22/06/30 17:26:28 225 [debug]: -----------------------------------
22/06/30 17:26:28 225 [debug]: server address => http://192.168.10.103:3001
22/06/30 17:26:28 226 [debug]: - - - - - - - - - - - - - - - - - -
22/06/30 17:30:32 381 [debug]: -----------------------------------
22/06/30 17:30:32 383 [debug]: |       Start Express Server      |
22/06/30 17:30:32 383 [debug]: -----------------------------------
22/06/30 17:31:28 830 [debug]: -----------------------------------
22/06/30 17:31:28 832 [debug]: |       Start Express Server      |
22/06/30 17:31:28 832 [debug]: -----------------------------------
22/06/30 17:31:30 252 [debug]: [프론트엔드로부터 전달 받은 GET 파라미터]
22/06/30 17:31:30 253 [debug]: 	 >> answer=100
22/06/30 17:31:30 253 [debug]: 	 >> message=helloworld
22/06/30 17:32:03 943 [debug]: -----------------------------------
22/06/30 17:32:03 946 [debug]: |       Start Express Server      |
22/06/30 17:32:03 946 [debug]: -----------------------------------
22/06/30 17:32:06 094 [debug]: [프론트엔드로부터 전달 받은 GET 파라미터]
22/06/30 17:32:06 095 [debug]: 	 >> answer=200
22/06/30 17:32:06 095 [debug]: 	 >> myname=nodejs
22/06/30 17:32:07 923 [debug]: [프론트엔드로부터 전달 받은 GET 파라미터]
22/06/30 17:32:07 924 [debug]: 	 >> answer=500
22/06/30 17:32:07 924 [debug]: 	 >> position=backend
22/06/30 21:00:59 754 [debug]: -----------------------------------
22/06/30 21:00:59 756 [debug]: |       Start Express Server      |
22/06/30 21:00:59 756 [debug]: -----------------------------------
22/06/30 21:00:59 757 [debug]: server address => http://192.168.10.103:3001
22/06/30 21:00:59 757 [debug]: - - - - - - - - - - - - - - - - - -
22/06/30 21:01:02 598 [debug]: 클라이언트가 접속했습니다.
22/06/30 21:01:02 598 [debug]: [Client] ::1 / macOS Mojave / Chrome / Apple Mac
22/06/30 21:01:02 599 [debug]: [POST] http://localhost:3001/cookie
22/06/30 21:01:02 615 [debug]: 클라이언트의 접속이 종료되었습니다. ::: [runtime] 17ms
22/06/30 21:01:02 615 [debug]: - - - - - - - - - - - - - - - - - - - - - - - - - -
22/06/30 21:01:05 743 [debug]: 클라이언트가 접속했습니다.
22/06/30 21:01:05 744 [debug]: [Client] ::1 / macOS Mojave / Chrome / Apple Mac
22/06/30 21:01:05 744 [debug]: [DELETE] http://localhost:3001/cookie
22/06/30 21:01:05 747 [debug]: 클라이언트의 접속이 종료되었습니다. ::: [runtime] 3ms
22/06/30 21:01:05 747 [debug]: - - - - - - - - - - - - - - - - - - - - - - - - - -
