22/07/13 12:06:41 051 [info]: Database Pool is closed
22/07/13 12:06:56 187 [info]: Database Pool is closed
22/07/13 13:53:58 529 [debug]: -----------------------------------
22/07/13 13:53:58 531 [debug]: |       Start Express Server      |
22/07/13 13:53:58 532 [debug]: -----------------------------------
22/07/13 13:53:58 533 [debug]: - - - - - - - - - - - - - - - - - -
22/07/13 13:59:46 725 [debug]: -----------------------------------
22/07/13 13:59:46 727 [debug]: |       Start Express Server      |
22/07/13 13:59:46 728 [debug]: -----------------------------------
22/07/13 13:59:46 728 [debug]: - - - - - - - - - - - - - - - - - -
22/07/13 13:59:49 951 [debug]:  >>>> Database Pool is closed
22/07/13 13:59:52 754 [debug]: -----------------------------------
22/07/13 13:59:52 756 [debug]: |       Start Express Server      |
22/07/13 13:59:52 757 [debug]: -----------------------------------
22/07/13 13:59:52 757 [debug]: - - - - - - - - - - - - - - - - - -
22/07/13 14:02:50 511 [debug]:  >>>> Database Pool is closed
22/07/13 14:03:01 640 [debug]: -----------------------------------
22/07/13 14:03:01 643 [debug]: |       Start Express Server      |
22/07/13 14:03:01 643 [debug]: -----------------------------------
22/07/13 14:03:01 644 [debug]: - - - - - - - - - - - - - - - - - -
22/07/13 14:03:05 457 [debug]:  >>>> Database Pool is closed
22/07/13 14:04:15 306 [debug]: -----------------------------------
22/07/13 14:04:15 309 [debug]: |       Start Express Server      |
22/07/13 14:04:15 310 [debug]: -----------------------------------
22/07/13 14:04:15 310 [debug]: - - - - - - - - - - - - - - - - - -
22/07/13 14:07:14 520 [debug]: -----------------------------------
22/07/13 14:07:14 523 [debug]: |       Start Express Server      |
22/07/13 14:07:14 523 [debug]: -----------------------------------
22/07/13 14:07:14 524 [debug]: - - - - - - - - - - - - - - - - - -
22/07/13 14:08:52 685 [debug]: -----------------------------------
22/07/13 14:08:52 687 [debug]: |       Start Express Server      |
22/07/13 14:08:52 687 [debug]: -----------------------------------
22/07/13 14:08:52 688 [debug]: - - - - - - - - - - - - - - - - - -
22/07/13 14:09:22 996 [debug]: -----------------------------------
22/07/13 14:09:22 999 [debug]: |       Start Express Server      |
22/07/13 14:09:22 999 [debug]: -----------------------------------
22/07/13 14:09:23 000 [debug]: - - - - - - - - - - - - - - - - - -
22/07/13 14:09:25 517 [debug]:  >>>> Database Pool is closed
22/07/13 14:09:41 058 [debug]: -----------------------------------
22/07/13 14:09:41 060 [debug]: |       Start Express Server      |
22/07/13 14:09:41 061 [debug]: -----------------------------------
22/07/13 14:09:41 061 [debug]: - - - - - - - - - - - - - - - - - -
22/07/13 14:09:41 426 [debug]:  >>>> Database Pool is closed
22/07/13 14:11:10 393 [debug]: -----------------------------------
22/07/13 14:11:10 398 [debug]: |       Start Express Server      |
22/07/13 14:11:10 399 [debug]: -----------------------------------
22/07/13 14:11:10 399 [debug]: - - - - - - - - - - - - - - - - - -
22/07/13 14:11:19 388 [debug]:  >>>> Database Pool is closed
22/07/13 14:12:26 919 [debug]: -----------------------------------
22/07/13 14:12:26 922 [debug]: |       Start Express Server      |
22/07/13 14:12:26 922 [debug]: -----------------------------------
22/07/13 14:12:26 922 [debug]: - - - - - - - - - - - - - - - - - -
22/07/13 14:13:25 070 [debug]: -----------------------------------
22/07/13 14:13:25 072 [debug]: |       Start Express Server      |
22/07/13 14:13:25 072 [debug]: -----------------------------------
22/07/13 14:13:25 073 [debug]: - - - - - - - - - - - - - - - - - -
22/07/13 14:13:57 631 [debug]: -----------------------------------
22/07/13 14:13:57 634 [debug]: |       Start Express Server      |
22/07/13 14:13:57 634 [debug]: -----------------------------------
22/07/13 14:13:57 634 [debug]: - - - - - - - - - - - - - - - - - -
22/07/13 14:13:59 223 [debug]:  >>>> Database Pool is closed
22/07/13 14:14:11 748 [debug]: -----------------------------------
22/07/13 14:14:11 751 [debug]: |       Start Express Server      |
22/07/13 14:14:11 752 [debug]: -----------------------------------
22/07/13 14:14:11 752 [debug]: - - - - - - - - - - - - - - - - - -
22/07/13 14:14:14 161 [debug]:  >>>> Database Pool is closed
22/07/13 14:14:20 285 [debug]: -----------------------------------
22/07/13 14:14:20 288 [debug]: |       Start Express Server      |
22/07/13 14:14:20 288 [debug]: -----------------------------------
22/07/13 14:14:20 288 [debug]: - - - - - - - - - - - - - - - - - -
22/07/13 14:14:40 392 [debug]: -----------------------------------
22/07/13 14:14:40 395 [debug]: |       Start Express Server      |
22/07/13 14:14:40 396 [debug]: -----------------------------------
22/07/13 14:14:40 396 [debug]: - - - - - - - - - - - - - - - - - -
22/07/13 14:18:29 971 [debug]: -----------------------------------
22/07/13 14:18:29 973 [debug]: |       Start Express Server      |
22/07/13 14:18:29 974 [debug]: -----------------------------------
22/07/13 14:18:29 974 [debug]: - - - - - - - - - - - - - - - - - -
22/07/13 14:18:33 755 [debug]: -----------------------------------
22/07/13 14:18:33 757 [debug]: |       Start Express Server      |
22/07/13 14:18:33 758 [debug]: -----------------------------------
22/07/13 14:18:33 758 [debug]: - - - - - - - - - - - - - - - - - -
22/07/13 14:19:26 503 [debug]: -----------------------------------
22/07/13 14:19:26 505 [debug]: |       Start Express Server      |
22/07/13 14:19:26 505 [debug]: -----------------------------------
22/07/13 14:19:26 505 [debug]: - - - - - - - - - - - - - - - - - -
22/07/13 14:19:34 280 [debug]: -----------------------------------
22/07/13 14:19:34 282 [debug]: |       Start Express Server      |
22/07/13 14:19:34 282 [debug]: -----------------------------------
22/07/13 14:19:34 283 [debug]: - - - - - - - - - - - - - - - - - -
22/07/13 14:19:36 134 [debug]:  >>>> Database Pool is closed
22/07/13 14:20:43 916 [debug]: -----------------------------------
22/07/13 14:20:43 918 [debug]: |       Start Express Server      |
22/07/13 14:20:43 918 [debug]: -----------------------------------
22/07/13 14:20:43 919 [debug]: - - - - - - - - - - - - - - - - - -
22/07/13 14:21:09 753 [debug]: -----------------------------------
22/07/13 14:21:09 756 [debug]: |       Start Express Server      |
22/07/13 14:21:09 756 [debug]: -----------------------------------
22/07/13 14:21:09 756 [debug]: - - - - - - - - - - - - - - - - - -
22/07/13 14:21:12 490 [debug]:  >>>> Database Pool is closed
22/07/13 14:21:15 141 [debug]:  >>>> Database Pool is closed
22/07/13 14:21:36 119 [debug]: -----------------------------------
22/07/13 14:21:36 121 [debug]: |       Start Express Server      |
22/07/13 14:21:36 122 [debug]: -----------------------------------
22/07/13 14:21:36 122 [debug]: - - - - - - - - - - - - - - - - - -
22/07/13 14:21:58 693 [debug]: -----------------------------------
22/07/13 14:21:58 695 [debug]: |       Start Express Server      |
22/07/13 14:21:58 696 [debug]: -----------------------------------
22/07/13 14:21:58 696 [debug]: - - - - - - - - - - - - - - - - - -
22/07/13 14:22:38 636 [debug]: -----------------------------------
22/07/13 14:22:38 638 [debug]: |       Start Express Server      |
22/07/13 14:22:38 639 [debug]: -----------------------------------
22/07/13 14:22:38 639 [debug]: - - - - - - - - - - - - - - - - - -
22/07/13 14:23:15 299 [debug]: -----------------------------------
22/07/13 14:23:15 302 [debug]: |       Start Express Server      |
22/07/13 14:23:15 302 [debug]: -----------------------------------
22/07/13 14:23:15 302 [debug]: - - - - - - - - - - - - - - - - - -
22/07/13 14:23:18 100 [info]: >> DATABASE 접속됨 [threaId=62]
22/07/13 14:24:00 571 [debug]: -----------------------------------
22/07/13 14:24:00 573 [debug]: |       Start Express Server      |
22/07/13 14:24:00 573 [debug]: -----------------------------------
22/07/13 14:24:00 573 [debug]: - - - - - - - - - - - - - - - - - -
22/07/13 14:24:06 409 [debug]: -----------------------------------
22/07/13 14:24:06 411 [debug]: |       Start Express Server      |
22/07/13 14:24:06 412 [debug]: -----------------------------------
22/07/13 14:24:06 412 [debug]: - - - - - - - - - - - - - - - - - -
22/07/13 14:24:08 584 [info]: >> DATABASE 접속됨 [threaId=63]
22/07/13 14:24:22 429 [info]: >> DATABASE 접속됨 [threaId=64]
22/07/13 14:24:22 431 [info]: >> Connection 임대됨 [threaId=64]
22/07/13 14:24:22 434 [debug]: INSERT INTO professor (name, userid, position, sal, hiredate, comm, deptno)  VALUES (#(name), 'testID', '교수' '300', '2022-07-13', '20', '101');
22/07/13 14:24:22 436 [info]: >> Connection 반납됨 [threaId=64]
22/07/13 14:26:07 505 [debug]: -----------------------------------
22/07/13 14:26:07 508 [debug]: |       Start Express Server      |
22/07/13 14:26:07 508 [debug]: -----------------------------------
22/07/13 14:26:07 508 [debug]: - - - - - - - - - - - - - - - - - -
22/07/13 14:26:31 601 [debug]: -----------------------------------
22/07/13 14:26:31 604 [debug]: |       Start Express Server      |
22/07/13 14:26:31 605 [debug]: -----------------------------------
22/07/13 14:26:31 605 [debug]: - - - - - - - - - - - - - - - - - -
22/07/13 14:26:32 863 [info]: >> DATABASE 접속됨 [threaId=65]
22/07/13 14:27:04 432 [debug]: -----------------------------------
22/07/13 14:27:04 434 [debug]: |       Start Express Server      |
22/07/13 14:27:04 435 [debug]: -----------------------------------
22/07/13 14:27:04 435 [debug]: - - - - - - - - - - - - - - - - - -
22/07/13 14:27:04 574 [info]: >> DATABASE 접속됨 [threaId=66]
22/07/13 14:27:04 576 [info]: >> Connection 임대됨 [threaId=66]
22/07/13 14:27:04 579 [debug]: SELECT * FROM professor WHERE profno='9921';
22/07/13 14:27:04 585 [info]: >> Connection 반납됨 [threaId=66]
22/07/13 14:27:36 216 [debug]: -----------------------------------
22/07/13 14:27:36 219 [debug]: |       Start Express Server      |
22/07/13 14:27:36 219 [debug]: -----------------------------------
22/07/13 14:27:36 219 [debug]: - - - - - - - - - - - - - - - - - -
22/07/13 14:27:39 907 [debug]: -----------------------------------
22/07/13 14:27:39 909 [debug]: |       Start Express Server      |
22/07/13 14:27:39 910 [debug]: -----------------------------------
22/07/13 14:27:39 911 [debug]: - - - - - - - - - - - - - - - - - -
22/07/13 14:27:41 686 [debug]: -----------------------------------
22/07/13 14:27:41 689 [debug]: |       Start Express Server      |
22/07/13 14:27:41 690 [debug]: -----------------------------------
22/07/13 14:27:41 690 [debug]: - - - - - - - - - - - - - - - - - -
22/07/13 14:27:42 693 [info]: >> DATABASE 접속됨 [threaId=67]
22/07/13 14:27:42 695 [info]: >> Connection 임대됨 [threaId=67]
22/07/13 14:27:42 698 [debug]: INSERT INTO professor (name, userid, position, sal, hiredate, comm, deptno)  VALUES (#(name), 'testID', '교수' '300', '2022-07-13', '20', '101');
22/07/13 14:27:42 699 [info]: >> Connection 반납됨 [threaId=67]
22/07/13 14:27:42 703 [debug]:  >>>> Database Pool is closed
22/07/13 14:28:18 288 [info]: >> DATABASE 접속됨 [threaId=68]
22/07/13 14:28:18 290 [info]: >> Connection 임대됨 [threaId=68]
22/07/13 14:28:18 292 [debug]: INSERT INTO professor (name, userid, position, sal, hiredate, comm, deptno)  VALUES ('시험교수', 'testID', '교수' '300', '2022-07-13', '20', '101');
22/07/13 14:28:18 294 [info]: >> Connection 반납됨 [threaId=68]
22/07/13 14:28:18 297 [debug]:  >>>> Database Pool is closed
22/07/13 14:34:22 135 [debug]: -----------------------------------
22/07/13 14:34:22 137 [debug]: |       Start Express Server      |
22/07/13 14:34:22 138 [debug]: -----------------------------------
22/07/13 14:34:22 138 [debug]: - - - - - - - - - - - - - - - - - -
22/07/13 14:34:30 296 [debug]: -----------------------------------
22/07/13 14:34:30 298 [debug]: |       Start Express Server      |
22/07/13 14:34:30 298 [debug]: -----------------------------------
22/07/13 14:34:30 298 [debug]: - - - - - - - - - - - - - - - - - -
22/07/13 14:34:31 901 [info]: >> DATABASE 접속됨 [threaId=69]
22/07/13 14:34:31 903 [info]: >> Connection 임대됨 [threaId=69]
22/07/13 14:34:31 906 [debug]: SELECT * FROM professor WHERE profno='9921';
22/07/13 14:34:31 911 [info]: >> Connection 반납됨 [threaId=69]
22/07/13 14:34:31 914 [info]: >> Connection 임대됨 [threaId=69]
22/07/13 14:34:31 915 [debug]: INSERT INTO professor (name, userid, position, sal, hiredate, comm, deptno)  VALUES ('시험교수', 'testID', '교수' '300', '2022-07-13', '20', '101');
22/07/13 14:34:31 916 [info]: >> Connection 반납됨 [threaId=69]
22/07/13 14:34:31 917 [debug]:  >>>> Database Pool is closed
22/07/13 14:37:31 324 [debug]: -----------------------------------
22/07/13 14:37:31 326 [debug]: |       Start Express Server      |
22/07/13 14:37:31 327 [debug]: -----------------------------------
22/07/13 14:37:31 327 [debug]: - - - - - - - - - - - - - - - - - -
22/07/13 14:38:20 516 [debug]: -----------------------------------
22/07/13 14:38:20 518 [debug]: |       Start Express Server      |
22/07/13 14:38:20 519 [debug]: -----------------------------------
22/07/13 14:38:20 519 [debug]: - - - - - - - - - - - - - - - - - -
22/07/13 14:38:30 566 [debug]: -----------------------------------
22/07/13 14:38:30 568 [debug]: |       Start Express Server      |
22/07/13 14:38:30 568 [debug]: -----------------------------------
22/07/13 14:38:30 568 [debug]: - - - - - - - - - - - - - - - - - -
22/07/13 14:38:42 066 [debug]: -----------------------------------
22/07/13 14:38:42 069 [debug]: |       Start Express Server      |
22/07/13 14:38:42 069 [debug]: -----------------------------------
22/07/13 14:38:42 069 [debug]: - - - - - - - - - - - - - - - - - -
22/07/13 14:39:05 113 [debug]: -----------------------------------
22/07/13 14:39:05 115 [debug]: |       Start Express Server      |
22/07/13 14:39:05 115 [debug]: -----------------------------------
22/07/13 14:39:05 116 [debug]: - - - - - - - - - - - - - - - - - -
22/07/13 14:39:10 142 [debug]: -----------------------------------
22/07/13 14:39:10 145 [debug]: |       Start Express Server      |
22/07/13 14:39:10 145 [debug]: -----------------------------------
22/07/13 14:39:10 145 [debug]: - - - - - - - - - - - - - - - - - -
22/07/13 14:39:11 292 [info]: >> DATABASE 접속됨 [threaId=70]
22/07/13 14:39:11 294 [info]: >> Connection 임대됨 [threaId=70]
22/07/13 14:39:11 297 [debug]: SELECT * FROM professor WHERE profno='9921';
22/07/13 14:39:11 301 [info]: >> Connection 반납됨 [threaId=70]
22/07/13 14:39:11 304 [debug]:  >>>> Database Pool is closed
22/07/13 14:45:03 208 [debug]: -----------------------------------
22/07/13 14:45:03 210 [debug]: |       Start Express Server      |
22/07/13 14:45:03 211 [debug]: -----------------------------------
22/07/13 14:45:03 211 [debug]: - - - - - - - - - - - - - - - - - -
22/07/13 14:45:12 564 [debug]: -----------------------------------
22/07/13 14:45:12 566 [debug]: |       Start Express Server      |
22/07/13 14:45:12 566 [debug]: -----------------------------------
22/07/13 14:45:12 567 [debug]: - - - - - - - - - - - - - - - - - -
22/07/13 14:45:14 805 [info]: >> DATABASE 접속됨 [threaId=71]
22/07/13 14:45:14 807 [info]: >> Connection 임대됨 [threaId=71]
22/07/13 14:45:14 808 [info]: >> Connection 반납됨 [threaId=71]
22/07/13 14:45:14 811 [debug]:  >>>> Database Pool is closed
22/07/13 14:45:40 966 [debug]: -----------------------------------
22/07/13 14:45:40 968 [debug]: |       Start Express Server      |
22/07/13 14:45:40 968 [debug]: -----------------------------------
22/07/13 14:45:40 969 [debug]: - - - - - - - - - - - - - - - - - -
22/07/13 14:45:42 633 [info]: >> DATABASE 접속됨 [threaId=72]
22/07/13 14:45:42 635 [info]: >> Connection 임대됨 [threaId=72]
22/07/13 14:45:42 637 [debug]: SELECT * FROM professor
22/07/13 14:45:42 641 [info]: >> Connection 반납됨 [threaId=72]
22/07/13 14:45:42 645 [info]: >> Connection 임대됨 [threaId=72]
22/07/13 14:45:42 646 [debug]: SELECT * FROM professor WHERE profno='9921';
22/07/13 14:45:42 648 [info]: >> Connection 반납됨 [threaId=72]
22/07/13 14:45:42 648 [debug]:  >>>> Database Pool is closed
22/07/13 14:48:55 650 [debug]: -----------------------------------
22/07/13 14:48:55 652 [debug]: |       Start Express Server      |
22/07/13 14:48:55 652 [debug]: -----------------------------------
22/07/13 14:48:55 652 [debug]: - - - - - - - - - - - - - - - - - -
22/07/13 14:49:30 735 [debug]: -----------------------------------
22/07/13 14:49:30 737 [debug]: |       Start Express Server      |
22/07/13 14:49:30 738 [debug]: -----------------------------------
22/07/13 14:49:30 738 [debug]: - - - - - - - - - - - - - - - - - -
22/07/13 14:49:34 332 [debug]: -----------------------------------
22/07/13 14:49:34 334 [debug]: |       Start Express Server      |
22/07/13 14:49:34 334 [debug]: -----------------------------------
22/07/13 14:49:34 334 [debug]: - - - - - - - - - - - - - - - - - -
22/07/13 14:50:43 873 [debug]: -----------------------------------
22/07/13 14:50:43 875 [debug]: |       Start Express Server      |
22/07/13 14:50:43 875 [debug]: -----------------------------------
22/07/13 14:50:43 875 [debug]: - - - - - - - - - - - - - - - - - -
22/07/13 14:50:46 947 [debug]: -----------------------------------
22/07/13 14:50:46 949 [debug]: |       Start Express Server      |
22/07/13 14:50:46 950 [debug]: -----------------------------------
22/07/13 14:50:46 950 [debug]: - - - - - - - - - - - - - - - - - -
22/07/13 14:50:48 601 [info]: >> DATABASE 접속됨 [threaId=73]
22/07/13 14:50:48 603 [info]: >> Connection 임대됨 [threaId=73]
22/07/13 14:50:48 605 [debug]: INSERT INTO professor (name, userid, position, sal, hiredate, comm, deptno)  VALUES ('시험교수', 'testID', '교수' '300', '2022-07-13', '20', '101');
22/07/13 14:50:48 607 [info]: >> Connection 반납됨 [threaId=73]
22/07/13 14:50:48 611 [debug]:  >>>> Database Pool is closed
22/07/13 14:53:08 040 [debug]: -----------------------------------
22/07/13 14:53:08 042 [debug]: |       Start Express Server      |
22/07/13 14:53:08 043 [debug]: -----------------------------------
22/07/13 14:53:08 043 [debug]: - - - - - - - - - - - - - - - - - -
22/07/13 14:56:13 034 [debug]: -----------------------------------
22/07/13 14:56:13 036 [debug]: |       Start Express Server      |
22/07/13 14:56:13 037 [debug]: -----------------------------------
22/07/13 14:56:13 037 [debug]: - - - - - - - - - - - - - - - - - -
22/07/13 14:56:14 689 [info]: >> DATABASE 접속됨 [threaId=74]
22/07/13 14:56:14 691 [info]: >> Connection 임대됨 [threaId=74]
22/07/13 14:56:14 694 [debug]: INSERT INTO professor (profno, name, userid, position, sal, hiredate, comm, deptno)  VALUES ('1', '시험교수', 'testID', '교수' '300', '2022-07-13', '20', '101');
22/07/13 14:56:14 695 [info]: >> Connection 반납됨 [threaId=74]
22/07/13 14:56:14 698 [debug]:  >>>> Database Pool is closed
22/07/13 14:56:26 449 [debug]: -----------------------------------
22/07/13 14:56:26 452 [debug]: |       Start Express Server      |
22/07/13 14:56:26 452 [debug]: -----------------------------------
22/07/13 14:56:26 453 [debug]: - - - - - - - - - - - - - - - - - -
22/07/13 14:57:01 319 [debug]: -----------------------------------
22/07/13 14:57:01 321 [debug]: |       Start Express Server      |
22/07/13 14:57:01 321 [debug]: -----------------------------------
22/07/13 14:57:01 321 [debug]: - - - - - - - - - - - - - - - - - -
22/07/13 14:57:01 607 [info]: >> DATABASE 접속됨 [threaId=75]
22/07/13 14:57:01 609 [info]: >> Connection 임대됨 [threaId=75]
22/07/13 14:57:01 611 [debug]: INSERT INTO professor (name, userid, position, sal, hiredate, comm, deptno)  VALUES ('시험교수', 'testID', '교수' '300', '2022-07-13', '20', '101');
22/07/13 14:57:01 612 [info]: >> Connection 반납됨 [threaId=75]
22/07/13 14:57:01 616 [debug]:  >>>> Database Pool is closed
22/07/13 14:57:10 356 [debug]: -----------------------------------
22/07/13 14:57:10 359 [debug]: |       Start Express Server      |
22/07/13 14:57:10 359 [debug]: -----------------------------------
22/07/13 14:57:10 359 [debug]: - - - - - - - - - - - - - - - - - -
22/07/13 14:58:47 709 [info]: >> DATABASE 접속됨 [threaId=76]
22/07/13 14:58:47 711 [info]: >> Connection 임대됨 [threaId=76]
22/07/13 14:58:47 713 [debug]: INSERT INTO professor (name, userid, position, sal, hiredate, comm, deptno)  VALUES ('시험교수', 'testID', '교수', '300', '2022-07-13', '20', '101');
22/07/13 14:58:47 716 [info]: >> Connection 반납됨 [threaId=76]
22/07/13 14:58:47 718 [debug]:  >>>> Database Pool is closed
22/07/13 14:58:59 224 [debug]: -----------------------------------
22/07/13 14:58:59 226 [debug]: |       Start Express Server      |
22/07/13 14:58:59 227 [debug]: -----------------------------------
22/07/13 14:58:59 227 [debug]: - - - - - - - - - - - - - - - - - -
22/07/13 14:59:01 422 [info]: >> DATABASE 접속됨 [threaId=77]
22/07/13 14:59:01 424 [info]: >> Connection 임대됨 [threaId=77]
22/07/13 14:59:01 427 [debug]: INSERT INTO professor (name, userid, position, sal, hiredate, comm, deptno)  VALUES ('시험교수', 'testID', '교수', '300', '2022-07-13', '20', '101');
22/07/13 14:59:01 429 [info]: >> Connection 반납됨 [threaId=77]
22/07/13 14:59:01 432 [debug]:  >>>> Database Pool is closed
22/07/13 14:59:22 720 [debug]: -----------------------------------
22/07/13 14:59:22 722 [debug]: |       Start Express Server      |
22/07/13 14:59:22 722 [debug]: -----------------------------------
22/07/13 14:59:22 723 [debug]: - - - - - - - - - - - - - - - - - -
22/07/13 14:59:24 908 [info]: >> DATABASE 접속됨 [threaId=78]
22/07/13 14:59:24 909 [info]: >> Connection 임대됨 [threaId=78]
22/07/13 14:59:24 912 [debug]: INSERT INTO professor (name, userid, position, sal, hiredate, comm, deptno)  VALUES ('시험교수', 'testID', '교수', '300', '2022-07-13', '20', '101');
22/07/13 14:59:24 914 [debug]: SELECT * FROM professor WHERE profno='9924';
22/07/13 14:59:24 917 [info]: >> Connection 반납됨 [threaId=78]
22/07/13 14:59:24 920 [debug]:  >>>> Database Pool is closed
22/07/13 17:00:51 753 [debug]: -----------------------------------
22/07/13 17:00:51 755 [debug]: |       Start Express Server      |
22/07/13 17:00:51 756 [debug]: -----------------------------------
22/07/13 17:00:51 756 [debug]: - - - - - - - - - - - - - - - - - -
22/07/13 17:08:47 646 [debug]: -----------------------------------
22/07/13 17:08:47 649 [debug]: |       Start Express Server      |
22/07/13 17:08:47 649 [debug]: -----------------------------------
22/07/13 17:08:47 649 [debug]: - - - - - - - - - - - - - - - - - -
22/07/13 17:10:18 032 [debug]: -----------------------------------
22/07/13 17:10:18 035 [debug]: |       Start Express Server      |
22/07/13 17:10:18 035 [debug]: -----------------------------------
22/07/13 17:10:18 035 [debug]: - - - - - - - - - - - - - - - - - -
22/07/13 17:10:29 282 [debug]: -----------------------------------
22/07/13 17:10:29 285 [debug]: |       Start Express Server      |
22/07/13 17:10:29 285 [debug]: -----------------------------------
22/07/13 17:10:29 285 [debug]: - - - - - - - - - - - - - - - - - -
22/07/13 17:11:16 419 [debug]: -----------------------------------
22/07/13 17:11:16 422 [debug]: |       Start Express Server      |
22/07/13 17:11:16 422 [debug]: -----------------------------------
22/07/13 17:11:16 423 [debug]: - - - - - - - - - - - - - - - - - -
22/07/13 17:11:36 499 [debug]: -----------------------------------
22/07/13 17:11:36 501 [debug]: |       Start Express Server      |
22/07/13 17:11:36 501 [debug]: -----------------------------------
22/07/13 17:11:36 502 [debug]: - - - - - - - - - - - - - - - - - -
22/07/13 17:13:03 143 [debug]: -----------------------------------
22/07/13 17:13:03 145 [debug]: |       Start Express Server      |
22/07/13 17:13:03 145 [debug]: -----------------------------------
22/07/13 17:13:03 145 [debug]: - - - - - - - - - - - - - - - - - -
22/07/13 17:14:36 003 [debug]: -----------------------------------
22/07/13 17:14:36 005 [debug]: |       Start Express Server      |
22/07/13 17:14:36 006 [debug]: -----------------------------------
22/07/13 17:14:36 006 [debug]: - - - - - - - - - - - - - - - - - -
22/07/13 17:14:40 886 [info]: >> DATABASE 접속됨 [threaId=79]
22/07/13 17:14:40 888 [info]: >> Connection 임대됨 [threaId=79]
22/07/13 17:14:40 890 [info]: >> Connection 반납됨 [threaId=79]
22/07/13 17:14:40 892 [debug]:  >>>> Database Pool is closed
22/07/13 17:14:49 552 [debug]: -----------------------------------
22/07/13 17:14:49 555 [debug]: |       Start Express Server      |
22/07/13 17:14:49 555 [debug]: -----------------------------------
22/07/13 17:14:49 555 [debug]: - - - - - - - - - - - - - - - - - -
22/07/13 17:14:54 498 [debug]: -----------------------------------
22/07/13 17:14:54 500 [debug]: |       Start Express Server      |
22/07/13 17:14:54 501 [debug]: -----------------------------------
22/07/13 17:14:54 501 [debug]: - - - - - - - - - - - - - - - - - -
22/07/13 17:14:55 133 [info]: >> DATABASE 접속됨 [threaId=80]
22/07/13 17:14:55 135 [info]: >> Connection 임대됨 [threaId=80]
22/07/13 17:14:55 137 [debug]: UPDATE professor SET name='테스트교수', position='퇴사'  WHERE profno='9924';
22/07/13 17:14:55 140 [info]: >> Connection 반납됨 [threaId=80]
22/07/13 17:14:55 142 [debug]:  >>>> Database Pool is closed
22/07/13 17:15:39 346 [debug]: -----------------------------------
22/07/13 17:15:39 348 [debug]: |       Start Express Server      |
22/07/13 17:15:39 348 [debug]: -----------------------------------
22/07/13 17:15:39 349 [debug]: - - - - - - - - - - - - - - - - - -
22/07/13 17:15:44 006 [info]: >> DATABASE 접속됨 [threaId=81]
22/07/13 17:15:44 008 [info]: >> Connection 임대됨 [threaId=81]
22/07/13 17:15:44 010 [debug]: UPDATE professor SET name='테스트교수', position='퇴사'  WHERE profno='9924';
22/07/13 17:15:44 013 [debug]: SELECT * FROM professor WHERE profno='9924';
22/07/13 17:15:44 017 [info]: >> Connection 반납됨 [threaId=81]
22/07/13 17:15:44 019 [debug]:  >>>> Database Pool is closed
22/07/13 17:18:05 793 [debug]: -----------------------------------
22/07/13 17:18:05 796 [debug]: |       Start Express Server      |
22/07/13 17:18:05 796 [debug]: -----------------------------------
22/07/13 17:18:05 796 [debug]: - - - - - - - - - - - - - - - - - -
22/07/13 17:23:07 882 [debug]: -----------------------------------
22/07/13 17:23:07 885 [debug]: |       Start Express Server      |
22/07/13 17:23:07 886 [debug]: -----------------------------------
22/07/13 17:23:07 886 [debug]: - - - - - - - - - - - - - - - - - -
22/07/13 17:23:30 677 [debug]: -----------------------------------
22/07/13 17:23:30 679 [debug]: |       Start Express Server      |
22/07/13 17:23:30 680 [debug]: -----------------------------------
22/07/13 17:23:30 680 [debug]: - - - - - - - - - - - - - - - - - -
22/07/13 17:23:38 709 [debug]: -----------------------------------
22/07/13 17:23:38 711 [debug]: |       Start Express Server      |
22/07/13 17:23:38 711 [debug]: -----------------------------------
22/07/13 17:23:38 712 [debug]: - - - - - - - - - - - - - - - - - -
22/07/13 17:25:13 478 [debug]: -----------------------------------
22/07/13 17:25:13 480 [debug]: |       Start Express Server      |
22/07/13 17:25:13 481 [debug]: -----------------------------------
22/07/13 17:25:13 481 [debug]: - - - - - - - - - - - - - - - - - -
22/07/13 17:25:19 236 [info]: >> DATABASE 접속됨 [threaId=82]
22/07/13 17:25:19 238 [info]: >> Connection 임대됨 [threaId=82]
22/07/13 17:25:19 239 [info]: >> Connection 반납됨 [threaId=82]
22/07/13 17:25:19 242 [debug]:  >>>> Database Pool is closed
22/07/13 17:27:48 314 [debug]: -----------------------------------
22/07/13 17:27:48 316 [debug]: |       Start Express Server      |
22/07/13 17:27:48 317 [debug]: -----------------------------------
22/07/13 17:27:48 318 [debug]: - - - - - - - - - - - - - - - - - -
22/07/13 17:27:51 409 [info]: >> DATABASE 접속됨 [threaId=83]
22/07/13 17:27:51 411 [info]: >> Connection 임대됨 [threaId=83]
22/07/13 17:27:51 412 [info]: >> Connection 반납됨 [threaId=83]
22/07/13 17:27:51 415 [debug]:  >>>> Database Pool is closed
22/07/13 17:33:37 965 [debug]: -----------------------------------
22/07/13 17:33:37 968 [debug]: |       Start Express Server      |
22/07/13 17:33:37 968 [debug]: -----------------------------------
22/07/13 17:33:37 969 [debug]: - - - - - - - - - - - - - - - - - -
22/07/13 17:34:32 127 [debug]: -----------------------------------
22/07/13 17:34:32 129 [debug]: |       Start Express Server      |
22/07/13 17:34:32 130 [debug]: -----------------------------------
22/07/13 17:34:32 130 [debug]: - - - - - - - - - - - - - - - - - -
22/07/13 17:34:48 086 [info]: >> DATABASE 접속됨 [threaId=84]
22/07/13 17:34:48 088 [info]: >> Connection 임대됨 [threaId=84]
22/07/13 17:34:48 091 [debug]: DELETE FROM student WHERE profno='9924';
22/07/13 17:34:48 093 [debug]: DELETE FROM professor WHERE profno='9924';
22/07/13 17:34:48 094 [info]: >> Connection 반납됨 [threaId=84]
22/07/13 17:34:48 094 [debug]:  >>>> Database Pool is closed
22/07/13 17:36:33 070 [debug]: -----------------------------------
22/07/13 17:36:33 073 [debug]: |       Start Express Server      |
22/07/13 17:36:33 073 [debug]: -----------------------------------
22/07/13 17:36:33 073 [debug]: - - - - - - - - - - - - - - - - - -
22/07/13 17:37:06 192 [debug]: 클라이언트가 접속했습니다.
22/07/13 17:37:06 198 [debug]: 클라이언트의 접속이 종료 되었습니다.
22/07/13 17:41:54 469 [debug]: -----------------------------------
22/07/13 17:41:54 472 [debug]: |       Start Express Server      |
22/07/13 17:41:54 472 [debug]: -----------------------------------
22/07/13 17:41:54 473 [debug]: - - - - - - - - - - - - - - - - - -
22/07/13 17:41:55 612 [info]: >> DATABASE 접속됨 [threaId=85]
22/07/13 17:41:55 614 [info]: >> Connection 임대됨 [threaId=85]
22/07/13 17:41:55 618 [debug]: 
22/07/13 17:41:55 619 [info]: >> Connection 반납됨 [threaId=85]
22/07/13 17:41:55 623 [debug]:  >>>> Database Pool is closed
22/07/13 17:43:49 641 [info]: >> DATABASE 접속됨 [threaId=86]
22/07/13 17:43:49 643 [info]: >> Connection 임대됨 [threaId=86]
22/07/13 17:43:49 646 [debug]: 
22/07/13 17:43:49 647 [info]: >> Connection 반납됨 [threaId=86]
22/07/13 17:43:49 650 [debug]:  >>>> Database Pool is closed
22/07/13 17:47:20 525 [info]: >> DATABASE 접속됨 [threaId=87]
22/07/13 17:47:20 527 [info]: >> Connection 임대됨 [threaId=87]
22/07/13 17:47:20 530 [debug]: WHERE  -->  profno='9921'
22/07/13 17:47:20 531 [info]: >> Connection 반납됨 [threaId=87]
22/07/13 17:47:20 535 [debug]:  >>>> Database Pool is closed
22/07/13 17:50:31 441 [info]: >> DATABASE 접속됨 [threaId=88]
22/07/13 17:50:31 443 [info]: >> Connection 임대됨 [threaId=88]
22/07/13 17:50:31 445 [debug]: WHERE  -->  p.profno='9921'
22/07/13 17:50:31 446 [info]: >> Connection 반납됨 [threaId=88]
22/07/13 17:50:31 450 [debug]:  >>>> Database Pool is closed
22/07/13 17:50:52 145 [info]: >> DATABASE 접속됨 [threaId=89]
22/07/13 17:50:52 147 [info]: >> Connection 임대됨 [threaId=89]
22/07/13 17:50:52 150 [debug]: -->
22/07/13 17:50:52 151 [info]: >> Connection 반납됨 [threaId=89]
22/07/13 17:50:52 154 [debug]:  >>>> Database Pool is closed
22/07/13 17:51:31 539 [info]: >> DATABASE 접속됨 [threaId=90]
22/07/13 17:51:31 540 [info]: >> Connection 임대됨 [threaId=90]
22/07/13 17:51:31 543 [debug]: WHERE  -->  profno='9921'
22/07/13 17:51:31 544 [info]: >> Connection 반납됨 [threaId=90]
22/07/13 17:51:31 548 [debug]:  >>>> Database Pool is closed
22/07/13 17:53:49 047 [info]: >> DATABASE 접속됨 [threaId=91]
22/07/13 17:53:49 049 [info]: >> Connection 임대됨 [threaId=91]
22/07/13 17:53:49 052 [debug]: -->
22/07/13 17:53:49 054 [info]: >> Connection 반납됨 [threaId=91]
22/07/13 17:53:49 057 [debug]:  >>>> Database Pool is closed
22/07/13 17:54:43 386 [debug]: -----------------------------------
22/07/13 17:54:43 388 [debug]: |       Start Express Server      |
22/07/13 17:54:43 388 [debug]: -----------------------------------
22/07/13 17:54:43 389 [debug]: - - - - - - - - - - - - - - - - - -
22/07/13 17:54:50 433 [debug]: -----------------------------------
22/07/13 17:54:50 435 [debug]: |       Start Express Server      |
22/07/13 17:54:50 436 [debug]: -----------------------------------
22/07/13 17:54:50 436 [debug]: - - - - - - - - - - - - - - - - - -
22/07/13 17:54:51 929 [info]: >> DATABASE 접속됨 [threaId=92]
22/07/13 17:54:51 931 [info]: >> Connection 임대됨 [threaId=92]
22/07/13 17:54:51 933 [debug]: -->
22/07/13 17:54:51 935 [info]: >> Connection 반납됨 [threaId=92]
22/07/13 17:54:51 938 [debug]:  >>>> Database Pool is closed
22/07/13 17:55:42 199 [info]: >> DATABASE 접속됨 [threaId=93]
22/07/13 17:55:42 201 [info]: >> Connection 임대됨 [threaId=93]
22/07/13 17:55:42 203 [debug]: SELECT profno, name, userid, position, sal, date_format(hiredate, '%Y-%m-%d') AS h_date, comm, p.dname  FROM professor AS p  INNER JOIN department AS d  ON p.deptno = d.deptno
22/07/13 17:55:42 207 [info]: >> Connection 반납됨 [threaId=93]
22/07/13 17:55:42 210 [debug]:  >>>> Database Pool is closed
22/07/13 17:56:14 901 [debug]: -----------------------------------
22/07/13 17:56:14 903 [debug]: |       Start Express Server      |
22/07/13 17:56:14 904 [debug]: -----------------------------------
22/07/13 17:56:14 904 [debug]: - - - - - - - - - - - - - - - - - -
22/07/13 17:56:26 695 [info]: >> DATABASE 접속됨 [threaId=94]
22/07/13 17:56:26 697 [info]: >> Connection 임대됨 [threaId=94]
22/07/13 17:56:26 700 [debug]: SELECT profno, name, userid, position, sal, date_format(hiredate, '%Y-%m-%d') AS h_date, comm, p.dname  FROM professor AS p  INNER JOIN department AS d  ON p.deptno = d.deptno
22/07/13 17:56:26 702 [info]: >> Connection 반납됨 [threaId=94]
22/07/13 17:56:26 706 [debug]:  >>>> Database Pool is closed
22/07/13 17:56:39 982 [info]: >> DATABASE 접속됨 [threaId=95]
22/07/13 17:56:39 984 [info]: >> Connection 임대됨 [threaId=95]
22/07/13 17:56:39 986 [debug]: SELECT profno, name, userid, position, sal, date_format(hiredate, '%Y-%m-%d') AS h_date, comm, d.dname  FROM professor AS p  INNER JOIN department AS d  ON p.deptno = d.deptno
22/07/13 17:56:39 991 [info]: >> Connection 반납됨 [threaId=95]
22/07/13 17:56:39 995 [debug]:  >>>> Database Pool is closed
22/07/13 17:57:13 456 [info]: >> DATABASE 접속됨 [threaId=96]
22/07/13 17:57:13 458 [info]: >> Connection 임대됨 [threaId=96]
22/07/13 17:57:13 459 [info]: >> Connection 반납됨 [threaId=96]
22/07/13 17:57:13 462 [debug]:  >>>> Database Pool is closed
22/07/13 17:57:40 376 [debug]: -----------------------------------
22/07/13 17:57:40 378 [debug]: |       Start Express Server      |
22/07/13 17:57:40 378 [debug]: -----------------------------------
22/07/13 17:57:40 378 [debug]: - - - - - - - - - - - - - - - - - -
22/07/13 17:57:40 475 [info]: >> DATABASE 접속됨 [threaId=97]
22/07/13 17:57:40 477 [info]: >> Connection 임대됨 [threaId=97]
22/07/13 17:57:40 479 [debug]: SELECT * FROM professor WHERE profno='9902';
22/07/13 17:57:40 484 [info]: >> Connection 반납됨 [threaId=97]
22/07/13 17:57:40 487 [debug]:  >>>> Database Pool is closed
22/07/13 17:58:32 103 [info]: >> DATABASE 접속됨 [threaId=98]
22/07/13 17:58:32 105 [info]: >> Connection 임대됨 [threaId=98]
22/07/13 17:58:32 107 [debug]: SELECT profno, name, userid, position, sal, date_format(hiredate, '%Y-%m-%d') AS h_date, comm, deptno, d.dname  FROM professor AS p  INNER JOIN department AS d  ON p.deptno = d.deptno
22/07/13 17:58:32 108 [info]: >> Connection 반납됨 [threaId=98]
22/07/13 17:58:32 111 [debug]:  >>>> Database Pool is closed
22/07/13 17:58:46 300 [info]: >> DATABASE 접속됨 [threaId=99]
22/07/13 17:58:46 302 [info]: >> Connection 임대됨 [threaId=99]
22/07/13 17:58:46 304 [debug]: SELECT profno, name, userid, position, sal, date_format(hiredate, '%Y-%m-%d') AS h_date, comm, d.deptno, d.dname  FROM professor AS p  INNER JOIN department AS d  ON p.deptno = d.deptno
22/07/13 17:58:46 308 [info]: >> Connection 반납됨 [threaId=99]
22/07/13 17:58:46 311 [debug]:  >>>> Database Pool is closed
22/07/13 17:59:19 724 [info]: >> DATABASE 접속됨 [threaId=100]
22/07/13 17:59:19 726 [info]: >> Connection 임대됨 [threaId=100]
22/07/13 17:59:19 728 [debug]: SELECT '9902', name, userid, position, sal, date_format(hiredate, '%Y-%m-%d') AS h_date, comm, d.deptno, d.dname  FROM professor AS p  INNER JOIN department AS d  ON p.deptno = d.deptno
22/07/13 17:59:19 733 [info]: >> Connection 반납됨 [threaId=100]
22/07/13 17:59:19 736 [debug]:  >>>> Database Pool is closed
22/07/13 17:59:43 488 [info]: >> DATABASE 접속됨 [threaId=101]
22/07/13 17:59:43 490 [info]: >> Connection 임대됨 [threaId=101]
22/07/13 17:59:43 492 [debug]: SELECT profno, name, userid, position, sal, date_format(hiredate, '%Y-%m-%d') AS h_date, comm, d.deptno, d.dname  FROM professor AS p  INNER JOIN department AS d  ON p.deptno = d.deptno
22/07/13 17:59:43 496 [info]: >> Connection 반납됨 [threaId=101]
22/07/13 17:59:43 499 [debug]:  >>>> Database Pool is closed
22/07/13 18:06:36 013 [debug]: -----------------------------------
22/07/13 18:06:36 015 [debug]: |       Start Express Server      |
22/07/13 18:06:36 016 [debug]: -----------------------------------
22/07/13 18:06:36 016 [debug]: - - - - - - - - - - - - - - - - - -
22/07/13 18:07:28 187 [debug]: -----------------------------------
22/07/13 18:07:28 190 [debug]: |       Start Express Server      |
22/07/13 18:07:28 190 [debug]: -----------------------------------
22/07/13 18:07:28 191 [debug]: - - - - - - - - - - - - - - - - - -
22/07/13 18:07:30 472 [info]: >> DATABASE 접속됨 [threaId=102]
22/07/13 18:07:30 474 [info]: >> Connection 임대됨 [threaId=102]
22/07/13 18:07:30 476 [debug]: SELECT profno, name, userid, position, sal, date_format(hiredate, '%Y-%m-%d') AS h_date, comm, d.deptno, d.dname  FROM professor AS p  INNER JOIN department AS d  ON p.deptno = d.deptno
22/07/13 18:07:30 481 [info]: >> Connection 반납됨 [threaId=102]
22/07/13 18:07:30 485 [debug]:  >>>> Database Pool is closed
22/07/13 18:07:45 608 [debug]: -----------------------------------
22/07/13 18:07:45 610 [debug]: |       Start Express Server      |
22/07/13 18:07:45 610 [debug]: -----------------------------------
22/07/13 18:07:45 610 [debug]: - - - - - - - - - - - - - - - - - -
22/07/13 18:07:54 084 [debug]: -----------------------------------
22/07/13 18:07:54 086 [debug]: |       Start Express Server      |
22/07/13 18:07:54 087 [debug]: -----------------------------------
22/07/13 18:07:54 087 [debug]: - - - - - - - - - - - - - - - - - -
22/07/13 18:10:38 108 [info]: >> DATABASE 접속됨 [threaId=103]
22/07/13 18:10:38 110 [info]: >> Connection 임대됨 [threaId=103]
22/07/13 18:10:38 113 [debug]: SELECT profno, name, userid, position, sal, date_format(hiredate, '%Y-%m-%d') AS h_date, comm, d.deptno, d.dname  FROM professor p  INNER JOIN department d  ON p.deptno = d.deptno  WHERE  profno='9902'
22/07/13 18:10:38 117 [info]: >> Connection 반납됨 [threaId=103]
22/07/13 18:10:38 120 [debug]:  >>>> Database Pool is closed
22/07/13 18:12:06 629 [debug]: -----------------------------------
22/07/13 18:12:06 631 [debug]: |       Start Express Server      |
22/07/13 18:12:06 631 [debug]: -----------------------------------
22/07/13 18:12:06 632 [debug]: - - - - - - - - - - - - - - - - - -
22/07/13 18:12:08 343 [info]: >> DATABASE 접속됨 [threaId=104]
22/07/13 18:12:08 345 [info]: >> Connection 임대됨 [threaId=104]
22/07/13 18:12:08 348 [debug]: SELECT profno, name, userid, position, sal, date_format(hiredate, '%Y-%m-%d') AS h_date, comm, d.deptno, d.dname  FROM professor p  INNER JOIN department d  ON p.deptno = d.deptno
22/07/13 18:12:08 354 [info]: >> Connection 반납됨 [threaId=104]
22/07/13 18:12:08 358 [debug]:  >>>> Database Pool is closed
22/07/13 18:12:27 660 [debug]: -----------------------------------
22/07/13 18:12:27 662 [debug]: |       Start Express Server      |
22/07/13 18:12:27 663 [debug]: -----------------------------------
22/07/13 18:12:27 663 [debug]: - - - - - - - - - - - - - - - - - -
22/07/13 18:12:28 799 [info]: >> DATABASE 접속됨 [threaId=105]
22/07/13 18:12:28 801 [info]: >> Connection 임대됨 [threaId=105]
22/07/13 18:12:28 803 [debug]: SELECT profno, name, userid, position, sal, date_format(hiredate, '%Y-%m-%d') AS h_date, comm, d.deptno, d.dname  FROM professor p  INNER JOIN department d  ON p.deptno = d.deptno
22/07/13 18:12:28 808 [info]: >> Connection 반납됨 [threaId=105]
22/07/13 18:12:28 812 [info]: >> Connection 임대됨 [threaId=105]
22/07/13 18:12:28 814 [debug]: SELECT profno, name, userid, position, sal, date_format(hiredate, '%Y-%m-%d') AS h_date, comm, d.deptno, d.dname  FROM professor p  INNER JOIN department d  ON p.deptno = d.deptno  WHERE  profno='9902'
22/07/13 18:12:28 815 [info]: >> Connection 반납됨 [threaId=105]
22/07/13 18:12:28 815 [debug]:  >>>> Database Pool is closed
22/07/13 18:31:45 193 [debug]: -----------------------------------
22/07/13 18:31:45 195 [debug]: |       Start Express Server      |
22/07/13 18:31:45 196 [debug]: -----------------------------------
22/07/13 18:31:45 196 [debug]: - - - - - - - - - - - - - - - - - -
22/07/13 18:31:47 013 [debug]: 클라이언트가 접속했습니다.
22/07/13 18:31:47 018 [debug]: 클라이언트의 접속이 종료 되었습니다.
22/07/13 18:32:58 420 [debug]: -----------------------------------
22/07/13 18:32:58 422 [debug]: |       Start Express Server      |
22/07/13 18:32:58 423 [debug]: -----------------------------------
22/07/13 18:32:58 423 [debug]: - - - - - - - - - - - - - - - - - -
22/07/13 18:35:50 632 [debug]: -----------------------------------
22/07/13 18:35:50 635 [debug]: |       Start Express Server      |
22/07/13 18:35:50 635 [debug]: -----------------------------------
22/07/13 18:35:50 636 [debug]: - - - - - - - - - - - - - - - - - -
22/07/13 18:36:07 477 [debug]: 클라이언트가 접속했습니다.
22/07/13 18:36:07 495 [info]: >> DATABASE 접속됨 [threaId=106]
22/07/13 18:36:07 495 [info]: >> Connection 임대됨 [threaId=106]
22/07/13 18:36:07 497 [debug]: SELECT profno, name, userid, position, sal, date_format(hiredate, '%Y-%m-%d') AS h_date, comm, d.deptno, d.dname  FROM professor p  INNER JOIN department d  ON p.deptno = d.deptno
22/07/13 18:36:07 500 [info]: >> Connection 반납됨 [threaId=106]
22/07/13 18:36:07 504 [debug]: 클라이언트의 접속이 종료 되었습니다.
22/07/13 18:40:37 823 [debug]: -----------------------------------
22/07/13 18:40:37 825 [debug]: |       Start Express Server      |
22/07/13 18:40:37 826 [debug]: -----------------------------------
22/07/13 18:40:37 826 [debug]: - - - - - - - - - - - - - - - - - -
22/07/13 18:41:19 289 [debug]: -----------------------------------
22/07/13 18:41:19 291 [debug]: |       Start Express Server      |
22/07/13 18:41:19 292 [debug]: -----------------------------------
22/07/13 18:41:19 292 [debug]: - - - - - - - - - - - - - - - - - -
