22/06/28 10:31:45 004 [debug]: 3216번 포트에서 백엔드가 구동되었습니다.
22/06/28 10:31:45 006 [debug]: - - - - - - - - - - - - - - - - - - -
22/06/28 10:31:45 006 [debug]: http://192.168.0.7:3216
22/06/28 10:45:24 047 [debug]: 3216번 포트에서 백엔드가 구동되었습니다.
22/06/28 10:45:24 048 [debug]: - - - - - - - - - - - - - - - - - - -
22/06/28 10:45:24 048 [debug]: http://192.168.0.7:3216
22/06/28 10:45:41 712 [debug]: 3216번 포트에서 백엔드가 구동되었습니다.
22/06/28 10:45:41 714 [debug]: - - - - - - - - - - - - - - - - - - -
22/06/28 10:45:41 714 [debug]: http://192.168.0.7:3216
22/06/28 10:45:41 881 [debug]: 프론트엔드가 접속했습니다. : ::ffff:192.168.0.7, 50163
22/06/28 10:45:41 881 [debug]: [object Object]
22/06/28 10:45:41 882 [debug]: 프론트엔드가 접속했습니다. : ::ffff:192.168.0.7, 50164
22/06/28 10:45:41 883 [debug]: [object Object]
22/06/28 10:45:41 884 [debug]: 프론트엔드의 요청 >> [GET] /
22/06/28 10:45:42 049 [debug]: 프론트엔드의 요청 >> [GET] /favicon.ico
22/06/28 10:45:55 506 [debug]: 프론트엔드가 접속했습니다. : ::ffff:192.168.0.7, 50167
22/06/28 10:45:55 506 [debug]: [object Object]
22/06/28 10:45:55 508 [debug]: 프론트엔드의 요청 >> [GET] /hello.html
22/06/28 10:45:55 589 [debug]: 프론트엔드의 요청 >> [GET] /favicon.ico
22/06/28 11:47:22 122 [debug]: 3217번 포트에서 백엔드가 구동되었습니다.
22/06/28 11:47:22 124 [debug]: - - - - - - - - - - - - - - - - - - -
22/06/28 11:47:22 124 [debug]: http://192.168.0.7:3217
22/06/28 11:47:46 759 [debug]: 프론트엔드가 접속했습니다. : ::ffff:192.168.0.7, 50296
22/06/28 11:47:46 760 [debug]: [object Object]
22/06/28 11:47:46 762 [debug]: 프론트엔드가 접속했습니다. : ::ffff:192.168.0.7, 50297
22/06/28 11:47:46 762 [debug]: [object Object]
22/06/28 11:47:46 765 [debug]: 프론트엔드의 요청 >> [GET] /
22/06/28 11:47:46 968 [debug]: 프론트엔드의 요청 >> [GET] /favicon.ico
22/06/28 11:47:56 018 [debug]: 프론트엔드가 접속했습니다. : ::ffff:192.168.0.7, 50300
22/06/28 11:47:56 018 [debug]: [object Object]
22/06/28 11:47:56 019 [debug]: 프론트엔드의 요청 >> [GET] /sample.html
22/06/28 11:47:56 120 [debug]: 프론트엔드의 요청 >> [GET] /favicon.ico
22/06/28 11:47:58 191 [debug]: 프론트엔드가 접속했습니다. : ::1, 50301
22/06/28 11:47:58 191 [debug]: [object Object]
22/06/28 11:47:58 191 [debug]: 프론트엔드가 접속했습니다. : ::1, 50302
22/06/28 11:47:58 192 [debug]: [object Object]
22/06/28 11:47:58 192 [debug]: 프론트엔드의 요청 >> [GET] /
22/06/28 11:47:58 319 [debug]: 프론트엔드의 요청 >> [GET] /favicon.ico
22/06/28 11:47:59 944 [debug]: 프론트엔드의 요청 >> [GET] /favicon.ico
22/06/28 11:51:28 996 [debug]: 프론트엔드가 접속했습니다. : ::1, 50370
22/06/28 11:51:28 996 [debug]: [object Object]
22/06/28 11:51:28 996 [debug]: 프론트엔드가 접속했습니다. : ::1, 50371
22/06/28 11:51:28 996 [debug]: [object Object]
22/06/28 11:51:28 997 [debug]: 프론트엔드의 요청 >> [GET] /
22/06/28 11:51:29 162 [debug]: 프론트엔드의 요청 >> [GET] /favicon.ico
22/06/28 11:51:32 147 [debug]: 프론트엔드가 접속했습니다. : ::ffff:192.168.0.7, 50384
22/06/28 11:51:32 147 [debug]: [object Object]
22/06/28 11:51:32 147 [debug]: 프론트엔드가 접속했습니다. : ::ffff:192.168.0.7, 50385
22/06/28 11:51:32 147 [debug]: [object Object]
22/06/28 11:51:32 161 [debug]: 프론트엔드의 요청 >> [GET] /favicon.ico
22/06/28 11:52:26 046 [debug]: 프론트엔드가 접속했습니다. : ::ffff:192.168.0.7, 50604
22/06/28 11:52:26 046 [debug]: [object Object]
22/06/28 11:52:26 047 [debug]: 프론트엔드의 요청 >> [GET] /sample.html
22/06/28 11:52:27 027 [debug]: 프론트엔드의 요청 >> [GET] /favicon.ico
22/06/28 11:56:00 414 [debug]: 프론트엔드가 접속했습니다. : ::ffff:192.168.0.7, 51468
22/06/28 11:56:00 414 [debug]: [object Object]
22/06/28 11:56:00 415 [debug]: 프론트엔드가 접속했습니다. : ::ffff:192.168.0.7, 51469
22/06/28 11:56:00 415 [debug]: [object Object]
22/06/28 11:56:00 415 [debug]: 프론트엔드의 요청 >> [GET] /sample.html
22/06/28 11:56:00 667 [debug]: 프론트엔드의 요청 >> [GET] /favicon.ico
22/06/28 11:56:03 295 [debug]: 프론트엔드가 접속했습니다. : ::1, 51478
22/06/28 11:56:03 295 [debug]: [object Object]
22/06/28 11:56:03 296 [debug]: 프론트엔드가 접속했습니다. : ::1, 51479
22/06/28 11:56:03 296 [debug]: [object Object]
22/06/28 11:56:03 297 [debug]: 프론트엔드의 요청 >> [GET] /
22/06/28 11:56:03 439 [debug]: 프론트엔드의 요청 >> [GET] /favicon.ico
22/06/28 11:56:05 338 [debug]: 프론트엔드의 요청 >> [GET] /favicon.ico
22/06/28 11:56:07 150 [debug]: 프론트엔드의 요청 >> [GET] /
22/06/28 11:56:07 289 [debug]: 프론트엔드의 요청 >> [GET] /favicon.ico
22/06/28 11:56:08 901 [debug]: 프론트엔드의 요청 >> [GET] /favicon.ico
22/06/28 11:56:50 299 [debug]: 프론트엔드가 접속했습니다. : ::ffff:192.168.0.7, 51671
22/06/28 11:56:50 300 [debug]: [object Object]
22/06/28 11:56:50 300 [debug]: 프론트엔드의 요청 >> [GET] /sample.html
22/06/28 11:56:53 308 [debug]: 프론트엔드의 요청 >> [GET] /favicon.ico
22/06/28 11:57:33 562 [debug]: 프론트엔드가 접속했습니다. : ::ffff:192.168.0.7, 51849
22/06/28 11:57:33 562 [debug]: [object Object]
22/06/28 11:57:33 563 [debug]: 프론트엔드의 요청 >> [GET] /sample.html
22/06/28 11:57:33 641 [debug]: 프론트엔드의 요청 >> [GET] /favicon.ico
22/06/28 11:57:34 789 [debug]: 프론트엔드가 접속했습니다. : ::1, 51859
22/06/28 11:57:34 789 [debug]: [object Object]
22/06/28 11:57:34 789 [debug]: 프론트엔드의 요청 >> [GET] /
22/06/28 11:57:43 867 [debug]: 프론트엔드가 접속했습니다. : ::1, 51897
22/06/28 11:57:43 867 [debug]: [object Object]
22/06/28 11:57:43 867 [debug]: 프론트엔드의 요청 >> [GET] /
22/06/28 11:58:14 238 [debug]: 프론트엔드가 접속했습니다. : ::1, 52018
22/06/28 11:58:14 238 [debug]: [object Object]
22/06/28 11:58:14 238 [debug]: 프론트엔드의 요청 >> [GET] /
22/06/28 11:58:14 814 [debug]: 프론트엔드의 요청 >> [GET] /
22/06/28 11:58:15 233 [debug]: 프론트엔드의 요청 >> [GET] /
22/06/28 11:59:21 293 [debug]: 프론트엔드가 접속했습니다. : ::1, 52291
22/06/28 11:59:21 293 [debug]: [object Object]
22/06/28 11:59:21 294 [debug]: 프론트엔드의 요청 >> [GET] /
22/06/28 11:59:27 333 [debug]: 프론트엔드가 접속했습니다. : ::1, 52316
22/06/28 11:59:27 333 [debug]: [object Object]
22/06/28 11:59:27 333 [debug]: 프론트엔드의 요청 >> [GET] /
22/06/28 22:36:32 696 [debug]: 3217번 포트에서 백엔드가 구동되었습니다.
22/06/28 22:36:32 697 [debug]: - - - - - - - - - - - - - - - - - - -
22/06/28 22:36:32 697 [debug]: http://192.168.0.7:3217
22/06/28 22:40:58 783 [debug]: 3217번 포트에서 백엔드가 구동되었습니다.
22/06/28 22:40:58 784 [debug]: - - - - - - - - - - - - - - - - - - -
22/06/28 22:40:58 784 [debug]: http://192.168.0.7:3217
22/06/28 22:41:01 482 [debug]: 프론트엔드가 접속했습니다. : ::ffff:192.168.0.7, 57002
22/06/28 22:41:01 483 [debug]: [object Object]
22/06/28 22:41:01 484 [debug]: 프론트엔드가 접속했습니다. : ::ffff:192.168.0.7, 57003
22/06/28 22:41:01 484 [debug]: [object Object]
22/06/28 22:41:01 486 [debug]: 프론트엔드의 요청 >> [GET] /
22/06/28 22:41:01 625 [debug]: 프론트엔드의 요청 >> [GET] /favicon.ico
22/06/28 22:41:14 610 [debug]: 프론트엔드가 접속했습니다. : ::ffff:192.168.0.7, 57011
22/06/28 22:41:14 610 [debug]: [object Object]
22/06/28 22:41:14 610 [debug]: 프론트엔드의 요청 >> [GET] /sample.html
22/06/28 22:41:14 670 [debug]: 프론트엔드의 요청 >> [GET] /favicon.ico
22/06/28 22:41:17 658 [debug]: 프론트엔드가 접속했습니다. : ::1, 57012
22/06/28 22:41:17 658 [debug]: [object Object]
22/06/28 22:41:17 658 [debug]: 프론트엔드의 요청 >> [GET] /
22/06/28 22:41:18 245 [debug]: 프론트엔드의 요청 >> [POST] /
22/06/28 22:41:19 632 [debug]: 프론트엔드의 요청 >> [GET] /
22/06/28 22:41:19 969 [debug]: 프론트엔드의 요청 >> [POST] /
22/06/28 22:41:20 891 [debug]: 프론트엔드의 요청 >> [POST] /
22/06/28 22:41:21 203 [debug]: 프론트엔드의 요청 >> [GET] /
22/06/28 22:41:21 628 [debug]: 프론트엔드의 요청 >> [POST] /
22/06/28 22:41:27 504 [debug]: 프론트엔드가 접속했습니다. : ::1, 57029
22/06/28 22:41:27 504 [debug]: [object Object]
22/06/28 22:41:27 504 [debug]: 프론트엔드의 요청 >> [GET] /
22/06/28 22:41:28 512 [debug]: 프론트엔드의 요청 >> [POST] /
22/06/28 22:44:42 277 [debug]: 3217번 포트에서 백엔드가 구동되었습니다.
22/06/28 22:44:42 279 [debug]: - - - - - - - - - - - - - - - - - - -
22/06/28 22:44:42 279 [debug]: http://192.168.0.7:3217
22/06/28 22:44:47 070 [debug]: 프론트엔드가 접속했습니다. : ::ffff:192.168.0.7, 57830
22/06/28 22:44:47 070 [debug]: [object Object]
22/06/28 22:44:47 071 [debug]: 프론트엔드가 접속했습니다. : ::ffff:192.168.0.7, 57831
22/06/28 22:44:47 071 [debug]: [object Object]
22/06/28 22:44:47 073 [debug]: 프론트엔드의 요청 >> [GET] /sample.html
22/06/28 22:44:47 140 [debug]: 프론트엔드의 요청 >> [GET] /favicon.ico
22/06/28 22:44:48 460 [debug]: 프론트엔드가 접속했습니다. : ::1, 57836
22/06/28 22:44:48 461 [debug]: [object Object]
22/06/28 22:44:48 461 [debug]: 프론트엔드의 요청 >> [OPTIONS] /
22/06/28 22:44:48 463 [debug]: 프론트엔드가 접속했습니다. : ::1, 57837
22/06/28 22:44:48 463 [debug]: [object Object]
22/06/28 22:44:48 464 [debug]: 프론트엔드의 요청 >> [PUT] /
22/06/28 22:44:49 023 [debug]: 프론트엔드의 요청 >> [DELETE] /
22/06/28 22:44:50 051 [debug]: 프론트엔드의 요청 >> [PUT] /
22/06/28 22:44:50 424 [debug]: 프론트엔드의 요청 >> [POST] /
22/06/28 22:44:50 957 [debug]: 프론트엔드의 요청 >> [GET] /
22/06/28 22:44:51 938 [debug]: 프론트엔드의 요청 >> [GET] /
22/06/28 22:44:52 243 [debug]: 프론트엔드의 요청 >> [POST] /
22/06/28 22:44:52 751 [debug]: 프론트엔드의 요청 >> [GET] /
22/06/28 22:44:53 199 [debug]: 프론트엔드의 요청 >> [POST] /
22/06/28 22:44:53 638 [debug]: 프론트엔드의 요청 >> [OPTIONS] /
22/06/28 22:44:53 640 [debug]: 프론트엔드가 접속했습니다. : ::1, 57859
22/06/28 22:44:53 640 [debug]: [object Object]
22/06/28 22:44:53 640 [debug]: 프론트엔드의 요청 >> [PUT] /
22/06/28 22:44:54 351 [debug]: 프론트엔드의 요청 >> [DELETE] /
22/06/28 22:44:55 305 [debug]: 프론트엔드의 요청 >> [POST] /
22/06/28 22:44:55 753 [debug]: 프론트엔드의 요청 >> [GET] /
22/06/28 22:44:56 807 [debug]: 프론트엔드의 요청 >> [PUT] /
22/06/28 22:44:57 170 [debug]: 프론트엔드의 요청 >> [DELETE] /
22/06/28 22:45:16 587 [debug]: 프론트엔드가 접속했습니다. : ::1, 57958
22/06/28 22:45:16 588 [debug]: [object Object]
22/06/28 22:45:16 588 [debug]: 프론트엔드의 요청 >> [OPTIONS] /
22/06/28 22:45:16 590 [debug]: 프론트엔드가 접속했습니다. : ::1, 57959
22/06/28 22:45:16 590 [debug]: [object Object]
22/06/28 22:45:16 590 [debug]: 프론트엔드의 요청 >> [PUT] /
22/06/28 22:47:10 325 [debug]: 프론트엔드가 접속했습니다. : ::1, 58415
22/06/28 22:47:10 326 [debug]: [object Object]
22/06/28 22:47:10 326 [debug]: 프론트엔드의 요청 >> [POST] /
22/06/28 22:47:10 991 [debug]: 프론트엔드의 요청 >> [POST] /
22/06/28 22:47:12 343 [debug]: 프론트엔드가 접속했습니다. : ::ffff:192.168.0.7, 58424
22/06/28 22:47:12 343 [debug]: [object Object]
22/06/28 22:47:12 344 [debug]: 프론트엔드가 접속했습니다. : ::ffff:192.168.0.7, 58425
22/06/28 22:47:12 344 [debug]: [object Object]
22/06/28 22:47:12 344 [debug]: 프론트엔드의 요청 >> [GET] /sample.html
22/06/28 22:47:12 405 [debug]: 프론트엔드의 요청 >> [GET] /favicon.ico
22/06/28 22:47:18 023 [debug]: 프론트엔드가 접속했습니다. : ::1, 58452
22/06/28 22:47:18 023 [debug]: [object Object]
22/06/28 22:47:18 023 [debug]: 프론트엔드가 접속했습니다. : ::1, 58453
22/06/28 22:47:18 024 [debug]: [object Object]
22/06/28 22:47:18 025 [debug]: 프론트엔드의 요청 >> [GET] /
22/06/28 22:47:18 158 [debug]: 프론트엔드의 요청 >> [GET] /favicon.ico
22/06/28 22:47:19 488 [debug]: 프론트엔드가 접속했습니다. : ::ffff:192.168.0.7, 58462
22/06/28 22:47:19 488 [debug]: [object Object]
22/06/28 22:47:19 504 [debug]: 프론트엔드의 요청 >> [GET] /favicon.ico
22/06/28 22:47:20 760 [debug]: 프론트엔드가 접속했습니다. : ::1, 58467
22/06/28 22:47:20 760 [debug]: [object Object]
22/06/28 22:47:20 761 [debug]: 프론트엔드의 요청 >> [POST] /
22/06/28 22:47:21 223 [debug]: 프론트엔드의 요청 >> [OPTIONS] /
22/06/28 22:47:21 225 [debug]: 프론트엔드가 접속했습니다. : ::1, 58468
22/06/28 22:47:21 225 [debug]: [object Object]
22/06/28 22:47:21 225 [debug]: 프론트엔드의 요청 >> [PUT] /
22/06/28 22:47:21 801 [debug]: 프론트엔드의 요청 >> [DELETE] /
22/06/28 22:47:22 800 [debug]: 프론트엔드의 요청 >> [GET] /
22/06/28 22:54:14 598 [debug]: 3216번 포트에서 백엔드가 구동되었습니다.
22/06/28 22:54:14 599 [debug]: - - - - - - - - - - - - - - - - - - -
22/06/28 22:54:14 600 [debug]: http://192.168.0.7:3216
22/06/28 22:54:42 223 [debug]: 3216번 포트에서 백엔드가 구동되었습니다.
22/06/28 22:54:42 224 [debug]: - - - - - - - - - - - - - - - - - - -
22/06/28 22:54:42 225 [debug]: http://192.168.0.7:3216
22/06/28 22:54:44 415 [debug]: 프론트엔드가 접속했습니다. : ::ffff:192.168.0.7, 60264
22/06/28 22:54:44 417 [debug]: [object Object]
22/06/28 22:54:44 418 [debug]: 프론트엔드가 접속했습니다. : ::ffff:192.168.0.7, 60265
22/06/28 22:54:44 419 [debug]: [object Object]
22/06/28 22:54:44 422 [debug]: 프론트엔드의 요청 >> [GET] /
22/06/28 22:54:44 551 [debug]: 프론트엔드의 요청 >> [GET] /favicon.ico
22/06/28 22:55:51 341 [debug]: 프론트엔드가 접속했습니다. : ::ffff:192.168.0.7, 60537
22/06/28 22:55:51 341 [debug]: [object Object]
22/06/28 22:55:51 342 [debug]: 프론트엔드가 접속했습니다. : ::ffff:192.168.0.7, 60538
22/06/28 22:55:51 342 [debug]: [object Object]
22/06/28 22:55:51 343 [debug]: 프론트엔드의 요청 >> [GET] /hello.html
22/06/28 22:55:51 380 [debug]: 프론트엔드의 요청 >> [GET] /favicon.ico
22/06/28 23:48:51 048 [debug]: 3216번 포트에서 백엔드가 구동되었습니다.
22/06/28 23:48:51 049 [debug]: - - - - - - - - - - - - - - - - - - -
22/06/28 23:48:51 049 [debug]: http://192.168.0.7:3216
22/06/28 23:48:59 976 [debug]: 프론트엔드가 접속했습니다. : ::ffff:192.168.0.7, 62136
22/06/28 23:48:59 977 [debug]: [object Object]
22/06/28 23:48:59 978 [debug]: 프론트엔드가 접속했습니다. : ::ffff:192.168.0.7, 62137
22/06/28 23:48:59 978 [debug]: [object Object]
22/06/28 23:48:59 980 [debug]: 프론트엔드의 요청 >> [GET] /
22/06/28 23:49:00 182 [debug]: 프론트엔드의 요청 >> [GET] /favicon.ico
22/06/28 23:49:52 488 [debug]: 3217번 포트에서 백엔드가 구동되었습니다.
22/06/28 23:49:52 490 [debug]: - - - - - - - - - - - - - - - - - - -
22/06/28 23:49:52 490 [debug]: http://192.168.0.7:3217
22/06/28 23:50:06 413 [debug]: 프론트엔드가 접속했습니다. : ::ffff:192.168.0.7, 62154
22/06/28 23:50:06 414 [debug]: [object Object]
22/06/28 23:50:06 416 [debug]: 프론트엔드가 접속했습니다. : ::ffff:192.168.0.7, 62155
22/06/28 23:50:06 416 [debug]: [object Object]
22/06/28 23:50:06 419 [debug]: 프론트엔드의 요청 >> [GET] /
22/06/28 23:50:06 640 [debug]: 프론트엔드의 요청 >> [GET] /favicon.ico
22/06/28 23:50:37 689 [debug]: 프론트엔드가 접속했습니다. : ::ffff:192.168.0.7, 62158
22/06/28 23:50:37 690 [debug]: [object Object]
22/06/28 23:50:37 690 [debug]: 프론트엔드의 요청 >> [GET] /sample.html
22/06/28 23:50:37 728 [debug]: 프론트엔드의 요청 >> [GET] /favicon.ico
22/06/28 23:50:41 512 [debug]: 프론트엔드가 접속했습니다. : ::1, 62159
22/06/28 23:50:41 512 [debug]: [object Object]
22/06/28 23:50:41 513 [debug]: 프론트엔드의 요청 >> [GET] /
22/06/28 23:50:42 216 [debug]: 프론트엔드의 요청 >> [POST] /
22/06/28 23:50:42 612 [debug]: 프론트엔드의 요청 >> [OPTIONS] /
22/06/28 23:50:42 613 [debug]: 프론트엔드가 접속했습니다. : ::1, 62160
22/06/28 23:50:42 613 [debug]: [object Object]
22/06/28 23:50:42 614 [debug]: 프론트엔드의 요청 >> [PUT] /
22/06/28 23:50:43 015 [debug]: 프론트엔드의 요청 >> [DELETE] /
22/06/28 23:51:00 442 [debug]: 프론트엔드가 접속했습니다. : ::1, 62162
22/06/28 23:51:00 442 [debug]: [object Object]
22/06/28 23:51:00 442 [debug]: 프론트엔드가 접속했습니다. : ::1, 62163
22/06/28 23:51:00 442 [debug]: [object Object]
22/06/28 23:51:00 444 [debug]: 프론트엔드의 요청 >> [GET] /
22/06/28 23:51:00 591 [debug]: 프론트엔드의 요청 >> [GET] /favicon.ico
22/06/28 23:55:29 964 [debug]: 3217번 포트에서 백엔드가 구동되었습니다.
22/06/28 23:55:29 965 [debug]: - - - - - - - - - - - - - - - - - - -
22/06/28 23:55:29 965 [debug]: http://192.168.0.7:3217
22/06/28 23:55:49 399 [debug]: 프론트엔드가 접속했습니다. : ::ffff:192.168.0.7, 62183
22/06/28 23:55:49 400 [debug]: [object Object]
22/06/28 23:55:49 401 [debug]: 프론트엔드가 접속했습니다. : ::ffff:192.168.0.7, 62184
22/06/28 23:55:49 401 [debug]: [object Object]
22/06/28 23:55:49 404 [debug]: 프론트엔드의 요청 >> [GET] /
22/06/28 23:55:49 551 [debug]: 프론트엔드의 요청 >> [GET] /favicon.ico
22/06/28 23:56:15 932 [debug]: 프론트엔드가 접속했습니다. : ::ffff:192.168.0.7, 62189
22/06/28 23:56:15 932 [debug]: [object Object]
22/06/28 23:56:15 933 [debug]: 프론트엔드의 요청 >> [GET] /sample.html
22/06/28 23:56:15 972 [debug]: 프론트엔드의 요청 >> [GET] /favicon.ico
22/06/28 23:56:17 739 [debug]: 프론트엔드가 접속했습니다. : ::1, 62190
22/06/28 23:56:17 739 [debug]: [object Object]
22/06/28 23:56:17 739 [debug]: 프론트엔드의 요청 >> [GET] /
22/06/28 23:56:18 261 [debug]: 프론트엔드의 요청 >> [POST] /
22/06/28 23:56:19 111 [debug]: 프론트엔드의 요청 >> [OPTIONS] /
22/06/28 23:56:19 112 [debug]: 프론트엔드가 접속했습니다. : ::1, 62191
22/06/28 23:56:19 112 [debug]: [object Object]
22/06/28 23:56:19 113 [debug]: 프론트엔드의 요청 >> [PUT] /
22/06/28 23:56:19 740 [debug]: 프론트엔드의 요청 >> [DELETE] /
22/06/28 23:56:21 469 [debug]: 프론트엔드가 접속했습니다. : ::1, 62192
22/06/28 23:56:21 469 [debug]: [object Object]
22/06/28 23:56:21 469 [debug]: 프론트엔드가 접속했습니다. : ::1, 62193
22/06/28 23:56:21 469 [debug]: [object Object]
22/06/28 23:56:21 470 [debug]: 프론트엔드의 요청 >> [GET] /
22/06/28 23:56:21 588 [debug]: 프론트엔드의 요청 >> [GET] /favicon.ico
22/06/28 23:56:29 224 [debug]: 프론트엔드가 접속했습니다. : ::ffff:192.168.0.7, 62195
22/06/28 23:56:29 224 [debug]: [object Object]
22/06/28 23:56:29 238 [debug]: 프론트엔드의 요청 >> [GET] /favicon.ico
22/06/28 23:56:53 614 [debug]: 프론트엔드가 접속했습니다. : ::ffff:192.168.0.7, 62196
22/06/28 23:56:53 614 [debug]: [object Object]
22/06/28 23:56:53 615 [debug]: 프론트엔드의 요청 >> [GET] /sample.html
22/06/28 23:56:53 654 [debug]: 프론트엔드의 요청 >> [GET] /favicon.ico
22/06/28 23:56:58 252 [debug]: 프론트엔드가 접속했습니다. : ::1, 62197
22/06/28 23:56:58 252 [debug]: [object Object]
22/06/28 23:56:58 253 [debug]: 프론트엔드의 요청 >> [GET] /
22/06/28 23:56:59 056 [debug]: 프론트엔드의 요청 >> [POST] /
22/06/28 23:56:59 814 [debug]: 프론트엔드의 요청 >> [OPTIONS] /
22/06/28 23:56:59 816 [debug]: 프론트엔드가 접속했습니다. : ::1, 62198
22/06/28 23:56:59 816 [debug]: [object Object]
22/06/28 23:56:59 816 [debug]: 프론트엔드의 요청 >> [PUT] /
22/06/28 23:57:00 651 [debug]: 프론트엔드의 요청 >> [DELETE] /
22/06/28 23:57:01 555 [debug]: 프론트엔드가 접속했습니다. : ::1, 62199
22/06/28 23:57:01 555 [debug]: [object Object]
22/06/28 23:57:01 556 [debug]: 프론트엔드의 요청 >> [GET] /
22/06/28 23:57:01 691 [debug]: 프론트엔드의 요청 >> [GET] /favicon.ico
22/06/28 23:58:53 994 [debug]: 3217번 포트에서 백엔드가 구동되었습니다.
22/06/28 23:58:53 995 [debug]: - - - - - - - - - - - - - - - - - - -
22/06/28 23:58:53 995 [debug]: http://192.168.0.7:3217
