22/06/29 00:24:46 617 [debug]: 3217번 포트에서 백엔드가 구동되었습니다.
22/06/29 00:24:46 618 [debug]: - - - - - - - - - - - - - - - - - - -
22/06/29 00:24:46 618 [debug]: http://192.168.0.7:3217
22/06/29 00:24:56 961 [debug]: 프론트엔드가 접속했습니다. : ::ffff:192.168.0.7, 62251
22/06/29 00:24:56 962 [debug]: [object Object]
22/06/29 00:24:56 963 [debug]: 프론트엔드가 접속했습니다. : ::ffff:192.168.0.7, 62252
22/06/29 00:24:56 963 [debug]: [object Object]
22/06/29 00:24:56 965 [debug]: 프론트엔드의 요청 >> [GET] /
22/06/29 00:24:57 137 [debug]: 프론트엔드의 요청 >> [GET] /favicon.ico
22/06/29 00:25:12 665 [debug]: 프론트엔드가 접속했습니다. : ::ffff:192.168.0.7, 62255
22/06/29 00:25:12 665 [debug]: [object Object]
22/06/29 00:25:12 665 [debug]: 프론트엔드의 요청 >> [GET] /sample.html
22/06/29 00:25:12 718 [debug]: 프론트엔드의 요청 >> [GET] /favicon.ico
22/06/29 00:25:34 825 [debug]: 프론트엔드가 접속했습니다. : ::1, 62257
22/06/29 00:25:34 826 [debug]: [object Object]
22/06/29 00:25:34 826 [debug]: 프론트엔드의 요청 >> [GET] /
22/06/29 00:25:35 374 [debug]: 프론트엔드의 요청 >> [POST] /
22/06/29 00:25:35 808 [debug]: 프론트엔드의 요청 >> [OPTIONS] /
22/06/29 00:25:35 809 [debug]: 프론트엔드가 접속했습니다. : ::1, 62258
22/06/29 00:25:35 810 [debug]: [object Object]
22/06/29 00:25:35 810 [debug]: 프론트엔드의 요청 >> [PUT] /
22/06/29 00:25:36 265 [debug]: 프론트엔드의 요청 >> [DELETE] /
